[1m[33mOption "browserTarget" is deprecated: Use 'buildTarget' instead.[39m[22m
[36mâ ‹[39m Generating browser application bundles (phase: setup)...[2K[1G[36mâ ™[39m Generating browser application bundles (phase: setup)...[2K[1G[36mâ ¹[39m Generating browser application bundles (phase: building)...[2K[1G[36mâ ¸[39m Generating browser application bundles (phase: building)...[2K[1G[36mâ ¼[39m Generating browser application bundles (phase: building)...[2K[1G[36mâ ´[39m Generating browser application bundles (phase: building)...[2K[1G[36mâ ¦[39m Generating browser application bundles (phase: building)...[2K[1G[36mâ §[39m Generating browser application bundles (phase: building)...[2K[1G[36mâ ‡[39m Generating browser application bundles (phase: building)...[2K[1G[36mâ [39m Generating browser application bundles (phase: building)...[2K[1G[36mâ ‹[39m Generating browser application bundles (phase: building)...[2K[1G[36mâ ™[39m Generating browser application bundles (phase: building)...[2K[1G[36mâ ¹[39m Generating browser application bundles (phase: building)...[2K[1G[36mâ ¸[39m Generating browser application bundles (phase: building)...[2K[1G[36mâ ¼[39m Generating browser application bundles (phase: building)...[2K[1G[36mâ ´[39m Generating browser application bundles (phase: building)...[2K[1G[36mâ ¦[39m Generating browser application bundles (phase: building)...[2K[1G[36mâ §[39m Generating browser application bundles (phase: building)...[2K[1G[36mâ ‡[39m Generating browser application bundles (phase: building)...[2K[1G[36mâ [39m Generating browser application bundles (phase: building)...[2K[1G[36mâ ‹[39m Generating browser application bundles (phase: building)...[2K[1G[36mâ ™[39m Generating browser application bundles (phase: building)...[2K[1G[36mâ ¹[39m Generating browser application bundles (phase: building)...[2K[1G[36mâ ¸[39m Generating browser application bundles (phase: building)...[2K[1G[36mâ ¼[39m Generating browser application bundles (phase: building)...[2K[1G[36mâ ´[39m Generating browser application bundles (phase: building)...[2K[1G[36mâ ¦[39m Generating browser application bundles (phase: building)...[2K[1G[36mâ §[39m Generating browser application bundles (phase: building)...[2K[1G[36mâ ‡[39m Generating browser application bundles (phase: building)...[2K[1G[36mâ [39m Generating browser application bundles (phase: building)...[2K[1G[36mâ ‹[39m Generating browser application bundles (phase: building)...[2K[1G[36mâ ™[39m Generating browser application bundles (phase: building)...[2K[1G[36mâ ¹[39m Generating browser application bundles (phase: building)...[2K[1G[36mâ ¸[39m Generating browser application bundles (phase: building)...[2K[1G[36mâ ¼[39m Generating browser application bundles (phase: building)...[2K[1G[36mâ ´[39m Generating browser application bundles (phase: building)...[2K[1G[36mâ ¦[39m Generating browser application bundles (phase: building)...[2K[1G[36mâ §[39m Generating browser application bundles (phase: building)...[2K[1G[36mâ ‡[39m Generating browser application bundles (phase: building)...[2K[1G[36mâ [39m Generating browser application bundles (phase: building)...[2K[1G[36mâ ‹[39m Generating browser application bundles (phase: building)...[2K[1G[36mâ ™[39m Generating browser application bundles (phase: building)...[2K[1G[36mâ ¹[39m Generating browser application bundles (phase: building)...[2K[1G[36mâ ¸[39m Generating browser application bundles (phase: building)...[2K[1G[36mâ ¼[39m Generating browser application bundles (phase: building)...[2K[1G[36mâ ´[39m Generating browser application bundles (phase: building)...[2K[1G[36mâ ¦[39m Generating browser application bundles (phase: building)...[2K[1G[36mâ §[39m Generating browser application bundles (phase: building)...[2K[1G[36mâ ‡[39m Generating browser application bundles (phase: building)...[2K[1G[36mâ [39m Generating browser application bundles (phase: building)...[2K[1G[36mâ ‹[39m Generating browser application bundles (phase: building)...[2K[1G[36mâ ™[39m Generating browser application bundles (phase: building)...[2K[1G[36mâ ¹[39m Generating browser application bundles (phase: building)...[2K[1G[36mâ ¸[39m Generating browser application bundles (phase: building)...[2K[1G[36mâ ¼[39m Generating browser application bundles (phase: building)...[2K[1G[36mâ ´[39m Generating browser application bundles (phase: building)...[2K[1G[36mâ ¦[39m Generating browser application bundles (phase: building)...[2K[1G[36mâ §[39m Generating browser application bundles (phase: building)...[2K[1G[36mâ ‡[39m Generating browser application bundles (phase: building)...[2K[1G[36mâ [39m Generating browser application bundles (phase: building)...[2K[1G[36mâ ‹[39m Generating browser application bundles (phase: building)...[2K[1G[36mâ ™[39m Generating browser application bundles (phase: building)...[2K[1G[36mâ ¹[39m Generating browser application bundles (phase: building)...[2K[1G[36mâ ¸[39m Generating browser application bundles (phase: building)...[2K[1G[36mâ ¼[39m Generating browser application bundles (phase: building)...[2K[1G[36mâ ´[39m Generating browser application bundles (phase: building)...[2K[1G[36mâ ¦[39m Generating browser application bundles (phase: building)...[2K[1G[36mâ §[39m Generating browser application bundles (phase: building)...[2K[1G[36mâ ‡[39m Generating browser application bundles (phase: building)...[2K[1G[36mâ [39m Generating browser application bundles (phase: building)...[2K[1G[36mâ ‹[39m Generating browser application bundles (phase: building)...[2K[1G[36mâ ™[39m Generating browser application bundles (phase: building)...[2K[1G[36mâ ¹[39m Generating browser application bundles (phase: building)...[2K[1G[36mâ ¸[39m Generating browser application bundles (phase: building)...[2K[1G[36mâ ¼[39m Generating browser application bundles (phase: building)...[2K[1G[36mâ ´[39m Generating browser application bundles (phase: building)...[2K[1G[36mâ ¦[39m Generating browser application bundles (phase: building)...[2K[1G[36mâ §[39m Generating browser application bundles (phase: building)...[2K[1G[36mâ ‡[39m Generating browser application bundles (phase: building)...[2K[1G[36mâ [39m Generating browser application bundles (phase: building)...[2K[1G[36mâ ‹[39m Generating browser application bundles (phase: building)...[2K[1G[36mâ ™[39m Generating browser application bundles (phase: building)...[2K[1G[36mâ ¹[39m Generating browser application bundles (phase: building)...[2K[1G[36mâ ¸[39m Generating browser application bundles (phase: building)...[2K[1G[36mâ ¼[39m Generating browser application bundles (phase: building)...[2K[1G[36mâ ´[39m Generating browser application bundles (phase: building)...[2K[1G[36mâ ¦[39m Generating browser application bundles (phase: building)...[2K[1G[36mâ §[39m Generating browser application bundles (phase: building)...[2K[1G[36mâ ‡[39m Generating browser application bundles (phase: building)...[2K[1G[36mâ [39m Generating browser application bundles (phase: building)...[2K[1G[36mâ ‹[39m Generating browser application bundles (phase: building)...[2K[1G[36mâ ™[39m Generating browser application bundles (phase: building)...[2K[1G[36mâ ¹[39m Generating browser application bundles (phase: building)...[2K[1G[36mâ ¸[39m Generating browser application bundles (phase: building)...[2K[1G[36mâ ¼[39m Generating browser application bundles (phase: building)...[2K[1G[36mâ ´[39m Generating browser application bundles (phase: sealing)...[2K[1G[36mâ ¦[39m Generating browser application bundles (phase: sealing)...[2K[1G[36mâ §[39m Generating browser application bundles (phase: sealing)...[2K[1G[36mâ ‡[39m Generating browser application bundles (phase: sealing)...[2K[1G[36mâ [39m Generating browser application bundles (phase: sealing)...[2K[1G[36mâ ‹[39m Generating browser application bundles (phase: sealing)...[2K[1G[36mâ ™[39m Generating browser application bundles (phase: sealing)...[2K[1G[36mâ ¹[39m Generating browser application bundles (phase: sealing)...[2K[1G[36mâ ¸[39m Generating browser application bundles (phase: sealing)...[2K[1G[36mâ ¼[39m Generating browser application bundles (phase: sealing)...[2K[1G[36mâ ´[39m Generating browser application bundles (phase: sealing)...[2K[1G[36mâ ¦[39m Generating browser application bundles (phase: sealing)...[2K[1G[36mâ §[39m Generating browser application bundles (phase: sealing)...[2K[1G[36mâ ‡[39m Generating browser application bundles (phase: sealing)...[2K[1G[32mâœ”[39m Browser application bundle generation complete.
[37m[39m
[37m[0m[1mInitial Chunk Files[22m            [2m | [22m[1mNames[22m        [2m | [22m [1mRaw Size[22m[0m[39m
[37m[0m[92mvendor.js[39m[37m                      [2m | [22mvendor       [2m | [22m  [96m3.47 MB[39m[37m[2m | [22m[0m[39m
[37m[0m[92mpolyfills.js[39m[37m                   [2m | [22mpolyfills    [2m | [22m[96m333.05 kB[39m[37m[2m | [22m[0m[39m
[37m[0m[92mstyles.css, styles.js[39m[37m          [2m | [22mstyles       [2m | [22m[96m308.77 kB[39m[37m[2m | [22m[0m[39m
[37m[0m[92mmain.js[39m[37m                        [2m | [22mmain         [2m | [22m [96m38.36 kB[39m[37m[2m | [22m[0m[39m
[37m[0m[92mruntime.js[39m[37m                     [2m | [22mruntime      [2m | [22m [96m12.62 kB[39m[37m[2m | [22m[0m[39m
[37m[0m[0m[39m
[37m[0m[1m [22m                              [2m | [22m[1mInitial Total[22m[2m | [22m  [1m4.14 MB[22m[0m[39m
[37m[0m[0m[39m
[37m[0m[1mLazy Chunk Files[22m               [2m | [22m[1mNames[22m        [2m | [22m [1mRaw Size[22m[0m[39m
[37m[0m[92mlibs_users_home_src_index_ts.js[39m[37m[2m | [22musers-home   [2m | [22m[96m619.05 kB[39m[37m[2m | [22m[0m[39m
[37m[0m[0m[39m
[37m[0mBuild at: [1m[37m2023-11-30T09:24:31.630Z[39m[37m[22m - Hash: [1m[37m1e88062405b86eb0[39m[37m[22m - Time: [1m[37m44630[39m[37m[22mms[0m[39m
[1m[31m[39m[22m
[1m[31m[0m[91mError: [39m[31m[0m[96mlibs/users/users/feature-users-list/src/lib/users-list-container/users-list-container.store.ts[0m:[93m54[0m:[93m16[0m - [91merror[0m[90m TS2551: [0mProperty 'users' does not exist on type 'UsersListContainerStore'. Did you mean 'users$'?[39m[22m
[1m[31m[39m[22m
[1m[31m[7m54[0m           this.users.map((user) => usersVMAdapter.entityToVM(user));[39m[22m
[1m[31m[7m  [0m [91m               ~~~~~[0m[39m[22m
[1m[31m[39m[22m
[1m[31m  [96mlibs/users/users/feature-users-list/src/lib/users-list-container/users-list-container.store.ts[0m:[93m23[0m:[93m19[0m[39m[22m
[1m[31m    [7m23[0m   public readonly users$ = this.select((state) => state.users);[39m[22m
[1m[31m    [7m  [0m [96m                  ~~~~~~[0m[39m[22m
[1m[31m    'users$' is declared here.[39m[22m
[1m[31m[39m[22m
[1m[31m[39m[22m
[1m[31m[0m[91mError: [39m[31m[0m[96mlibs/users/users/feature-users-list/src/lib/users-list-container/users-list-container.store.ts[0m:[93m54[0m:[93m27[0m - [91merror[0m[90m TS7006: [0mParameter 'user' implicitly has an 'any' type.[39m[22m
[1m[31m[39m[22m
[1m[31m[7m54[0m           this.users.map((user) => usersVMAdapter.entityToVM(user));[39m[22m
[1m[31m[7m  [0m [91m                          ~~~~[0m[39m[22m
[1m[31m[39m[22m
[1m[31m[39m[22m
[1m[31m[39m[22m
[37m[39m
[37m** Angular Live Development Server is listening on localhost:4200, open your browser on http://localhost:4200/ **[39m
[37m[39m
[37m[39m
[37m[91mÃ—[39m[37m Failed to compile.[39m
[36mâ ‹[39m Generating browser application bundles...[2K[1G[36mâ ™[39m Generating browser application bundles (phase: building)...[2K[1G[36mâ ¹[39m Generating browser application bundles (phase: building)...[2K[1G[36mâ ¸[39m Generating browser application bundles (phase: building)...[2K[1G[36mâ ¼[39m Generating browser application bundles (phase: building)...[2K[1G[36mâ ´[39m Generating browser application bundles (phase: building)...[2K[1G[36mâ ¦[39m Generating browser application bundles (phase: building)...[2K[1G[36mâ §[39m Generating browser application bundles (phase: building)...[2K[1G[36mâ ‡[39m Generating browser application bundles (phase: building)...[2K[1G[36mâ [39m Generating browser application bundles (phase: building)...[2K[1G[36mâ ‹[39m Generating browser application bundles (phase: building)...[2K[1G[36mâ ™[39m Generating browser application bundles (phase: building)...[2K[1G[36mâ ¹[39m Generating browser application bundles (phase: building)...[2K[1G[36mâ ¸[39m Generating browser application bundles (phase: building)...[2K[1G[36mâ ¼[39m Generating browser application bundles (phase: building)...[2K[1G[36mâ ´[39m Generating browser application bundles (phase: building)...[2K[1G[36mâ ¦[39m Generating browser application bundles (phase: building)...[2K[1G[36mâ §[39m Generating browser application bundles (phase: building)...[2K[1G[36mâ ‡[39m Generating browser application bundles (phase: building)...[2K[1G[36mâ [39m Generating browser application bundles (phase: building)...[2K[1G[36mâ ‹[39m Generating browser application bundles (phase: building)...[2K[1G[36mâ ™[39m Generating browser application bundles (phase: building)...[2K[1G[36mâ ¹[39m Generating browser application bundles (phase: building)...[2K[1G[36mâ ¸[39m Generating browser application bundles (phase: building)...[2K[1G[36mâ ¼[39m Generating browser application bundles (phase: building)...[2K[1G[36mâ ´[39m Generating browser application bundles (phase: building)...[2K[1G[36mâ ¦[39m Generating browser application bundles (phase: building)...[2K[1G[36mâ §[39m Generating browser application bundles (phase: building)...[2K[1G[36mâ ‡[39m Generating browser application bundles (phase: building)...[2K[1G[36mâ [39m Generating browser application bundles (phase: building)...[2K[1G[36mâ ‹[39m Generating browser application bundles (phase: building)...[2K[1G[36mâ ™[39m Generating browser application bundles (phase: building)...[2K[1G[36mâ ¹[39m Generating browser application bundles (phase: building)...[2K[1G[36mâ ¸[39m Generating browser application bundles (phase: building)...[2K[1G[36mâ ¼[39m Generating browser application bundles (phase: building)...[2K[1G[36mâ ´[39m Generating browser application bundles (phase: building)...[2K[1G[36mâ ¦[39m Generating browser application bundles (phase: building)...[2K[1G[36mâ §[39m Generating browser application bundles (phase: building)...[2K[1G[36mâ ‡[39m Generating browser application bundles (phase: building)...[2K[1G[36mâ [39m Generating browser application bundles (phase: building)...[2K[1G[36mâ ‹[39m Generating browser application bundles (phase: building)...[2K[1G[36mâ ™[39m Generating browser application bundles (phase: building)...[2K[1G[36mâ ¹[39m Generating browser application bundles (phase: building)...[2K[1G[36mâ ¸[39m Generating browser application bundles (phase: building)...[2K[1G[36mâ ¼[39m Generating browser application bundles (phase: building)...[2K[1G[36mâ ´[39m Generating browser application bundles (phase: building)...[2K[1G[36mâ ¦[39m Generating browser application bundles (phase: building)...[2K[1G[36mâ §[39m Generating browser application bundles (phase: building)...[2K[1G[36mâ ‡[39m Generating browser application bundles (phase: building)...[2K[1G[36mâ [39m Generating browser application bundles (phase: building)...[2K[1G[36mâ ‹[39m Generating browser application bundles (phase: building)...[2K[1G[36mâ ™[39m Generating browser application bundles (phase: building)...[2K[1G[36mâ ¹[39m Generating browser application bundles (phase: building)...[2K[1G[36mâ ¸[39m Generating browser application bundles (phase: building)...[2K[1G[36mâ ¼[39m Generating browser application bundles (phase: building)...[2K[1G[36mâ ´[39m Generating browser application bundles (phase: building)...[2K[1G[36mâ ¦[39m Generating browser application bundles (phase: building)...[2K[1G[36mâ §[39m Generating browser application bundles (phase: building)...[2K[1G[36mâ ‡[39m Generating browser application bundles (phase: building)...[2K[1G[36mâ [39m Generating browser application bundles (phase: building)...[2K[1G[36mâ ‹[39m Generating browser application bundles (phase: building)...[2K[1G[36mâ ™[39m Generating browser application bundles (phase: building)...[2K[1G[36mâ ¹[39m Generating browser application bundles (phase: building)...[2K[1G[36mâ ¸[39m Generating browser application bundles (phase: building)...[2K[1G[36mâ ¼[39m Generating browser application bundles (phase: building)...[2K[1G[36mâ ´[39m Generating browser application bundles (phase: building)...[2K[1G[36mâ ¦[39m Generating browser application bundles (phase: building)...[2K[1G[36mâ §[39m Generating browser application bundles (phase: building)...[2K[1G[36mâ ‡[39m Generating browser application bundles (phase: building)...[2K[1G[36mâ [39m Generating browser application bundles (phase: building)...[2K[1G[36mâ ‹[39m Generating browser application bundles (phase: building)...[2K[1G[36mâ ™[39m Generating browser application bundles (phase: building)...[2K[1G[36mâ ¹[39m Generating browser application bundles (phase: building)...[2K[1G[36mâ ¸[39m Generating browser application bundles (phase: building)...[2K[1G[36mâ ¼[39m Generating browser application bundles (phase: building)...[2K[1G[36mâ ´[39m Generating browser application bundles (phase: building)...[2K[1G[36mâ ¦[39m Generating browser application bundles (phase: building)...[2K[1G[36mâ §[39m Generating browser application bundles (phase: building)...[2K[1G[36mâ ‡[39m Generating browser application bundles (phase: building)...[2K[1G[36mâ [39m Generating browser application bundles (phase: building)...[2K[1G[36mâ ‹[39m Generating browser application bundles (phase: building)...[2K[1G[36mâ ™[39m Generating browser application bundles (phase: building)...[2K[1G[36mâ ¹[39m Generating browser application bundles (phase: building)...[2K[1G[36mâ ¸[39m Generating browser application bundles (phase: building)...[2K[1G[36mâ ¼[39m Generating browser application bundles (phase: building)...[2K[1G[36mâ ´[39m Generating browser application bundles (phase: building)...[2K[1G[36mâ ¦[39m Generating browser application bundles (phase: building)...[2K[1G[36mâ §[39m Generating browser application bundles (phase: building)...[2K[1G[36mâ ‡[39m Generating browser application bundles (phase: building)...[2K[1G[36mâ [39m Generating browser application bundles (phase: building)...[2K[1G[36mâ ‹[39m Generating browser application bundles (phase: building)...[2K[1G[36mâ ™[39m Generating browser application bundles (phase: building)...[2K[1G[36mâ ¹[39m Generating browser application bundles (phase: building)...[2K[1G[36mâ ¸[39m Generating browser application bundles (phase: building)...[2K[1G[36mâ ¼[39m Generating browser application bundles (phase: building)...[2K[1G[36mâ ´[39m Generating browser application bundles (phase: building)...[2K[1G[36mâ ¦[39m Generating browser application bundles (phase: building)...[2K[1G[36mâ §[39m Generating browser application bundles (phase: building)...[2K[1G[36mâ ‡[39m Generating browser application bundles (phase: building)...[2K[1G[36mâ [39m Generating browser application bundles (phase: building)...[2K[1G[36mâ ‹[39m Generating browser application bundles (phase: building)...[2K[1G[36mâ ™[39m Generating browser application bundles (phase: building)...[2K[1G[36mâ ¹[39m Generating browser application bundles (phase: building)...[2K[1G[36mâ ¸[39m Generating browser application bundles (phase: building)...[2K[1G[36mâ ¼[39m Generating browser application bundles (phase: building)...[2K[1G[36mâ ´[39m Generating browser application bundles (phase: building)...[2K[1G[36mâ ¦[39m Generating browser application bundles (phase: building)...[2K[1G[36mâ §[39m Generating browser application bundles (phase: building)...[2K[1G[36mâ ‡[39m Generating browser application bundles (phase: building)...[2K[1G[36mâ [39m Generating browser application bundles (phase: building)...[2K[1G[36mâ ‹[39m Generating browser application bundles (phase: building)...[2K[1G[36mâ ™[39m Generating browser application bundles (phase: building)...[2K[1G[36mâ ¹[39m Generating browser application bundles (phase: building)...[2K[1G[36mâ ¸[39m Generating browser application bundles (phase: building)...[2K[1G[36mâ ¼[39m Generating browser application bundles (phase: building)...[2K[1G[36mâ ´[39m Generating browser application bundles (phase: building)...[2K[1G[36mâ ¦[39m Generating browser application bundles (phase: building)...[2K[1G[36mâ §[39m Generating browser application bundles (phase: building)...[2K[1G[36mâ ‡[39m Generating browser application bundles (phase: building)...[2K[1G[36mâ [39m Generating browser application bundles (phase: building)...[2K[1G[36mâ ‹[39m Generating browser application bundles (phase: building)...[2K[1G[36mâ ™[39m Generating browser application bundles (phase: building)...[2K[1G[36mâ ¹[39m Generating browser application bundles (phase: building)...[2K[1G[36mâ ¸[39m Generating browser application bundles (phase: building)...[2K[1G[36mâ ¼[39m Generating browser application bundles (phase: building)...[2K[1G[36mâ ´[39m Generating browser application bundles (phase: building)...[2K[1G[36mâ ¦[39m Generating browser application bundles (phase: building)...[2K[1G[36mâ §[39m Generating browser application bundles (phase: building)...[2K[1G[36mâ ‡[39m Generating browser application bundles (phase: building)...[2K[1G[36mâ [39m Generating browser application bundles (phase: building)...[2K[1G[36mâ ‹[39m Generating browser application bundles (phase: building)...[2K[1G[36mâ ™[39m Generating browser application bundles (phase: building)...[2K[1G[36mâ ¹[39m Generating browser application bundles (phase: building)...[2K[1G[36mâ ¸[39m Generating browser application bundles (phase: building)...[2K[1G[36mâ ¼[39m Generating browser application bundles (phase: building)...[2K[1G[36mâ ´[39m Generating browser application bundles (phase: building)...[2K[1G[36mâ ¦[39m Generating browser application bundles (phase: building)...[2K[1G[36mâ §[39m Generating browser application bundles (phase: building)...[2K[1G[36mâ ‡[39m Generating browser application bundles (phase: building)...[2K[1G[36mâ [39m Generating browser application bundles (phase: building)...[2K[1G[36mâ ‹[39m Generating browser application bundles (phase: building)...[2K[1G[36mâ ™[39m Generating browser application bundles (phase: building)...[2K[1G[36mâ ¹[39m Generating browser application bundles (phase: building)...[2K[1G[36mâ ¸[39m Generating browser application bundles (phase: building)...[2K[1G[36mâ ¼[39m Generating browser application bundles (phase: building)...[2K[1G[36mâ ´[39m Generating browser application bundles (phase: building)...[2K[1G[36mâ ¦[39m Generating browser application bundles (phase: building)...[2K[1G[36mâ §[39m Generating browser application bundles (phase: building)...[2K[1G[36mâ ‡[39m Generating browser application bundles (phase: building)...[2K[1G[36mâ [39m Generating browser application bundles (phase: building)...[2K[1G[36mâ ‹[39m Generating browser application bundles (phase: building)...[2K[1G[36mâ ™[39m Generating browser application bundles (phase: building)...[2K[1G[36mâ ¹[39m Generating browser application bundles (phase: building)...[2K[1G[36mâ ¸[39m Generating browser application bundles (phase: building)...[2K[1G[36mâ ¼[39m Generating browser application bundles (phase: building)...[2K[1G[36mâ ´[39m Generating browser application bundles (phase: building)...[2K[1G[36mâ ¦[39m Generating browser application bundles (phase: building)...[2K[1G[36mâ §[39m Generating browser application bundles (phase: building)...[2K[1G[36mâ ‡[39m Generating browser application bundles (phase: building)...[2K[1G[36mâ [39m Generating browser application bundles (phase: building)...[2K[1G[36mâ ‹[39m Generating browser application bundles (phase: building)...[2K[1G[36mâ ™[39m Generating browser application bundles (phase: building)...[2K[1G[36mâ ¹[39m Generating browser application bundles (phase: building)...[2K[1G[36mâ ¸[39m Generating browser application bundles (phase: building)...[2K[1G[36mâ ¼[39m Generating browser application bundles (phase: building)...[2K[1G[36mâ ´[39m Generating browser application bundles (phase: building)...[2K[1G[36mâ ¦[39m Generating browser application bundles (phase: building)...[2K[1G[36mâ §[39m Generating browser application bundles (phase: building)...[2K[1G[36mâ ‡[39m Generating browser application bundles (phase: building)...[2K[1G[36mâ [39m Generating browser application bundles (phase: building)...[2K[1G[36mâ ‹[39m Generating browser application bundles (phase: building)...[2K[1G[36mâ ™[39m Generating browser application bundles (phase: building)...[2K[1G[36mâ ¹[39m Generating browser application bundles (phase: building)...[2K[1G[36mâ ¸[39m Generating browser application bundles (phase: building)...[2K[1G[36mâ ¼[39m Generating browser application bundles (phase: building)...[2K[1G[36mâ ´[39m Generating browser application bundles (phase: building)...[2K[1G[36mâ ¦[39m Generating browser application bundles (phase: building)...[2K[1G[36mâ §[39m Generating browser application bundles (phase: building)...[2K[1G[36mâ ‡[39m Generating browser application bundles (phase: building)...[2K[1G[36mâ [39m Generating browser application bundles (phase: building)...[2K[1G[36mâ ‹[39m Generating browser application bundles (phase: building)...[2K[1G[36mâ ™[39m Generating browser application bundles (phase: building)...[2K[1G[36mâ ¹[39m Generating browser application bundles (phase: building)...[2K[1G[36mâ ¸[39m Generating browser application bundles (phase: building)...[2K[1G[36mâ ¼[39m Generating browser application bundles (phase: building)...[2K[1G[36mâ ´[39m Generating browser application bundles (phase: building)...[2K[1G[36mâ ¦[39m Generating browser application bundles (phase: building)...[2K[1G[36mâ §[39m Generating browser application bundles (phase: building)...[2K[1G[36mâ ‡[39m Generating browser application bundles (phase: building)...[2K[1G[36mâ [39m Generating browser application bundles (phase: building)...[2K[1G[36mâ ‹[39m Generating browser application bundles (phase: building)...[2K[1G[36mâ ™[39m Generating browser application bundles (phase: building)...[2K[1G[36mâ ¹[39m Generating browser application bundles (phase: building)...[2K[1G[36mâ ¸[39m Generating browser application bundles (phase: sealing)...[2K[1G[32mâœ”[39m Browser application bundle generation complete.
[37m[39m
[37m[0m6 unchanged chunks[0m[39m
[37m[0m[0m[39m
[37m[0mBuild at: [1m[37m2023-11-30T09:24:52.090Z[39m[37m[22m - Hash: [1m[37m1e88062405b86eb0[39m[37m[22m - Time: [1m[37m18815[39m[37m[22mms[0m[39m
[1m[31m[39m[22m
[1m[31m[0m[91mError: [39m[31m[0m[96mlibs/users/users/feature-users-list/src/lib/users-list-container/users-list-container.store.ts[0m:[93m54[0m:[93m16[0m - [91merror[0m[90m TS2551: [0mProperty 'users' does not exist on type 'UsersListContainerStore'. Did you mean 'users$'?[39m[22m
[1m[31m[39m[22m
[1m[31m[7m54[0m           this.users.map((user) => usersVMAdapter.entityToVM(user));[39m[22m
[1m[31m[7m  [0m [91m               ~~~~~[0m[39m[22m
[1m[31m[39m[22m
[1m[31m  [96mlibs/users/users/feature-users-list/src/lib/users-list-container/users-list-container.store.ts[0m:[93m23[0m:[93m19[0m[39m[22m
[1m[31m    [7m23[0m   public readonly users$ = this.select((state) => state.users);[39m[22m
[1m[31m    [7m  [0m [96m                  ~~~~~~[0m[39m[22m
[1m[31m    'users$' is declared here.[39m[22m
[1m[31m[39m[22m
[1m[31m[39m[22m
[1m[31m[0m[91mError: [39m[31m[0m[96mlibs/users/users/feature-users-list/src/lib/users-list-container/users-list-container.store.ts[0m:[93m54[0m:[93m27[0m - [91merror[0m[90m TS7006: [0mParameter 'user' implicitly has an 'any' type.[39m[22m
[1m[31m[39m[22m
[1m[31m[7m54[0m           this.users.map((user) => usersVMAdapter.entityToVM(user));[39m[22m
[1m[31m[7m  [0m [91m                          ~~~~[0m[39m[22m
[1m[31m[39m[22m
[1m[31m[39m[22m
[1m[31m[39m[22m
[37m[39m
[37m[91mÃ—[39m[37m Failed to compile.[39m
[36mâ ‹[39m Generating browser application bundles...[2K[1G[36mâ ™[39m Generating browser application bundles (phase: building)...[2K[1G[36mâ ¹[39m Generating browser application bundles (phase: building)...[2K[1G[36mâ ¸[39m Generating browser application bundles (phase: building)...[2K[1G[36mâ ¼[39m Generating browser application bundles (phase: building)...[2K[1G[36mâ ´[39m Generating browser application bundles (phase: building)...[2K[1G[36mâ ¦[39m Generating browser application bundles (phase: building)...[2K[1G[36mâ §[39m Generating browser application bundles (phase: building)...[2K[1G[36mâ ‡[39m Generating browser application bundles (phase: building)...[2K[1G[36mâ [39m Generating browser application bundles (phase: building)...[2K[1G[36mâ ‹[39m Generating browser application bundles (phase: building)...[2K[1G[36mâ ™[39m Generating browser application bundles (phase: building)...[2K[1G[36mâ ¹[39m Generating browser application bundles (phase: building)...[2K[1G[36mâ ¸[39m Generating browser application bundles (phase: building)...[2K[1G[36mâ ¼[39m Generating browser application bundles (phase: building)...[2K[1G[36mâ ´[39m Generating browser application bundles (phase: building)...[2K[1G[36mâ ¦[39m Generating browser application bundles (phase: building)...[2K[1G[36mâ §[39m Generating browser application bundles (phase: building)...[2K[1G[36mâ ‡[39m Generating browser application bundles (phase: building)...[2K[1G[36mâ [39m Generating browser application bundles (phase: sealing)...[2K[1G[36mâ ‹[39m Generating browser application bundles (phase: emitting)...[2K[1G[36mâ ™[39m Generating browser application bundles (phase: emitting)...[2K[1G[32mâœ”[39m Browser application bundle generation complete.
[37m[39m
[37m[0m[1mInitial Chunk Files[22m            [2m | [22m[1mNames[22m     [2m | [22m [1mRaw Size[22m[0m[39m
[37m[0m[92mruntime.js[39m[37m                     [2m | [22mruntime   [2m | [22m [96m12.62 kB[39m[37m[2m | [22m[0m[39m
[37m[0m[0m[39m
[37m[0m[1mLazy Chunk Files[22m               [2m | [22m[1mNames[22m     [2m | [22m [1mRaw Size[22m[0m[39m
[37m[0m[92mlibs_users_home_src_index_ts.js[39m[37m[2m | [22musers-home[2m | [22m[96m619.05 kB[39m[37m[2m | [22m[0m[39m
[37m[0m[0m[39m
[37m[0m4 unchanged chunks[0m[39m
[37m[0m[0m[39m
[37m[0mBuild at: [1m[37m2023-11-30T09:25:54.933Z[39m[37m[22m - Hash: [1m[37mbffdf22f36329d66[39m[37m[22m - Time: [1m[37m4394[39m[37m[22mms[0m[39m
[37m[39m
[37m[92mâˆš[39m[37m Compiled successfully.[39m
[36mâ ‹[39m Generating browser application bundles...[2K[1G[36mâ ™[39m Generating browser application bundles (phase: building)...[2K[1G[36mâ ¹[39m Generating browser application bundles (phase: building)...[2K[1G[36mâ ¸[39m Generating browser application bundles (phase: sealing)...[2K[1G[32mâœ”[39m Browser application bundle generation complete.
[37m[39m
[37m[0m[1mInitial Chunk Files[22m            [2m | [22m[1mNames[22m     [2m | [22m [1mRaw Size[22m[0m[39m
[37m[0m[92mruntime.js[39m[37m                     [2m | [22mruntime   [2m | [22m [96m12.62 kB[39m[37m[2m | [22m[0m[39m
[37m[0m[0m[39m
[37m[0m[1mLazy Chunk Files[22m               [2m | [22m[1mNames[22m     [2m | [22m [1mRaw Size[22m[0m[39m
[37m[0m[92mlibs_users_home_src_index_ts.js[39m[37m[2m | [22musers-home[2m | [22m[96m619.05 kB[39m[37m[2m | [22m[0m[39m
[37m[0m[0m[39m
[37m[0m4 unchanged chunks[0m[39m
[37m[0m[0m[39m
[37m[0mBuild at: [1m[37m2023-11-30T09:26:03.697Z[39m[37m[22m - Hash: [1m[37m632604d95603ce7e[39m[37m[22m - Time: [1m[37m1206[39m[37m[22mms[0m[39m
[1m[31m[39m[22m
[1m[31m[0m[91mError: [39m[31m[0m[96mlibs/users/users/feature-users-list/src/lib/users-list-container/users-list-container.store.ts[0m:[93m54[0m:[93m16[0m - [91merror[0m[90m TS2551: [0mProperty 'users' does not exist on type 'UsersListContainerStore'. Did you mean 'users$'?[39m[22m
[1m[31m[39m[22m
[1m[31m[7m54[0m           this.users.map((user) => usersVMAdapter.entityToVM(user));[39m[22m
[1m[31m[7m  [0m [91m               ~~~~~[0m[39m[22m
[1m[31m[39m[22m
[1m[31m  [96mlibs/users/users/feature-users-list/src/lib/users-list-container/users-list-container.store.ts[0m:[93m23[0m:[93m19[0m[39m[22m
[1m[31m    [7m23[0m   public readonly users$ = this.select((state) => state.users);[39m[22m
[1m[31m    [7m  [0m [96m                  ~~~~~~[0m[39m[22m
[1m[31m    'users$' is declared here.[39m[22m
[1m[31m[39m[22m
[1m[31m[39m[22m
[1m[31m[0m[91mError: [39m[31m[0m[96mlibs/users/users/feature-users-list/src/lib/users-list-container/users-list-container.store.ts[0m:[93m54[0m:[93m27[0m - [91merror[0m[90m TS7006: [0mParameter 'user' implicitly has an 'any' type.[39m[22m
[1m[31m[39m[22m
[1m[31m[7m54[0m           this.users.map((user) => usersVMAdapter.entityToVM(user));[39m[22m
[1m[31m[7m  [0m [91m                          ~~~~[0m[39m[22m
[1m[31m[39m[22m
[1m[31m[39m[22m
[1m[31m[39m[22m
[37m[39m
[37m[91mÃ—[39m[37m Failed to compile.[39m
[36mâ ‹[39m Generating browser application bundles...[2K[1G[36mâ ™[39m Generating browser application bundles (phase: building)...[2K[1G[36mâ ¹[39m Generating browser application bundles (phase: building)...[2K[1G[36mâ ¸[39m Generating browser application bundles (phase: building)...[2K[1G[36mâ ¼[39m Generating browser application bundles (phase: building)...[2K[1G[36mâ ´[39m Generating browser application bundles (phase: building)...[2K[1G[36mâ ¦[39m Generating browser application bundles (phase: building)...[2K[1G[36mâ §[39m Generating browser application bundles (phase: sealing)...[2K[1G[32mâœ”[39m Browser application bundle generation complete.
[37m[39m
[37m[0m[1mInitial Chunk Files[22m            [2m | [22m[1mNames[22m     [2m | [22m [1mRaw Size[22m[0m[39m
[37m[0m[92mruntime.js[39m[37m                     [2m | [22mruntime   [2m | [22m [96m12.62 kB[39m[37m[2m | [22m[0m[39m
[37m[0m[0m[39m
[37m[0m[1mLazy Chunk Files[22m               [2m | [22m[1mNames[22m     [2m | [22m [1mRaw Size[22m[0m[39m
[37m[0m[92mlibs_users_home_src_index_ts.js[39m[37m[2m | [22musers-home[2m | [22m[96m619.07 kB[39m[37m[2m | [22m[0m[39m
[37m[0m[0m[39m
[37m[0m4 unchanged chunks[0m[39m
[37m[0m[0m[39m
[37m[0mBuild at: [1m[37m2023-11-30T09:27:24.378Z[39m[37m[22m - Hash: [1m[37m5fe6d39c70151f4c[39m[37m[22m - Time: [1m[37m2244[39m[37m[22mms[0m[39m
[1m[31m[39m[22m
[1m[31m[0m[91mError: [39m[31m[0m[96mlibs/users/users/feature-users-list/src/lib/users-list-container/users-list-container.store.ts[0m:[93m54[0m:[93m16[0m - [91merror[0m[90m TS2551: [0mProperty 'users' does not exist on type 'UsersListContainerStore'. Did you mean 'users$'?[39m[22m
[1m[31m[39m[22m
[1m[31m[7m54[0m           this.users: users.map((user) => usersVMAdapter.entityToVM(user));[39m[22m
[1m[31m[7m  [0m [91m               ~~~~~[0m[39m[22m
[1m[31m[39m[22m
[1m[31m  [96mlibs/users/users/feature-users-list/src/lib/users-list-container/users-list-container.store.ts[0m:[93m23[0m:[93m19[0m[39m[22m
[1m[31m    [7m23[0m   public readonly users$ = this.select((state) => state.users);[39m[22m
[1m[31m    [7m  [0m [96m                  ~~~~~~[0m[39m[22m
[1m[31m    'users$' is declared here.[39m[22m
[1m[31m[39m[22m
[1m[31m[39m[22m
[1m[31m[0m[91mError: [39m[31m[0m[96mlibs/users/users/feature-users-list/src/lib/users-list-container/users-list-container.store.ts[0m:[93m54[0m:[93m21[0m - [91merror[0m[90m TS1005: [0m';' expected.[39m[22m
[1m[31m[39m[22m
[1m[31m[7m54[0m           this.users: users.map((user) => usersVMAdapter.entityToVM(user));[39m[22m
[1m[31m[7m  [0m [91m                    ~[0m[39m[22m
[1m[31m[39m[22m
[1m[31m[39m[22m
[1m[31m[39m[22m
[37m[39m
[37m[91mÃ—[39m[37m Failed to compile.[39m
[36mâ ‹[39m Generating browser application bundles...[2K[1G[36mâ ™[39m Generating browser application bundles (phase: building)...[2K[1G[36mâ ¹[39m Generating browser application bundles (phase: building)...[2K[1G[36mâ ¸[39m Generating browser application bundles (phase: building)...[2K[1G[36mâ ¼[39m Generating browser application bundles (phase: building)...[2K[1G[36mâ ´[39m Generating browser application bundles (phase: sealing)...[2K[1G[32mâœ”[39m Browser application bundle generation complete.
[37m[39m
[37m[0m[1mInitial Chunk Files[22m            [2m | [22m[1mNames[22m     [2m | [22m [1mRaw Size[22m[0m[39m
[37m[0m[92mruntime.js[39m[37m                     [2m | [22mruntime   [2m | [22m [96m12.62 kB[39m[37m[2m | [22m[0m[39m
[37m[0m[0m[39m
[37m[0m[1mLazy Chunk Files[22m               [2m | [22m[1mNames[22m     [2m | [22m [1mRaw Size[22m[0m[39m
[37m[0m[92mlibs_users_home_src_index_ts.js[39m[37m[2m | [22musers-home[2m | [22m[96m619.06 kB[39m[37m[2m | [22m[0m[39m
[37m[0m[0m[39m
[37m[0m4 unchanged chunks[0m[39m
[37m[0m[0m[39m
[37m[0mBuild at: [1m[37m2023-11-30T09:27:38.806Z[39m[37m[22m - Hash: [1m[37me710d6c0658b6299[39m[37m[22m - Time: [1m[37m1417[39m[37m[22mms[0m[39m
[1m[31m[39m[22m
[1m[31m[0m[91mError: [39m[31m[0m[96mlibs/users/users/feature-users-list/src/lib/users-list-container/users-list-container.store.ts[0m:[93m54[0m:[93m23[0m - [91merror[0m[90m TS2551: [0mProperty 'users' does not exist on type 'UsersListContainerStore'. Did you mean 'users$'?[39m[22m
[1m[31m[39m[22m
[1m[31m[7m54[0m           users: this.users.map((user) => usersVMAdapter.entityToVM(user));[39m[22m
[1m[31m[7m  [0m [91m                      ~~~~~[0m[39m[22m
[1m[31m[39m[22m
[1m[31m  [96mlibs/users/users/feature-users-list/src/lib/users-list-container/users-list-container.store.ts[0m:[93m23[0m:[93m19[0m[39m[22m
[1m[31m    [7m23[0m   public readonly users$ = this.select((state) => state.users);[39m[22m
[1m[31m    [7m  [0m [96m                  ~~~~~~[0m[39m[22m
[1m[31m    'users$' is declared here.[39m[22m
[1m[31m[39m[22m
[1m[31m[39m[22m
[1m[31m[0m[91mError: [39m[31m[0m[96mlibs/users/users/feature-users-list/src/lib/users-list-container/users-list-container.store.ts[0m:[93m54[0m:[93m34[0m - [91merror[0m[90m TS7006: [0mParameter 'user' implicitly has an 'any' type.[39m[22m
[1m[31m[39m[22m
[1m[31m[7m54[0m           users: this.users.map((user) => usersVMAdapter.entityToVM(user));[39m[22m
[1m[31m[7m  [0m [91m                                 ~~~~[0m[39m[22m
[1m[31m[39m[22m
[1m[31m[39m[22m
[1m[31m[39m[22m
[37m[39m
[37m[91mÃ—[39m[37m Failed to compile.[39m
[36mâ ‹[39m Generating browser application bundles...[2K[1G[36mâ ™[39m Generating browser application bundles (phase: building)...[2K[1G[36mâ ¹[39m Generating browser application bundles (phase: building)...[2K[1G[36mâ ¸[39m Generating browser application bundles (phase: building)...[2K[1G[36mâ ¼[39m Generating browser application bundles (phase: building)...[2K[1G[36mâ ´[39m Generating browser application bundles (phase: building)...[2K[1G[36mâ ¦[39m Generating browser application bundles (phase: building)...[2K[1G[36mâ §[39m Generating browser application bundles (phase: building)...[2K[1G[36mâ ‡[39m Generating browser application bundles (phase: sealing)...[2K[1G[32mâœ”[39m Browser application bundle generation complete.
[37m[39m
[37m[0m[1mInitial Chunk Files[22m            [2m | [22m[1mNames[22m     [2m | [22m [1mRaw Size[22m[0m[39m
[37m[0m[92mruntime.js[39m[37m                     [2m | [22mruntime   [2m | [22m [96m12.62 kB[39m[37m[2m | [22m[0m[39m
[37m[0m[0m[39m
[37m[0m[1mLazy Chunk Files[22m               [2m | [22m[1mNames[22m     [2m | [22m [1mRaw Size[22m[0m[39m
[37m[0m[92mlibs_users_home_src_index_ts.js[39m[37m[2m | [22musers-home[2m | [22m[96m619.05 kB[39m[37m[2m | [22m[0m[39m
[37m[0m[0m[39m
[37m[0m4 unchanged chunks[0m[39m
[37m[0m[0m[39m
[37m[0mBuild at: [1m[37m2023-11-30T09:28:08.094Z[39m[37m[22m - Hash: [1m[37m831948578df8c023[39m[37m[22m - Time: [1m[37m2598[39m[37m[22mms[0m[39m
[1m[31m[39m[22m
[1m[31m[0m[91mError: [39m[31m[0m[96mlibs/users/users/feature-users-list/src/lib/users-list-container/users-list-container.store.ts[0m:[93m54[0m:[93m16[0m - [91merror[0m[90m TS2551: [0mProperty 'users' does not exist on type 'UsersListContainerStore'. Did you mean 'users$'?[39m[22m
[1m[31m[39m[22m
[1m[31m[7m54[0m           this.users.map((user) => usersVMAdapter.entityToVM(user));[39m[22m
[1m[31m[7m  [0m [91m               ~~~~~[0m[39m[22m
[1m[31m[39m[22m
[1m[31m  [96mlibs/users/users/feature-users-list/src/lib/users-list-container/users-list-container.store.ts[0m:[93m23[0m:[93m19[0m[39m[22m
[1m[31m    [7m23[0m   public readonly users$ = this.select((state) => state.users);[39m[22m
[1m[31m    [7m  [0m [96m                  ~~~~~~[0m[39m[22m
[1m[31m    'users$' is declared here.[39m[22m
[1m[31m[39m[22m
[1m[31m[39m[22m
[1m[31m[0m[91mError: [39m[31m[0m[96mlibs/users/users/feature-users-list/src/lib/users-list-container/users-list-container.store.ts[0m:[93m54[0m:[93m27[0m - [91merror[0m[90m TS7006: [0mParameter 'user' implicitly has an 'any' type.[39m[22m
[1m[31m[39m[22m
[1m[31m[7m54[0m           this.users.map((user) => usersVMAdapter.entityToVM(user));[39m[22m
[1m[31m[7m  [0m [91m                          ~~~~[0m[39m[22m
[1m[31m[39m[22m
[1m[31m[39m[22m
[1m[31m[39m[22m
[37m[39m
[37m[91mÃ—[39m[37m Failed to compile.[39m
[36mâ ‹[39m Generating browser application bundles...[2K[1G[36mâ ™[39m Generating browser application bundles (phase: building)...[2K[1G[36mâ ¹[39m Generating browser application bundles (phase: building)...[2K[1G[36mâ ¸[39m Generating browser application bundles (phase: building)...[2K[1G[36mâ ¼[39m Generating browser application bundles (phase: building)...[2K[1G[36mâ ´[39m Generating browser application bundles (phase: building)...[2K[1G[36mâ ¦[39m Generating browser application bundles (phase: building)...[2K[1G[36mâ §[39m Generating browser application bundles (phase: building)...[2K[1G[36mâ ‡[39m Generating browser application bundles (phase: building)...[2K[1G[36mâ [39m Generating browser application bundles (phase: sealing)...[2K[1G[32mâœ”[39m Browser application bundle generation complete.
[37m[39m
[37m[0m[1mInitial Chunk Files[22m            [2m | [22m[1mNames[22m     [2m | [22m [1mRaw Size[22m[0m[39m
[37m[0m[92mruntime.js[39m[37m                     [2m | [22mruntime   [2m | [22m [96m12.62 kB[39m[37m[2m | [22m[0m[39m
[37m[0m[0m[39m
[37m[0m[1mLazy Chunk Files[22m               [2m | [22m[1mNames[22m     [2m | [22m [1mRaw Size[22m[0m[39m
[37m[0m[92mlibs_users_home_src_index_ts.js[39m[37m[2m | [22musers-home[2m | [22m[96m600.34 kB[39m[37m[2m | [22m[0m[39m
[37m[0m[0m[39m
[37m[0m4 unchanged chunks[0m[39m
[37m[0m[0m[39m
[37m[0mBuild at: [1m[37m2023-11-30T09:30:47.566Z[39m[37m[22m - Hash: [1m[37mb8725c5fccad09d2[39m[37m[22m - Time: [1m[37m2594[39m[37m[22mms[0m[39m
[1m[31m[39m[22m
[1m[31m[0m[36m./libs/users/users/feature-users-list/src/lib/users-list-container/users-list-container.store.ts[39m[31m[0m - [0m[91mError: [39m[31m[0mModule build failed (from ./node_modules/@angular-devkit/build-angular/src/tools/babel/webpack-loader.js):[39m[22m
[1m[31mSyntaxError: D:\Ð”ÐµÐ»Ð°.Ð Ð°Ð±Ð¾Ñ‚Ð°.Ð£Ñ‡Ñ‘Ð±Ð°\FrontEnd\ÐŸÑ€Ð°ÐºÑ‚Ð¸ÐºÐ° JS\Angular\Ilnur Ryazhapov\GitHub\UI-User-NX-NGRX\libs\users\users\feature-users-list\src\lib\users-list-container\users-list-container.store.ts: Unexpected token (37:22)[39m[22m
[1m[31m[39m[22m
[1m[31m[0m [90m 35 |[39m[31m         [36mthis[39m[31m[33m.[39m[31meffect(() [33m=>[39m[31m [36mthis[39m[31m[33m.[39m[31musersFacade[33m.[39m[31mallUsers$[33m.[39m[31mpipe(tap((users) [33m=>[39m[31m {[0m[39m[22m
[1m[31m[0m [90m 36 |[39m[31m             [36mthis[39m[31m[33m.[39m[31mpatchState({[0m[39m[22m
[1m[31m[0m[31m[1m>[22m[1m[39m[31m[90m 37 |[39m[31m                 [36mthis[39m[31m[33m:[39m[31m [33m.[39m[31musers[33m.[39m[31mmap((user) [33m=>[39m[31m usersVMAdapter[33m.[39m[31mentityToVM(user))[0m[39m[22m
[1m[31m[0m [90m    |[39m[31m                       [31m[1m^[22m[1m[39m[31m[0m[39m[22m
[1m[31m[0m [90m 38 |[39m[31m             })[33m,[39m[31m[0m[39m[22m
[1m[31m[0m [90m 39 |[39m[31m             [33m;[39m[31m[0m[39m[22m
[1m[31m[0m [90m 40 |[39m[31m         })))[33m;[39m[31m[0m[39m[22m
[1m[31m[39m[22m
[1m[31m[0m[91mError: [39m[31m[0m[96mlibs/users/users/feature-users-list/src/lib/users-list-container/users-list-container.store.ts[0m:[93m55[0m:[93m11[0m - [91merror[0m[90m TS2345: [0mArgument of type '{ this: any; }' is not assignable to parameter of type 'Partial<DeepReadonlyObject<{ users: DeepReadonlyObject<Pick<UsersEntity, "id" | "name" | "username" | "email" | "phone" | "company">>[]; }>> | Observable<...> | ((state: DeepReadonlyObject<...>) => Partial<...>)'.[39m[22m
[1m[31m  Object literal may only specify known properties, and 'this' does not exist in type 'Partial<DeepReadonlyObject<{ users: DeepReadonlyObject<Pick<UsersEntity, "id" | "name" | "username" | "email" | "phone" | "company">>[]; }>> | Observable<...> | ((state: DeepReadonlyObject<...>) => Partial<...>)'.[39m[22m
[1m[31m[39m[22m
[1m[31m[7m55[0m           this.users.map((user) => usersVMAdapter.entityToVM(user));[39m[22m
[1m[31m[7m  [0m [39m[22m[1m[31m[91m          ~~~~[0m[39m[22m
[1m[31m[39m[22m
[1m[31m[39m[22m
[1m[31m[0m[91mError: [39m[31m[0m[96mlibs/users/users/feature-users-list/src/lib/users-list-container/users-list-container.store.ts[0m:[93m55[0m:[93m15[0m - [91merror[0m[90m TS1005: [0m':' expected.[39m[22m
[1m[31m[39m[22m
[1m[31m[7m55[0m           this.users.map((user) => usersVMAdapter.entityToVM(user));[39m[22m
[1m[31m[7m  [0m [91m              ~[0m[39m[22m
[1m[31m[39m[22m
[1m[31m[39m[22m
[1m[31m[0m[91mError: [39m[31m[0m[96mlibs/users/users/feature-users-list/src/lib/users-list-container/users-list-container.store.ts[0m:[93m55[0m:[93m27[0m - [91merror[0m[90m TS7006: [0mParameter 'user' implicitly has an 'any' type.[39m[22m
[1m[31m[39m[22m
[1m[31m[7m55[0m           this.users.map((user) => usersVMAdapter.entityToVM(user));[39m[22m
[1m[31m[7m  [0m [91m                          ~~~~[0m[39m[22m
[1m[31m[39m[22m
[1m[31m[39m[22m
[1m[31m[0m[91mError: [39m[31m[0m[96mlibs/users/users/feature-users-list/src/lib/users-list-container/users-list-container.store.ts[0m:[93m55[0m:[93m68[0m - [91merror[0m[90m TS1005: [0m',' expected.[39m[22m
[1m[31m[39m[22m
[1m[31m[7m55[0m           this.users.map((user) => usersVMAdapter.entityToVM(user));[39m[22m
[1m[31m[7m  [0m [91m                                                                   ~[0m[39m[22m
[1m[31m[39m[22m
[1m[31m[39m[22m
[1m[31m[0m[91mError: [39m[31m[0m[96mlibs/users/users/feature-users-list/src/lib/users-list-container/users-list-container.store.ts[0m:[93m57[0m:[93m7[0m - [91merror[0m[90m TS1109: [0mExpression expected.[39m[22m
[1m[31m[39m[22m
[1m[31m[7m57[0m       ),[39m[22m
[1m[31m[7m  [0m [91m      ~[0m[39m[22m
[1m[31m[39m[22m
[1m[31m[39m[22m
[1m[31m[0m[91mError: [39m[31m[0m[96mlibs/users/users/feature-users-list/src/lib/users-list-container/users-list-container.store.ts[0m:[93m58[0m:[93m6[0m - [91merror[0m[90m TS1005: [0m')' expected.[39m[22m
[1m[31m[39m[22m
[1m[31m[7m58[0m     );[39m[22m
[1m[31m[7m  [0m [91m     ~[0m[39m[22m
[1m[31m[39m[22m
[1m[31m[39m[22m
[1m[31m[39m[22m
[37m[39m
[37m[91mÃ—[39m[37m Failed to compile.[39m
[36mâ ‹[39m Generating browser application bundles...[2K[1G[36mâ ™[39m Generating browser application bundles (phase: building)...[2K[1G[36mâ ¹[39m Generating browser application bundles (phase: building)...[2K[1G[36mâ ¸[39m Generating browser application bundles (phase: building)...[2K[1G[36mâ ¼[39m Generating browser application bundles (phase: building)...[2K[1G[36mâ ´[39m Generating browser application bundles (phase: building)...[2K[1G[36mâ ¦[39m Generating browser application bundles (phase: building)...[2K[1G[36mâ §[39m Generating browser application bundles (phase: sealing)...[2K[1G[36mâ ‡[39m Generating browser application bundles (phase: emitting)...[2K[1G[32mâœ”[39m Browser application bundle generation complete.
[37m[39m
[37m[0m[1mInitial Chunk Files[22m            [2m | [22m[1mNames[22m     [2m | [22m [1mRaw Size[22m[0m[39m
[37m[0m[92mruntime.js[39m[37m                     [2m | [22mruntime   [2m | [22m [96m12.62 kB[39m[37m[2m | [22m[0m[39m
[37m[0m[0m[39m
[37m[0m[1mLazy Chunk Files[22m               [2m | [22m[1mNames[22m     [2m | [22m [1mRaw Size[22m[0m[39m
[37m[0m[92mlibs_users_home_src_index_ts.js[39m[37m[2m | [22musers-home[2m | [22m[96m619.09 kB[39m[37m[2m | [22m[0m[39m
[37m[0m[0m[39m
[37m[0m4 unchanged chunks[0m[39m
[37m[0m[0m[39m
[37m[0mBuild at: [1m[37m2023-11-30T09:30:58.726Z[39m[37m[22m - Hash: [1m[37m5668220394dcbbdf[39m[37m[22m - Time: [1m[37m2791[39m[37m[22mms[0m[39m
[37m[39m
[37m[92mâˆš[39m[37m Compiled successfully.[39m
[36mâ ‹[39m Generating browser application bundles...[2K[1G[36mâ ™[39m Generating browser application bundles (phase: building)...[2K[1G[36mâ ¹[39m Generating browser application bundles (phase: building)...[2K[1G[36mâ ¸[39m Generating browser application bundles (phase: building)...[2K[1G[36mâ ¼[39m Generating browser application bundles (phase: building)...[2K[1G[36mâ ´[39m Generating browser application bundles (phase: building)...[2K[1G[36mâ ¦[39m Generating browser application bundles (phase: building)...[2K[1G[36mâ §[39m Generating browser application bundles (phase: building)...[2K[1G[36mâ ‡[39m Generating browser application bundles (phase: building)...[2K[1G[36mâ [39m Generating browser application bundles (phase: building)...[2K[1G[36mâ ‹[39m Generating browser application bundles (phase: building)...[2K[1G[36mâ ™[39m Generating browser application bundles (phase: building)...[2K[1G[36mâ ¹[39m Generating browser application bundles (phase: building)...[2K[1G[36mâ ¸[39m Generating browser application bundles (phase: building)...[2K[1G[36mâ ¼[39m Generating browser application bundles (phase: building)...[2K[1G[36mâ ´[39m Generating browser application bundles (phase: building)...[2K[1G[36mâ ¦[39m Generating browser application bundles (phase: building)...[2K[1G[36mâ §[39m Generating browser application bundles (phase: sealing)...[2K[1G[36mâ ‡[39m Generating browser application bundles (phase: sealing)...[2K[1G[36mâ [39m Generating browser application bundles (phase: emitting)...[2K[1G[32mâœ”[39m Browser application bundle generation complete.
[37m[39m
[37m[0m[1mInitial Chunk Files[22m            [2m | [22m[1mNames[22m     [2m | [22m [1mRaw Size[22m[0m[39m
[37m[0m[92mruntime.js[39m[37m                     [2m | [22mruntime   [2m | [22m [96m12.62 kB[39m[37m[2m | [22m[0m[39m
[37m[0m[0m[39m
[37m[0m[1mLazy Chunk Files[22m               [2m | [22m[1mNames[22m     [2m | [22m [1mRaw Size[22m[0m[39m
[37m[0m[92mlibs_users_home_src_index_ts.js[39m[37m[2m | [22musers-home[2m | [22m[96m619.09 kB[39m[37m[2m | [22m[0m[39m
[37m[0m[0m[39m
[37m[0m4 unchanged chunks[0m[39m
[37m[0m[0m[39m
[37m[0mBuild at: [1m[37m2023-11-30T09:32:15.920Z[39m[37m[22m - Hash: [1m[37m2abaddcc5c46cb34[39m[37m[22m - Time: [1m[37m4286[39m[37m[22mms[0m[39m
[37m[39m
[37m[92mâˆš[39m[37m Compiled successfully.[39m
[36mâ ‹[39m Generating browser application bundles...[2K[1G[36mâ ™[39m Generating browser application bundles (phase: building)...[2K[1G[36mâ ¹[39m Generating browser application bundles (phase: building)...[2K[1G[36mâ ¸[39m Generating browser application bundles (phase: building)...[2K[1G[36mâ ¼[39m Generating browser application bundles (phase: building)...[2K[1G[36mâ ´[39m Generating browser application bundles (phase: building)...[2K[1G[36mâ ¦[39m Generating browser application bundles (phase: sealing)...[2K[1G[36mâ §[39m Generating browser application bundles (phase: sealing)...[2K[1G[36mâ ‡[39m Generating browser application bundles (phase: sealing)...[2K[1G[36mâ [39m Generating browser application bundles (phase: sealing)...[2K[1G[32mâœ”[39m Browser application bundle generation complete.
[37m[39m
[37m[0m[1mInitial Chunk Files[22m            [2m | [22m[1mNames[22m     [2m | [22m [1mRaw Size[22m[0m[39m
[37m[0m[92mruntime.js[39m[37m                     [2m | [22mruntime   [2m | [22m [96m12.62 kB[39m[37m[2m | [22m[0m[39m
[37m[0m[0m[39m
[37m[0m[1mLazy Chunk Files[22m               [2m | [22m[1mNames[22m     [2m | [22m [1mRaw Size[22m[0m[39m
[37m[0m[92mlibs_users_home_src_index_ts.js[39m[37m[2m | [22musers-home[2m | [22m[96m619.08 kB[39m[37m[2m | [22m[0m[39m
[37m[0m[0m[39m
[37m[0m4 unchanged chunks[0m[39m
[37m[0m[0m[39m
[37m[0mBuild at: [1m[37m2023-11-30T09:33:46.738Z[39m[37m[22m - Hash: [1m[37mff3f1b5d84be36b6[39m[37m[22m - Time: [1m[37m2302[39m[37m[22mms[0m[39m
[1m[31m[39m[22m
[1m[31m[0m[91mError: [39m[31m[0m[96mlibs/users/users/feature-users-list/src/lib/users-list-container/users-list-container.component.ts[0m:[93m63[0m:[93m33[0m - [91merror[0m[90m TS2345: [0mArgument of type '{ id: number; }' is not assignable to parameter of type 'UsersFilter'.[39m[22m
[1m[31m  Type '{ id: number; }' is missing the following properties from type 'UsersFilter': name, email, company, phone[39m[22m
[1m[31m[39m[22m
[1m[31m[7m63[0m     this.usersFacade.filterUser(filterParams);[39m[22m
[1m[31m[7m  [0m [91m                                ~~~~~~~~~~~~[0m[39m[22m
[1m[31m[39m[22m
[1m[31m[39m[22m
[1m[31m[39m[22m
[37m[39m
[37m[91mÃ—[39m[37m Failed to compile.[39m
[36mâ ‹[39m Generating browser application bundles...[2K[1G[36mâ ™[39m Generating browser application bundles (phase: building)...[2K[1G[36mâ ¹[39m Generating browser application bundles (phase: building)...[2K[1G[36mâ ¸[39m Generating browser application bundles (phase: building)...[2K[1G[36mâ ¼[39m Generating browser application bundles (phase: building)...[2K[1G[36mâ ´[39m Generating browser application bundles (phase: building)...[2K[1G[36mâ ¦[39m Generating browser application bundles (phase: building)...[2K[1G[36mâ §[39m Generating browser application bundles (phase: building)...[2K[1G[36mâ ‡[39m Generating browser application bundles (phase: building)...[2K[1G[36mâ [39m Generating browser application bundles (phase: building)...[2K[1G[36mâ ‹[39m Generating browser application bundles (phase: building)...[2K[1G[36mâ ™[39m Generating browser application bundles (phase: building)...[2K[1G[36mâ ¹[39m Generating browser application bundles (phase: building)...[2K[1G[36mâ ¸[39m Generating browser application bundles (phase: sealing)...[2K[1G[36mâ ¼[39m Generating browser application bundles (phase: sealing)...[2K[1G[36mâ ´[39m Generating browser application bundles (phase: sealing)...[2K[1G[36mâ ¦[39m Generating browser application bundles (phase: sealing)...[2K[1G[32mâœ”[39m Browser application bundle generation complete.
[37m[39m
[37m[0m[1mInitial Chunk Files[22m            [2m | [22m[1mNames[22m     [2m | [22m [1mRaw Size[22m[0m[39m
[37m[0m[92mruntime.js[39m[37m                     [2m | [22mruntime   [2m | [22m [96m12.62 kB[39m[37m[2m | [22m[0m[39m
[37m[0m[0m[39m
[37m[0m[1mLazy Chunk Files[22m               [2m | [22m[1mNames[22m     [2m | [22m [1mRaw Size[22m[0m[39m
[37m[0m[92mlibs_users_home_src_index_ts.js[39m[37m[2m | [22musers-home[2m | [22m[96m619.09 kB[39m[37m[2m | [22m[0m[39m
[37m[0m[0m[39m
[37m[0m4 unchanged chunks[0m[39m
[37m[0m[0m[39m
[37m[0mBuild at: [1m[37m2023-11-30T09:35:21.566Z[39m[37m[22m - Hash: [1m[37m4f6d657aecde511f[39m[37m[22m - Time: [1m[37m3944[39m[37m[22mms[0m[39m
[1m[31m[39m[22m
[1m[31m[0m[91mError: [39m[31m[0m[96mlibs/users/users/feature-users-list/src/lib/users-list-container/users-list-container.component.ts[0m:[93m63[0m:[93m33[0m - [91merror[0m[90m TS2304: [0mCannot find name 'filterParams'.[39m[22m
[1m[31m[39m[22m
[1m[31m[7m63[0m     this.usersFacade.filterUser(filterParams);[39m[22m
[1m[31m[7m  [0m [91m                                ~~~~~~~~~~~~[0m[39m[22m
[1m[31m[39m[22m
[1m[31m[39m[22m
[1m[31m[39m[22m
[37m[39m
[37m[91mÃ—[39m[37m Failed to compile.[39m
[36mâ ‹[39m Generating browser application bundles...[2K[1G[36mâ ™[39m Generating browser application bundles (phase: building)...[2K[1G[36mâ ¹[39m Generating browser application bundles (phase: building)...[2K[1G[36mâ ¸[39m Generating browser application bundles (phase: building)...[2K[1G[36mâ ¼[39m Generating browser application bundles (phase: building)...[2K[1G[36mâ ´[39m Generating browser application bundles (phase: sealing)...[2K[1G[36mâ ¦[39m Generating browser application bundles (phase: emitting)...[2K[1G[32mâœ”[39m Browser application bundle generation complete.
[37m[39m
[37m[0m[1mInitial Chunk Files[22m            [2m | [22m[1mNames[22m     [2m | [22m [1mRaw Size[22m[0m[39m
[37m[0m[92mruntime.js[39m[37m                     [2m | [22mruntime   [2m | [22m [96m12.62 kB[39m[37m[2m | [22m[0m[39m
[37m[0m[0m[39m
[37m[0m[1mLazy Chunk Files[22m               [2m | [22m[1mNames[22m     [2m | [22m [1mRaw Size[22m[0m[39m
[37m[0m[92mlibs_users_home_src_index_ts.js[39m[37m[2m | [22musers-home[2m | [22m[96m619.09 kB[39m[37m[2m | [22m[0m[39m
[37m[0m[0m[39m
[37m[0m4 unchanged chunks[0m[39m
[37m[0m[0m[39m
[37m[0mBuild at: [1m[37m2023-11-30T09:35:31.575Z[39m[37m[22m - Hash: [1m[37ma1bbb05421af3633[39m[37m[22m - Time: [1m[37m2541[39m[37m[22mms[0m[39m
[37m[39m
[37m[92mâˆš[39m[37m Compiled successfully.[39m
[36mâ ‹[39m Generating browser application bundles...[2K[1G[36mâ ™[39m Generating browser application bundles (phase: building)...[2K[1G[36mâ ¹[39m Generating browser application bundles (phase: building)...[2K[1G[36mâ ¸[39m Generating browser application bundles (phase: building)...[2K[1G[36mâ ¼[39m Generating browser application bundles (phase: building)...[2K[1G[36mâ ´[39m Generating browser application bundles (phase: building)...[2K[1G[36mâ ¦[39m Generating browser application bundles (phase: building)...[2K[1G[36mâ §[39m Generating browser application bundles (phase: building)...[2K[1G[36mâ ‡[39m Generating browser application bundles (phase: building)...[2K[1G[36mâ [39m Generating browser application bundles (phase: building)...[2K[1G[36mâ ‹[39m Generating browser application bundles (phase: building)...[2K[1G[36mâ ™[39m Generating browser application bundles (phase: building)...[2K[1G[36mâ ¹[39m Generating browser application bundles (phase: building)...[2K[1G[36mâ ¸[39m Generating browser application bundles (phase: building)...[2K[1G[36mâ ¼[39m Generating browser application bundles (phase: building)...[2K[1G[36mâ ´[39m Generating browser application bundles (phase: sealing)...[2K[1G[36mâ ¦[39m Generating browser application bundles (phase: emitting)...[2K[1G[32mâœ”[39m Browser application bundle generation complete.
[37m[39m
[37m[0m[1mInitial Chunk Files[22m            [2m | [22m[1mNames[22m     [2m | [22m [1mRaw Size[22m[0m[39m
[37m[0m[92mruntime.js[39m[37m                     [2m | [22mruntime   [2m | [22m [96m12.62 kB[39m[37m[2m | [22m[0m[39m
[37m[0m[0m[39m
[37m[0m[1mLazy Chunk Files[22m               [2m | [22m[1mNames[22m     [2m | [22m [1mRaw Size[22m[0m[39m
[37m[0m[92mlibs_users_home_src_index_ts.js[39m[37m[2m | [22musers-home[2m | [22m[96m619.04 kB[39m[37m[2m | [22m[0m[39m
[37m[0m[0m[39m
[37m[0m4 unchanged chunks[0m[39m
[37m[0m[0m[39m
[37m[0mBuild at: [1m[37m2023-11-30T09:37:03.680Z[39m[37m[22m - Hash: [1m[37mb0ef501160f75b28[39m[37m[22m - Time: [1m[37m3949[39m[37m[22mms[0m[39m
[37m[39m
[37m[92mâˆš[39m[37m Compiled successfully.[39m
[36mâ ‹[39m Generating browser application bundles...[2K[1G[36mâ ™[39m Generating browser application bundles (phase: building)...[2K[1G[36mâ ¹[39m Generating browser application bundles (phase: building)...[2K[1G[36mâ ¸[39m Generating browser application bundles (phase: building)...[2K[1G[36mâ ¼[39m Generating browser application bundles (phase: building)...[2K[1G[36mâ ´[39m Generating browser application bundles (phase: building)...[2K[1G[36mâ ¦[39m Generating browser application bundles (phase: building)...[2K[1G[36mâ §[39m Generating browser application bundles (phase: building)...[2K[1G[36mâ ‡[39m Generating browser application bundles (phase: building)...[2K[1G[36mâ [39m Generating browser application bundles (phase: building)...[2K[1G[36mâ ‹[39m Generating browser application bundles (phase: sealing)...[2K[1G[36mâ ™[39m Generating browser application bundles (phase: sealing)...[2K[1G[32mâœ”[39m Browser application bundle generation complete.
[37m[39m
[37m[0m[1mInitial Chunk Files[22m            [2m | [22m[1mNames[22m     [2m | [22m [1mRaw Size[22m[0m[39m
[37m[0m[92mruntime.js[39m[37m                     [2m | [22mruntime   [2m | [22m [96m12.62 kB[39m[37m[2m | [22m[0m[39m
[37m[0m[0m[39m
[37m[0m[1mLazy Chunk Files[22m               [2m | [22m[1mNames[22m     [2m | [22m [1mRaw Size[22m[0m[39m
[37m[0m[92mlibs_users_home_src_index_ts.js[39m[37m[2m | [22musers-home[2m | [22m[96m619.02 kB[39m[37m[2m | [22m[0m[39m
[37m[0m[0m[39m
[37m[0m4 unchanged chunks[0m[39m
[37m[0m[0m[39m
[37m[0mBuild at: [1m[37m2023-11-30T09:39:39.159Z[39m[37m[22m - Hash: [1m[37m8598f5b5361835be[39m[37m[22m - Time: [1m[37m3005[39m[37m[22mms[0m[39m
[1m[31m[39m[22m
[1m[31m[0m[91mError: [39m[31m[0m[96mlibs/users/users/feature-users-list/src/lib/users-list-container/users-list-container.component.ts[0m:[93m63[0m:[93m33[0m - [91merror[0m[90m TS2345: [0mArgument of type '{ id: number; }' is not assignable to parameter of type 'UsersFilter'.[39m[22m
[1m[31m  Type '{ id: number; }' is missing the following properties from type 'UsersFilter': name, email, company, phone[39m[22m
[1m[31m[39m[22m
[1m[31m[7m63[0m     this.usersFacade.filterUser(filterParams);[39m[22m
[1m[31m[7m  [0m [91m                                ~~~~~~~~~~~~[0m[39m[22m
[1m[31m[39m[22m
[1m[31m[39m[22m
[1m[31m[39m[22m
[37m[39m
[37m[91mÃ—[39m[37m Failed to compile.[39m
[36mâ ‹[39m Generating browser application bundles...[2K[1G[36mâ ™[39m Generating browser application bundles (phase: building)...[2K[1G[36mâ ¹[39m Generating browser application bundles (phase: building)...[2K[1G[36mâ ¸[39m Generating browser application bundles (phase: building)...[2K[1G[36mâ ¼[39m Generating browser application bundles (phase: building)...[2K[1G[36mâ ´[39m Generating browser application bundles (phase: sealing)...[2K[1G[32mâœ”[39m Browser application bundle generation complete.
[37m[39m
[37m[0m[1mInitial Chunk Files[22m            [2m | [22m[1mNames[22m     [2m | [22m [1mRaw Size[22m[0m[39m
[37m[0m[92mruntime.js[39m[37m                     [2m | [22mruntime   [2m | [22m [96m12.62 kB[39m[37m[2m | [22m[0m[39m
[37m[0m[0m[39m
[37m[0m[1mLazy Chunk Files[22m               [2m | [22m[1mNames[22m     [2m | [22m [1mRaw Size[22m[0m[39m
[37m[0m[92mlibs_users_home_src_index_ts.js[39m[37m[2m | [22musers-home[2m | [22m[96m618.81 kB[39m[37m[2m | [22m[0m[39m
[37m[0m[0m[39m
[37m[0m4 unchanged chunks[0m[39m
[37m[0m[0m[39m
[37m[0mBuild at: [1m[37m2023-11-30T09:40:17.528Z[39m[37m[22m - Hash: [1m[37m0019e4c48473b42b[39m[37m[22m - Time: [1m[37m2605[39m[37m[22mms[0m[39m
[1m[31m[39m[22m
[1m[31m[0m[91mError: [39m[31m[0m[96mlibs/users/users/feature-users-list/src/lib/users-list-container/users-list-container.component.html[0m:[93m11[0m:[93m21[0m - [91merror[0m[90m TS2339: [0mProperty 'OnDeleteUser' does not exist on type 'UsersListContainerComponent'.[39m[22m
[1m[31m[39m[22m
[1m[31m[7m11[0m       (deleteUser)="OnDeleteUser($event)"[39m[22m
[1m[31m[7m  [0m [91m                    ~~~~~~~~~~~~[0m[39m[22m
[1m[31m[39m[22m
[1m[31m  [96mlibs/users/users/feature-users-list/src/lib/users-list-container/users-list-container.component.ts[0m:[93m29[0m:[93m16[0m[39m[22m
[1m[31m    [7m29[0m   templateUrl: './users-list-container.component.html',[39m[22m
[1m[31m    [7m  [0m [96m               ~~~~~~~~~~~~~~~~~~~~~~~~~~~~~~~~~~~~~~~[0m[39m[22m
[1m[31m    Error occurs in the template of component UsersListContainerComponent.[39m[22m
[1m[31m[39m[22m
[1m[31m[39m[22m
[1m[31m[39m[22m
[37m[39m
[37m[91mÃ—[39m[37m Failed to compile.[39m
[36mâ ‹[39m Generating browser application bundles...[2K[1G[36mâ ™[39m Generating browser application bundles (phase: building)...[2K[1G[36mâ ¹[39m Generating browser application bundles (phase: building)...[2K[1G[36mâ ¸[39m Generating browser application bundles (phase: building)...[2K[1G[36mâ ¼[39m Generating browser application bundles (phase: building)...[2K[1G[36mâ ´[39m Generating browser application bundles (phase: building)...[2K[1G[36mâ ¦[39m Generating browser application bundles (phase: building)...[2K[1G[36mâ §[39m Generating browser application bundles (phase: building)...[2K[1G[36mâ ‡[39m Generating browser application bundles (phase: sealing)...[2K[1G[36mâ [39m Generating browser application bundles (phase: emitting)...[2K[1G[32mâœ”[39m Browser application bundle generation complete.
[37m[39m
[37m[0m[1mInitial Chunk Files[22m            [2m | [22m[1mNames[22m     [2m | [22m [1mRaw Size[22m[0m[39m
[37m[0m[92mruntime.js[39m[37m                     [2m | [22mruntime   [2m | [22m [96m12.62 kB[39m[37m[2m | [22m[0m[39m
[37m[0m[0m[39m
[37m[0m[1mLazy Chunk Files[22m               [2m | [22m[1mNames[22m     [2m | [22m [1mRaw Size[22m[0m[39m
[37m[0m[92mlibs_users_home_src_index_ts.js[39m[37m[2m | [22musers-home[2m | [22m[96m618.79 kB[39m[37m[2m | [22m[0m[39m
[37m[0m[0m[39m
[37m[0m4 unchanged chunks[0m[39m
[37m[0m[0m[39m
[37m[0mBuild at: [1m[37m2023-11-30T09:41:07.415Z[39m[37m[22m - Hash: [1m[37m596fb2678eb439a0[39m[37m[22m - Time: [1m[37m3738[39m[37m[22mms[0m[39m
[37m[39m
[37m[92mâˆš[39m[37m Compiled successfully.[39m
[36mâ ‹[39m Generating browser application bundles...[2K[1G[36mâ ™[39m Generating browser application bundles (phase: building)...[2K[1G[36mâ ¹[39m Generating browser application bundles (phase: building)...[2K[1G[36mâ ¸[39m Generating browser application bundles (phase: building)...[2K[1G[36mâ ¼[39m Generating browser application bundles (phase: building)...[2K[1G[36mâ ´[39m Generating browser application bundles (phase: building)...[2K[1G[36mâ ¦[39m Generating browser application bundles (phase: sealing)...[2K[1G[36mâ §[39m Generating browser application bundles (phase: emitting)...[2K[1G[32mâœ”[39m Browser application bundle generation complete.
[37m[39m
[37m[0m[1mInitial Chunk Files[22m            [2m | [22m[1mNames[22m     [2m | [22m [1mRaw Size[22m[0m[39m
[37m[0m[92mruntime.js[39m[37m                     [2m | [22mruntime   [2m | [22m [96m12.62 kB[39m[37m[2m | [22m[0m[39m
[37m[0m[0m[39m
[37m[0m[1mLazy Chunk Files[22m               [2m | [22m[1mNames[22m     [2m | [22m [1mRaw Size[22m[0m[39m
[37m[0m[92mlibs_users_home_src_index_ts.js[39m[37m[2m | [22musers-home[2m | [22m[96m618.79 kB[39m[37m[2m | [22m[0m[39m
[37m[0m[0m[39m
[37m[0m4 unchanged chunks[0m[39m
[37m[0m[0m[39m
[37m[0mBuild at: [1m[37m2023-11-30T09:41:32.551Z[39m[37m[22m - Hash: [1m[37me6f60133aba80a23[39m[37m[22m - Time: [1m[37m2193[39m[37m[22mms[0m[39m
[37m[39m
[37m[92mâˆš[39m[37m Compiled successfully.[39m
[36mâ ‹[39m Generating browser application bundles...[2K[1G[36mâ ™[39m Generating browser application bundles (phase: building)...[2K[1G[36mâ ¹[39m Generating browser application bundles (phase: building)...[2K[1G[36mâ ¸[39m Generating browser application bundles (phase: building)...[2K[1G[36mâ ¼[39m Generating browser application bundles (phase: building)...[2K[1G[36mâ ´[39m Generating browser application bundles (phase: building)...[2K[1G[36mâ ¦[39m Generating browser application bundles (phase: building)...[2K[1G[36mâ §[39m Generating browser application bundles (phase: sealing)...[2K[1G[36mâ ‡[39m Generating browser application bundles (phase: emitting)...[2K[1G[32mâœ”[39m Browser application bundle generation complete.
[37m[39m
[37m[0m[1mInitial Chunk Files[22m            [2m | [22m[1mNames[22m     [2m | [22m [1mRaw Size[22m[0m[39m
[37m[0m[92mruntime.js[39m[37m                     [2m | [22mruntime   [2m | [22m [96m12.62 kB[39m[37m[2m | [22m[0m[39m
[37m[0m[0m[39m
[37m[0m[1mLazy Chunk Files[22m               [2m | [22m[1mNames[22m     [2m | [22m [1mRaw Size[22m[0m[39m
[37m[0m[92mlibs_users_home_src_index_ts.js[39m[37m[2m | [22musers-home[2m | [22m[96m618.79 kB[39m[37m[2m | [22m[0m[39m
[37m[0m[0m[39m
[37m[0m4 unchanged chunks[0m[39m
[37m[0m[0m[39m
[37m[0mBuild at: [1m[37m2023-11-30T09:44:58.388Z[39m[37m[22m - Hash: [1m[37mcba799e15ba08d42[39m[37m[22m - Time: [1m[37m2913[39m[37m[22mms[0m[39m
[37m[39m
[37m[92mâˆš[39m[37m Compiled successfully.[39m
[36mâ ‹[39m Generating browser application bundles...[2K[1G[36mâ ™[39m Generating browser application bundles (phase: building)...[2K[1G[36mâ ¹[39m Generating browser application bundles (phase: building)...[2K[1G[36mâ ¸[39m Generating browser application bundles (phase: building)...[2K[1G[36mâ ¼[39m Generating browser application bundles (phase: building)...[2K[1G[36mâ ´[39m Generating browser application bundles (phase: building)...[2K[1G[36mâ ¦[39m Generating browser application bundles (phase: building)...[2K[1G[36mâ §[39m Generating browser application bundles (phase: sealing)...[2K[1G[36mâ ‡[39m Generating browser application bundles (phase: sealing)...[2K[1G[36mâ [39m Generating browser application bundles (phase: emitting)...[2K[1G[32mâœ”[39m Browser application bundle generation complete.
[37m[39m
[37m[0m[1mInitial Chunk Files[22m            [2m | [22m[1mNames[22m     [2m | [22m [1mRaw Size[22m[0m[39m
[37m[0m[92mruntime.js[39m[37m                     [2m | [22mruntime   [2m | [22m [96m12.62 kB[39m[37m[2m | [22m[0m[39m
[37m[0m[0m[39m
[37m[0m[1mLazy Chunk Files[22m               [2m | [22m[1mNames[22m     [2m | [22m [1mRaw Size[22m[0m[39m
[37m[0m[92mlibs_users_home_src_index_ts.js[39m[37m[2m | [22musers-home[2m | [22m[96m618.79 kB[39m[37m[2m | [22m[0m[39m
[37m[0m[0m[39m
[37m[0m4 unchanged chunks[0m[39m
[37m[0m[0m[39m
[37m[0mBuild at: [1m[37m2023-11-30T09:45:36.383Z[39m[37m[22m - Hash: [1m[37mf6f7ac3d948669c4[39m[37m[22m - Time: [1m[37m2849[39m[37m[22mms[0m[39m
[37m[39m
[37m[92mâˆš[39m[37m Compiled successfully.[39m
[36mâ ‹[39m Generating browser application bundles...[2K[1G[36mâ ™[39m Generating browser application bundles (phase: building)...[2K[1G[36mâ ¹[39m Generating browser application bundles (phase: building)...[2K[1G[36mâ ¸[39m Generating browser application bundles (phase: building)...[2K[1G[36mâ ¼[39m Generating browser application bundles (phase: building)...[2K[1G[36mâ ´[39m Generating browser application bundles (phase: building)...[2K[1G[36mâ ¦[39m Generating browser application bundles (phase: building)...[2K[1G[36mâ §[39m Generating browser application bundles (phase: building)...[2K[1G[36mâ ‡[39m Generating browser application bundles (phase: building)...[2K[1G[36mâ [39m Generating browser application bundles (phase: building)...[2K[1G[36mâ ‹[39m Generating browser application bundles (phase: building)...[2K[1G[36mâ ™[39m Generating browser application bundles (phase: building)...[2K[1G[36mâ ¹[39m Generating browser application bundles (phase: building)...[2K[1G[36mâ ¸[39m Generating browser application bundles (phase: building)...[2K[1G[36mâ ¼[39m Generating browser application bundles (phase: sealing)...[2K[1G[36mâ ´[39m Generating browser application bundles (phase: emitting)...[2K[1G[32mâœ”[39m Browser application bundle generation complete.
[37m[39m
[37m[0m[1mInitial Chunk Files[22m[2m | [22m[1mNames[22m  [2m | [22m[1mRaw Size[22m[0m[39m
[37m[0m[92mmain.js[39m[37m            [2m | [22mmain   [2m | [22m[96m38.35 kB[39m[37m[2m | [22m[0m[39m
[37m[0m[92mruntime.js[39m[37m         [2m | [22mruntime[2m | [22m[96m12.62 kB[39m[37m[2m | [22m[0m[39m
[37m[0m[0m[39m
[37m[0m4 unchanged chunks[0m[39m
[37m[0m[0m[39m
[37m[0mBuild at: [1m[37m2023-11-30T09:47:54.818Z[39m[37m[22m - Hash: [1m[37m1069e355dd12afdf[39m[37m[22m - Time: [1m[37m3762[39m[37m[22mms[0m[39m
[37m[39m
[37m[92mâˆš[39m[37m Compiled successfully.[39m
[36mâ ‹[39m Generating browser application bundles...[2K[1G[36mâ ™[39m Generating browser application bundles (phase: building)...[2K[1G[36mâ ¹[39m Generating browser application bundles (phase: building)...[2K[1G[36mâ ¸[39m Generating browser application bundles (phase: building)...[2K[1G[36mâ ¼[39m Generating browser application bundles (phase: building)...[2K[1G[36mâ ´[39m Generating browser application bundles (phase: building)...[2K[1G[36mâ ¦[39m Generating browser application bundles (phase: building)...[2K[1G[36mâ §[39m Generating browser application bundles (phase: sealing)...[2K[1G[36mâ ‡[39m Generating browser application bundles (phase: sealing)...[2K[1G[36mâ [39m Generating browser application bundles (phase: sealing)...[2K[1G[36mâ ‹[39m Generating browser application bundles (phase: sealing)...[2K[1G[36mâ ™[39m Generating browser application bundles (phase: sealing)...[2K[1G[36mâ ¹[39m Generating browser application bundles (phase: sealing)...[2K[1G[36mâ ¸[39m Generating browser application bundles (phase: sealing)...[2K[1G[36mâ ¼[39m Generating browser application bundles (phase: sealing)...[2K[1G[36mâ ´[39m Generating browser application bundles (phase: sealing)...[2K[1G[36mâ ¦[39m Generating browser application bundles (phase: emitting)...[2K[1G[32mâœ”[39m Browser application bundle generation complete.
[37m[39m
[37m[0m[1mInitial Chunk Files[22m[2m | [22m[1mNames[22m  [2m | [22m[1mRaw Size[22m[0m[39m
[37m[0m[92mmain.js[39m[37m            [2m | [22mmain   [2m | [22m[96m38.52 kB[39m[37m[2m | [22m[0m[39m
[37m[0m[92mruntime.js[39m[37m         [2m | [22mruntime[2m | [22m[96m12.62 kB[39m[37m[2m | [22m[0m[39m
[37m[0m[0m[39m
[37m[0m4 unchanged chunks[0m[39m
[37m[0m[0m[39m
[37m[0mBuild at: [1m[37m2023-11-30T09:49:34.575Z[39m[37m[22m - Hash: [1m[37m5b88d5a703740819[39m[37m[22m - Time: [1m[37m4387[39m[37m[22mms[0m[39m
[37m[39m
[37m[92mâˆš[39m[37m Compiled successfully.[39m
[36mâ ‹[39m Generating browser application bundles...[2K[1G[36mâ ™[39m Generating browser application bundles (phase: building)...[2K[1G[36mâ ¹[39m Generating browser application bundles (phase: building)...[2K[1G[36mâ ¸[39m Generating browser application bundles (phase: building)...[2K[1G[36mâ ¼[39m Generating browser application bundles (phase: building)...[2K[1G[36mâ ´[39m Generating browser application bundles (phase: building)...[2K[1G[36mâ ¦[39m Generating browser application bundles (phase: building)...[2K[1G[36mâ §[39m Generating browser application bundles (phase: building)...[2K[1G[36mâ ‡[39m Generating browser application bundles (phase: building)...[2K[1G[36mâ [39m Generating browser application bundles (phase: building)...[2K[1G[36mâ ‹[39m Generating browser application bundles (phase: building)...[2K[1G[36mâ ™[39m Generating browser application bundles (phase: sealing)...[2K[1G[32mâœ”[39m Browser application bundle generation complete.
[37m[39m
[37m[0m[1mInitial Chunk Files[22m            [2m | [22m[1mNames[22m     [2m | [22m [1mRaw Size[22m[0m[39m
[37m[0m[92mruntime.js[39m[37m                     [2m | [22mruntime   [2m | [22m [96m12.62 kB[39m[37m[2m | [22m[0m[39m
[37m[0m[0m[39m
[37m[0m[1mLazy Chunk Files[22m               [2m | [22m[1mNames[22m     [2m | [22m [1mRaw Size[22m[0m[39m
[37m[0m[92mlibs_users_home_src_index_ts.js[39m[37m[2m | [22musers-home[2m | [22m[96m618.81 kB[39m[37m[2m | [22m[0m[39m
[37m[0m[0m[39m
[37m[0m4 unchanged chunks[0m[39m
[37m[0m[0m[39m
[37m[0mBuild at: [1m[37m2023-11-30T09:50:24.016Z[39m[37m[22m - Hash: [1m[37me41cb7da4fdd9689[39m[37m[22m - Time: [1m[37m2479[39m[37m[22mms[0m[39m
[1m[31m[39m[22m
[1m[31m[0m[91mError: [39m[31m[0m[96mlibs/users/users/feature-users-list/src/lib/users-list-container/users-list-container.component.ts[0m:[93m60[0m:[93m22[0m - [91merror[0m[90m TS2339: [0mProperty 'getUsersExcludeUserByIdFromStore' does not exist on type 'UsersFacade'.[39m[22m
[1m[31m[39m[22m
[1m[31m[7m60[0m     this.usersFacade.getUsersExcludeUserByIdFromStore(userId);[39m[22m
[1m[31m[7m  [0m [91m                     ~~~~~~~~~~~~~~~~~~~~~~~~~~~~~~~~[0m[39m[22m
[1m[31m[39m[22m
[1m[31m[39m[22m
[1m[31m[39m[22m
[37m[39m
[37m[91mÃ—[39m[37m Failed to compile.[39m
[36mâ ‹[39m Generating browser application bundles...[2K[1G[36mâ ™[39m Generating browser application bundles (phase: building)...[2K[1G[36mâ ¹[39m Generating browser application bundles (phase: building)...[2K[1G[36mâ ¸[39m Generating browser application bundles (phase: building)...[2K[1G[36mâ ¼[39m Generating browser application bundles (phase: building)...[2K[1G[36mâ ´[39m Generating browser application bundles (phase: building)...[2K[1G[36mâ ¦[39m Generating browser application bundles (phase: building)...[2K[1G[36mâ §[39m Generating browser application bundles (phase: building)...[2K[1G[36mâ ‡[39m Generating browser application bundles (phase: building)...[2K[1G[36mâ [39m Generating browser application bundles (phase: building)...[2K[1G[36mâ ‹[39m Generating browser application bundles (phase: building)...[2K[1G[36mâ ™[39m Generating browser application bundles (phase: building)...[2K[1G[36mâ ¹[39m Generating browser application bundles (phase: building)...[2K[1G[36mâ ¸[39m Generating browser application bundles (phase: building)...[2K[1G[36mâ ¼[39m Generating browser application bundles (phase: sealing)...[2K[1G[36mâ ´[39m Generating browser application bundles (phase: emitting)...[2K[1G[32mâœ”[39m Browser application bundle generation complete.
[37m[39m
[37m[0m[1mInitial Chunk Files[22m[2m | [22m[1mNames[22m  [2m | [22m[1mRaw Size[22m[0m[39m
[37m[0m[92mmain.js[39m[37m            [2m | [22mmain   [2m | [22m[96m38.54 kB[39m[37m[2m | [22m[0m[39m
[37m[0m[92mruntime.js[39m[37m         [2m | [22mruntime[2m | [22m[96m12.62 kB[39m[37m[2m | [22m[0m[39m
[37m[0m[0m[39m
[37m[0m4 unchanged chunks[0m[39m
[37m[0m[0m[39m
[37m[0mBuild at: [1m[37m2023-11-30T09:50:59.219Z[39m[37m[22m - Hash: [1m[37m7c47eacf737ca42e[39m[37m[22m - Time: [1m[37m4397[39m[37m[22mms[0m[39m
[37m[39m
[37m[92mâˆš[39m[37m Compiled successfully.[39m
[36mâ ‹[39m Generating browser application bundles...[2K[1G[36mâ ™[39m Generating browser application bundles (phase: building)...[2K[1G[36mâ ¹[39m Generating browser application bundles (phase: building)...[2K[1G[36mâ ¸[39m Generating browser application bundles (phase: building)...[2K[1G[36mâ ¼[39m Generating browser application bundles (phase: building)...[2K[1G[36mâ ´[39m Generating browser application bundles (phase: building)...[2K[1G[36mâ ¦[39m Generating browser application bundles (phase: sealing)...[2K[1G[32mâœ”[39m Browser application bundle generation complete.
[37m[39m
[37m[0m[1mInitial Chunk Files[22m[2m | [22m[1mNames[22m  [2m | [22m[1mRaw Size[22m[0m[39m
[37m[0m[92mmain.js[39m[37m            [2m | [22mmain   [2m | [22m[96m38.56 kB[39m[37m[2m | [22m[0m[39m
[37m[0m[92mruntime.js[39m[37m         [2m | [22mruntime[2m | [22m[96m12.62 kB[39m[37m[2m | [22m[0m[39m
[37m[0m[0m[39m
[37m[0m4 unchanged chunks[0m[39m
[37m[0m[0m[39m
[37m[0mBuild at: [1m[37m2023-11-30T09:51:28.437Z[39m[37m[22m - Hash: [1m[37mba3e731294bf4f6a[39m[37m[22m - Time: [1m[37m1778[39m[37m[22mms[0m[39m
[1m[31m[39m[22m
[1m[31m[0m[36m./libs/users/users/data-access/src/lib/+state/users.reducer.ts[39m[31m[0m:[0m[93m35:8-53[39m[31m[0m - [0m[91mError: [39m[31m[0mexport 'getUsersExcludeUserByIdFromStore' (imported as 'UsersActions') was not found in './users.actions' (possible exports: filterUsers, initUsers, loadUsersFailure, loadUsersSuccess)[39m[22m
[1m[31m[39m[22m
[1m[31m[0m[91mError: [39m[31m[0m[96mlibs/users/users/data-access/src/lib/+state/users.reducer.ts[0m:[93m54[0m:[93m19[0m - [91merror[0m[90m TS2339: [0mProperty 'getUsersExcludeUserByIdFromStore' does not exist on type 'typeof import("D:/\u0414\u0435\u043B\u0430.\u0420\u0430\u0431\u043E\u0442\u0430.\u0423\u0447\u0451\u0431\u0430/FrontEnd/\u041F\u0440\u0430\u043A\u0442\u0438\u043A\u0430 JS/Angular/Ilnur Ryazhapov/GitHub/UI-User-NX-NGRX/libs/users/users/data-access/src/lib/+state/users.actions")'.[39m[22m
[1m[31m[39m[22m
[1m[31m[7m54[0m   on(UsersActions.getUsersExcludeUserByIdFromStore, (state, { filterParams }) => ({[39m[22m
[1m[31m[7m  [0m [91m                  ~~~~~~~~~~~~~~~~~~~~~~~~~~~~~~~~[0m[39m[22m
[1m[31m[39m[22m
[1m[31m[39m[22m
[1m[31m[39m[22m
[37m[39m
[37m[91mÃ—[39m[37m Failed to compile.[39m
[36mâ ‹[39m Generating browser application bundles...[2K[1G[36mâ ™[39m Generating browser application bundles (phase: building)...[2K[1G[36mâ ¹[39m Generating browser application bundles (phase: building)...[2K[1G[36mâ ¸[39m Generating browser application bundles (phase: building)...[2K[1G[36mâ ¼[39m Generating browser application bundles (phase: building)...[2K[1G[36mâ ´[39m Generating browser application bundles (phase: building)...[2K[1G[36mâ ¦[39m Generating browser application bundles (phase: building)...[2K[1G[36mâ §[39m Generating browser application bundles (phase: building)...[2K[1G[36mâ ‡[39m Generating browser application bundles (phase: sealing)...[2K[1G[32mâœ”[39m Browser application bundle generation complete.
[37m[39m
[37m[0m[1mInitial Chunk Files[22m[2m | [22m[1mNames[22m  [2m | [22m[1mRaw Size[22m[0m[39m
[37m[0m[92mmain.js[39m[37m            [2m | [22mmain   [2m | [22m[96m38.56 kB[39m[37m[2m | [22m[0m[39m
[37m[0m[92mruntime.js[39m[37m         [2m | [22mruntime[2m | [22m[96m12.62 kB[39m[37m[2m | [22m[0m[39m
[37m[0m[0m[39m
[37m[0m4 unchanged chunks[0m[39m
[37m[0m[0m[39m
[37m[0mBuild at: [1m[37m2023-11-30T09:52:25.496Z[39m[37m[22m - Hash: [1m[37m11d337e358ab86d5[39m[37m[22m - Time: [1m[37m2561[39m[37m[22mms[0m[39m
[1m[31m[39m[22m
[1m[31m[0m[36m./libs/users/users/data-access/src/lib/+state/users.reducer.ts[39m[31m[0m:[0m[93m36:8-53[39m[31m[0m - [0m[91mError: [39m[31m[0mexport 'getUsersExcludeUserByIdFromStore' (imported as 'UsersActions') was not found in './users.actions' (possible exports: filterUsers, initUsers, loadUsersFailure, loadUsersSuccess)[39m[22m
[1m[31m[39m[22m
[1m[31m[0m[91mError: [39m[31m[0m[96mlibs/users/users/data-access/src/lib/+state/users.reducer.ts[0m:[93m34[0m:[93m3[0m - [91merror[0m[90m TS18004: [0mNo value exists in scope for the shorthand property 'id'. Either declare one or provide an initializer.[39m[22m
[1m[31m[39m[22m
[1m[31m[7m34[0m   id,[39m[22m
[1m[31m[7m  [0m [91m  ~~[0m[39m[22m
[1m[31m[39m[22m
[1m[31m[39m[22m
[1m[31m[0m[91mError: [39m[31m[0m[96mlibs/users/users/data-access/src/lib/+state/users.reducer.ts[0m:[93m55[0m:[93m19[0m - [91merror[0m[90m TS2339: [0mProperty 'getUsersExcludeUserByIdFromStore' does not exist on type 'typeof import("D:/\u0414\u0435\u043B\u0430.\u0420\u0430\u0431\u043E\u0442\u0430.\u0423\u0447\u0451\u0431\u0430/FrontEnd/\u041F\u0440\u0430\u043A\u0442\u0438\u043A\u0430 JS/Angular/Ilnur Ryazhapov/GitHub/UI-User-NX-NGRX/libs/users/users/data-access/src/lib/+state/users.actions")'.[39m[22m
[1m[31m[39m[22m
[1m[31m[7m55[0m   on(UsersActions.getUsersExcludeUserByIdFromStore, (state, { filterParams }) => ({[39m[22m
[1m[31m[7m  [0m [91m                  ~~~~~~~~~~~~~~~~~~~~~~~~~~~~~~~~[0m[39m[22m
[1m[31m[39m[22m
[1m[31m[39m[22m
[1m[31m[39m[22m
[37m[39m
[37m[91mÃ—[39m[37m Failed to compile.[39m
[36mâ ‹[39m Generating browser application bundles...[2K[1G[36mâ ™[39m Generating browser application bundles (phase: building)...[2K[1G[36mâ ¹[39m Generating browser application bundles (phase: building)...[2K[1G[36mâ ¸[39m Generating browser application bundles (phase: building)...[2K[1G[36mâ ¼[39m Generating browser application bundles (phase: building)...[2K[1G[36mâ ´[39m Generating browser application bundles (phase: building)...[2K[1G[36mâ ¦[39m Generating browser application bundles (phase: building)...[2K[1G[36mâ §[39m Generating browser application bundles (phase: building)...[2K[1G[36mâ ‡[39m Generating browser application bundles (phase: sealing)...[2K[1G[32mâœ”[39m Browser application bundle generation complete.
[37m[39m
[37m[0m[1mInitial Chunk Files[22m[2m | [22m[1mNames[22m  [2m | [22m[1mRaw Size[22m[0m[39m
[37m[0m[92mmain.js[39m[37m            [2m | [22mmain   [2m | [22m[96m38.56 kB[39m[37m[2m | [22m[0m[39m
[37m[0m[92mruntime.js[39m[37m         [2m | [22mruntime[2m | [22m[96m12.62 kB[39m[37m[2m | [22m[0m[39m
[37m[0m[0m[39m
[37m[0m4 unchanged chunks[0m[39m
[37m[0m[0m[39m
[37m[0mBuild at: [1m[37m2023-11-30T09:53:14.162Z[39m[37m[22m - Hash: [1m[37mb2ecc7ea3b9c63ab[39m[37m[22m - Time: [1m[37m3335[39m[37m[22mms[0m[39m
[1m[31m[39m[22m
[1m[31m[0m[36m./libs/users/users/data-access/src/lib/+state/users.reducer.ts[39m[31m[0m:[0m[93m36:8-53[39m[31m[0m - [0m[91mError: [39m[31m[0mexport 'getUsersExcludeUserByIdFromStore' (imported as 'UsersActions') was not found in './users.actions' (possible exports: filterUsers, initUsers, loadUsersFailure, loadUsersSuccess)[39m[22m
[1m[31m[39m[22m
[1m[31m[0m[91mError: [39m[31m[0m[96mlibs/users/users/data-access/src/lib/+state/users.reducer.ts[0m:[93m38[0m:[93m3[0m - [91merror[0m[90m TS18004: [0mNo value exists in scope for the shorthand property 'id'. Either declare one or provide an initializer.[39m[22m
[1m[31m[39m[22m
[1m[31m[7m38[0m   id,[39m[22m
[1m[31m[7m  [0m [91m  ~~[0m[39m[22m
[1m[31m[39m[22m
[1m[31m[39m[22m
[1m[31m[0m[91mError: [39m[31m[0m[96mlibs/users/users/data-access/src/lib/+state/users.reducer.ts[0m:[93m59[0m:[93m19[0m - [91merror[0m[90m TS2339: [0mProperty 'getUsersExcludeUserByIdFromStore' does not exist on type 'typeof import("D:/\u0414\u0435\u043B\u0430.\u0420\u0430\u0431\u043E\u0442\u0430.\u0423\u0447\u0451\u0431\u0430/FrontEnd/\u041F\u0440\u0430\u043A\u0442\u0438\u043A\u0430 JS/Angular/Ilnur Ryazhapov/GitHub/UI-User-NX-NGRX/libs/users/users/data-access/src/lib/+state/users.actions")'.[39m[22m
[1m[31m[39m[22m
[1m[31m[7m59[0m   on(UsersActions.getUsersExcludeUserByIdFromStore, (state, { filterParams }) => ({[39m[22m
[1m[31m[7m  [0m [91m                  ~~~~~~~~~~~~~~~~~~~~~~~~~~~~~~~~[0m[39m[22m
[1m[31m[39m[22m
[1m[31m[39m[22m
[1m[31m[39m[22m
[37m[39m
[37m[91mÃ—[39m[37m Failed to compile.[39m
[36mâ ‹[39m Generating browser application bundles...[2K[1G[36mâ ™[39m Generating browser application bundles (phase: building)...[2K[1G[36mâ ¹[39m Generating browser application bundles (phase: building)...[2K[1G[36mâ ¸[39m Generating browser application bundles (phase: building)...[2K[1G[36mâ ¼[39m Generating browser application bundles (phase: building)...[2K[1G[36mâ ´[39m Generating browser application bundles (phase: building)...[2K[1G[36mâ ¦[39m Generating browser application bundles (phase: building)...[2K[1G[36mâ §[39m Generating browser application bundles (phase: sealing)...[2K[1G[32mâœ”[39m Browser application bundle generation complete.
[37m[39m
[37m[0m[1mInitial Chunk Files[22m[2m | [22m[1mNames[22m  [2m | [22m[1mRaw Size[22m[0m[39m
[37m[0m[92mmain.js[39m[37m            [2m | [22mmain   [2m | [22m[96m38.57 kB[39m[37m[2m | [22m[0m[39m
[37m[0m[92mruntime.js[39m[37m         [2m | [22mruntime[2m | [22m[96m12.62 kB[39m[37m[2m | [22m[0m[39m
[37m[0m[0m[39m
[37m[0m4 unchanged chunks[0m[39m
[37m[0m[0m[39m
[37m[0mBuild at: [1m[37m2023-11-30T09:53:27.799Z[39m[37m[22m - Hash: [1m[37m9be934ce372429e4[39m[37m[22m - Time: [1m[37m1891[39m[37m[22mms[0m[39m
[1m[31m[39m[22m
[1m[31m[0m[36m./libs/users/users/data-access/src/lib/+state/users.reducer.ts[39m[31m[0m:[0m[93m36:8-53[39m[31m[0m - [0m[91mError: [39m[31m[0mexport 'getUsersExcludeUserByIdFromStore' (imported as 'UsersActions') was not found in './users.actions' (possible exports: filterUsers, initUsers, loadUsersFailure, loadUsersSuccess)[39m[22m
[1m[31m[39m[22m
[1m[31m[0m[91mError: [39m[31m[0m[96mlibs/users/users/data-access/src/lib/+state/users.reducer.ts[0m:[93m38[0m:[93m11[0m - [91merror[0m[90m TS2304: [0mCannot find name 'id'.[39m[22m
[1m[31m[39m[22m
[1m[31m[7m38[0m   UserID: id,[39m[22m
[1m[31m[7m  [0m [91m          ~~[0m[39m[22m
[1m[31m[39m[22m
[1m[31m[39m[22m
[1m[31m[0m[91mError: [39m[31m[0m[96mlibs/users/users/data-access/src/lib/+state/users.reducer.ts[0m:[93m59[0m:[93m19[0m - [91merror[0m[90m TS2339: [0mProperty 'getUsersExcludeUserByIdFromStore' does not exist on type 'typeof import("D:/\u0414\u0435\u043B\u0430.\u0420\u0430\u0431\u043E\u0442\u0430.\u0423\u0447\u0451\u0431\u0430/FrontEnd/\u041F\u0440\u0430\u043A\u0442\u0438\u043A\u0430 JS/Angular/Ilnur Ryazhapov/GitHub/UI-User-NX-NGRX/libs/users/users/data-access/src/lib/+state/users.actions")'.[39m[22m
[1m[31m[39m[22m
[1m[31m[7m59[0m   on(UsersActions.getUsersExcludeUserByIdFromStore, (state, { filterParams }) => ({[39m[22m
[1m[31m[7m  [0m [91m                  ~~~~~~~~~~~~~~~~~~~~~~~~~~~~~~~~[0m[39m[22m
[1m[31m[39m[22m
[1m[31m[39m[22m
[1m[31m[39m[22m
[37m[39m
[37m[91mÃ—[39m[37m Failed to compile.[39m
[36mâ ‹[39m Generating browser application bundles...[2K[1G[36mâ ™[39m Generating browser application bundles (phase: building)...[2K[1G[36mâ ¹[39m Generating browser application bundles (phase: building)...[2K[1G[36mâ ¸[39m Generating browser application bundles (phase: building)...[2K[1G[36mâ ¼[39m Generating browser application bundles (phase: building)...[2K[1G[36mâ ´[39m Generating browser application bundles (phase: building)...[2K[1G[36mâ ¦[39m Generating browser application bundles (phase: sealing)...[2K[1G[32mâœ”[39m Browser application bundle generation complete.
[37m[39m
[37m[0m[1mInitial Chunk Files[22m[2m | [22m[1mNames[22m  [2m | [22m[1mRaw Size[22m[0m[39m
[37m[0m[92mmain.js[39m[37m            [2m | [22mmain   [2m | [22m[96m38.58 kB[39m[37m[2m | [22m[0m[39m
[37m[0m[92mruntime.js[39m[37m         [2m | [22mruntime[2m | [22m[96m12.62 kB[39m[37m[2m | [22m[0m[39m
[37m[0m[0m[39m
[37m[0m4 unchanged chunks[0m[39m
[37m[0m[0m[39m
[37m[0mBuild at: [1m[37m2023-11-30T09:53:59.086Z[39m[37m[22m - Hash: [1m[37mc2f9338ed5e50af0[39m[37m[22m - Time: [1m[37m1732[39m[37m[22mms[0m[39m
[1m[31m[39m[22m
[1m[31m[0m[36m./libs/users/users/data-access/src/lib/+state/users.reducer.ts[39m[31m[0m:[0m[93m38:8-53[39m[31m[0m - [0m[91mError: [39m[31m[0mexport 'getUsersExcludeUserByIdFromStore' (imported as 'UsersActions') was not found in './users.actions' (possible exports: filterUsers, initUsers, loadUsersFailure, loadUsersSuccess)[39m[22m
[1m[31m[39m[22m
[1m[31m[0m[91mError: [39m[31m[0m[96mlibs/users/users/data-access/src/lib/+state/users.reducer.ts[0m:[93m59[0m:[93m19[0m - [91merror[0m[90m TS2339: [0mProperty 'getUsersExcludeUserByIdFromStore' does not exist on type 'typeof import("D:/\u0414\u0435\u043B\u0430.\u0420\u0430\u0431\u043E\u0442\u0430.\u0423\u0447\u0451\u0431\u0430/FrontEnd/\u041F\u0440\u0430\u043A\u0442\u0438\u043A\u0430 JS/Angular/Ilnur Ryazhapov/GitHub/UI-User-NX-NGRX/libs/users/users/data-access/src/lib/+state/users.actions")'.[39m[22m
[1m[31m[39m[22m
[1m[31m[7m59[0m   on(UsersActions.getUsersExcludeUserByIdFromStore, (state, { filterParams }) => ({[39m[22m
[1m[31m[7m  [0m [91m                  ~~~~~~~~~~~~~~~~~~~~~~~~~~~~~~~~[0m[39m[22m
[1m[31m[39m[22m
[1m[31m[39m[22m
[1m[31m[39m[22m
[37m[39m
[37m[91mÃ—[39m[37m Failed to compile.[39m
[36mâ ‹[39m Generating browser application bundles...[2K[1G[36mâ ™[39m Generating browser application bundles (phase: building)...[2K[1G[36mâ ¹[39m Generating browser application bundles (phase: building)...[2K[1G[36mâ ¸[39m Generating browser application bundles (phase: building)...[2K[1G[36mâ ¼[39m Generating browser application bundles (phase: building)...[2K[1G[36mâ ´[39m Generating browser application bundles (phase: building)...[2K[1G[36mâ ¦[39m Generating browser application bundles (phase: building)...[2K[1G[36mâ §[39m Generating browser application bundles (phase: sealing)...[2K[1G[32mâœ”[39m Browser application bundle generation complete.
[37m[39m
[37m[0m[1mInitial Chunk Files[22m[2m | [22m[1mNames[22m  [2m | [22m[1mRaw Size[22m[0m[39m
[37m[0m[92mmain.js[39m[37m            [2m | [22mmain   [2m | [22m[96m38.57 kB[39m[37m[2m | [22m[0m[39m
[37m[0m[92mruntime.js[39m[37m         [2m | [22mruntime[2m | [22m[96m12.62 kB[39m[37m[2m | [22m[0m[39m
[37m[0m[0m[39m
[37m[0m4 unchanged chunks[0m[39m
[37m[0m[0m[39m
[37m[0mBuild at: [1m[37m2023-11-30T09:54:28.410Z[39m[37m[22m - Hash: [1m[37mf76336302451d3fd[39m[37m[22m - Time: [1m[37m1811[39m[37m[22mms[0m[39m
[1m[31m[39m[22m
[1m[31m[0m[36m./libs/users/users/data-access/src/lib/+state/users.reducer.ts[39m[31m[0m:[0m[93m38:8-53[39m[31m[0m - [0m[91mError: [39m[31m[0mexport 'getUsersExcludeUserByIdFromStore' (imported as 'UsersActions') was not found in './users.actions' (possible exports: filterUsers, initUsers, loadUsersFailure, loadUsersSuccess)[39m[22m
[1m[31m[39m[22m
[1m[31m[0m[91mError: [39m[31m[0m[96mlibs/users/users/data-access/src/lib/+state/users.reducer.ts[0m:[93m59[0m:[93m19[0m - [91merror[0m[90m TS2339: [0mProperty 'getUsersExcludeUserByIdFromStore' does not exist on type 'typeof import("D:/\u0414\u0435\u043B\u0430.\u0420\u0430\u0431\u043E\u0442\u0430.\u0423\u0447\u0451\u0431\u0430/FrontEnd/\u041F\u0440\u0430\u043A\u0442\u0438\u043A\u0430 JS/Angular/Ilnur Ryazhapov/GitHub/UI-User-NX-NGRX/libs/users/users/data-access/src/lib/+state/users.actions")'.[39m[22m
[1m[31m[39m[22m
[1m[31m[7m59[0m   on(UsersActions.getUsersExcludeUserByIdFromStore, (state, { UserID }) => ({[39m[22m
[1m[31m[7m  [0m [91m                  ~~~~~~~~~~~~~~~~~~~~~~~~~~~~~~~~[0m[39m[22m
[1m[31m[39m[22m
[1m[31m[39m[22m
[1m[31m[39m[22m
[37m[39m
[37m[91mÃ—[39m[37m Failed to compile.[39m
[36mâ ‹[39m Generating browser application bundles...[2K[1G[36mâ ™[39m Generating browser application bundles (phase: building)...[2K[1G[36mâ ¹[39m Generating browser application bundles (phase: building)...[2K[1G[36mâ ¸[39m Generating browser application bundles (phase: building)...[2K[1G[36mâ ¼[39m Generating browser application bundles (phase: building)...[2K[1G[36mâ ´[39m Generating browser application bundles (phase: building)...[2K[1G[36mâ ¦[39m Generating browser application bundles (phase: building)...[2K[1G[36mâ §[39m Generating browser application bundles (phase: building)...[2K[1G[36mâ ‡[39m Generating browser application bundles (phase: building)...[2K[1G[36mâ [39m Generating browser application bundles (phase: building)...[2K[1G[36mâ ‹[39m Generating browser application bundles (phase: sealing)...[2K[1G[36mâ ™[39m Generating browser application bundles (phase: sealing)...[2K[1G[32mâœ”[39m Browser application bundle generation complete.
[37m[39m
[37m[0m[1mInitial Chunk Files[22m            [2m | [22m[1mNames[22m     [2m | [22m [1mRaw Size[22m[0m[39m
[37m[0m[92mmain.js[39m[37m                        [2m | [22mmain      [2m | [22m [96m39.03 kB[39m[37m[2m | [22m[0m[39m
[37m[0m[92mruntime.js[39m[37m                     [2m | [22mruntime   [2m | [22m [96m12.62 kB[39m[37m[2m | [22m[0m[39m
[37m[0m[0m[39m
[37m[0m[1mLazy Chunk Files[22m               [2m | [22m[1mNames[22m     [2m | [22m [1mRaw Size[22m[0m[39m
[37m[0m[92mlibs_users_home_src_index_ts.js[39m[37m[2m | [22musers-home[2m | [22m[96m618.81 kB[39m[37m[2m | [22m[0m[39m
[37m[0m[0m[39m
[37m[0m3 unchanged chunks[0m[39m
[37m[0m[0m[39m
[37m[0mBuild at: [1m[37m2023-11-30T09:55:16.037Z[39m[37m[22m - Hash: [1m[37m6f87d9ef7b43b46b[39m[37m[22m - Time: [1m[37m4983[39m[37m[22mms[0m[39m
[1m[31m[39m[22m
[1m[31m[0m[91mError: [39m[31m[0m[96mlibs/users/users/data-access/src/lib/+state/users.reducer.ts[0m:[93m59[0m:[93m63[0m - [91merror[0m[90m TS2339: [0mProperty 'UserID' does not exist on type '{ filterParams: UsersFilter; } & TypedAction<"[Users Page] Filter Users"> & { type: "[Users Page] Filter Users"; }'.[39m[22m
[1m[31m[39m[22m
[1m[31m[7m59[0m   on(UsersActions.getUsersExcludeUserByIdFromStore, (state, { UserID }) => ({[39m[22m
[1m[31m[7m  [0m [91m                                                              ~~~~~~[0m[39m[22m
[1m[31m[39m[22m
[1m[31m[39m[22m
[1m[31m[39m[22m
[37m[39m
[37m[91mÃ—[39m[37m Failed to compile.[39m
[36mâ ‹[39m Generating browser application bundles...[2K[1G[36mâ ™[39m Generating browser application bundles (phase: building)...[2K[1G[36mâ ¹[39m Generating browser application bundles (phase: building)...[2K[1G[36mâ ¸[39m Generating browser application bundles (phase: building)...[2K[1G[36mâ ¼[39m Generating browser application bundles (phase: building)...[2K[1G[36mâ ´[39m Generating browser application bundles (phase: building)...[2K[1G[36mâ ¦[39m Generating browser application bundles (phase: building)...[2K[1G[36mâ §[39m Generating browser application bundles (phase: sealing)...[2K[1G[36mâ ‡[39m Generating browser application bundles (phase: emitting)...[2K[1G[32mâœ”[39m Browser application bundle generation complete.
[37m[39m
[37m[0m[1mInitial Chunk Files[22m[2m | [22m[1mNames[22m  [2m | [22m[1mRaw Size[22m[0m[39m
[37m[0m[92mmain.js[39m[37m            [2m | [22mmain   [2m | [22m[96m39.03 kB[39m[37m[2m | [22m[0m[39m
[37m[0m[92mruntime.js[39m[37m         [2m | [22mruntime[2m | [22m[96m12.62 kB[39m[37m[2m | [22m[0m[39m
[37m[0m[0m[39m
[37m[0m4 unchanged chunks[0m[39m
[37m[0m[0m[39m
[37m[0mBuild at: [1m[37m2023-11-30T09:56:00.155Z[39m[37m[22m - Hash: [1m[37m06b3047923b89ba2[39m[37m[22m - Time: [1m[37m2998[39m[37m[22mms[0m[39m
[37m[39m
[37m[92mâˆš[39m[37m Compiled successfully.[39m
[36mâ ‹[39m Generating browser application bundles...[2K[1G[36mâ ™[39m Generating browser application bundles (phase: building)...[2K[1G[36mâ ¹[39m Generating browser application bundles (phase: building)...[2K[1G[36mâ ¸[39m Generating browser application bundles (phase: building)...[2K[1G[36mâ ¼[39m Generating browser application bundles (phase: building)...[2K[1G[36mâ ´[39m Generating browser application bundles (phase: sealing)...[2K[1G[32mâœ”[39m Browser application bundle generation complete.
[37m[39m
[37m[0m[1mInitial Chunk Files[22m[2m | [22m[1mNames[22m  [2m | [22m[1mRaw Size[22m[0m[39m
[37m[0m[92mmain.js[39m[37m            [2m | [22mmain   [2m | [22m[96m39.03 kB[39m[37m[2m | [22m[0m[39m
[37m[0m[92mruntime.js[39m[37m         [2m | [22mruntime[2m | [22m[96m12.62 kB[39m[37m[2m | [22m[0m[39m
[37m[0m[0m[39m
[37m[0m4 unchanged chunks[0m[39m
[37m[0m[0m[39m
[37m[0mBuild at: [1m[37m2023-11-30T09:56:12.050Z[39m[37m[22m - Hash: [1m[37m2f8c9b4a89db3db7[39m[37m[22m - Time: [1m[37m2484[39m[37m[22mms[0m[39m
[1m[31m[39m[22m
[1m[31m[0m[91mError: [39m[31m[0m[96mlibs/users/users/data-access/src/lib/+state/users.actions.ts[0m:[93m24[0m:[93m19[0m - [91merror[0m[90m TS2304: [0mCannot find name 'UserID'.[39m[22m
[1m[31m[39m[22m
[1m[31m[7m24[0m   props<{ UserID: UserID }>(),[39m[22m
[1m[31m[7m  [0m [91m                  ~~~~~~[0m[39m[22m
[1m[31m[39m[22m
[1m[31m[39m[22m
[1m[31m[39m[22m
[37m[39m
[37m[91mÃ—[39m[37m Failed to compile.[39m
[36mâ ‹[39m Generating browser application bundles...[2K[1G[36mâ ™[39m Generating browser application bundles (phase: building)...[2K[1G[36mâ ¹[39m Generating browser application bundles (phase: building)...[2K[1G[36mâ ¸[39m Generating browser application bundles (phase: building)...[2K[1G[36mâ ¼[39m Generating browser application bundles (phase: building)...[2K[1G[36mâ ´[39m Generating browser application bundles (phase: building)...[2K[1G[36mâ ¦[39m Generating browser application bundles (phase: building)...[2K[1G[36mâ §[39m Generating browser application bundles (phase: sealing)...[2K[1G[32mâœ”[39m Browser application bundle generation complete.
[37m[39m
[37m[0m[1mInitial Chunk Files[22m[2m | [22m[1mNames[22m  [2m | [22m[1mRaw Size[22m[0m[39m
[37m[0m[92mmain.js[39m[37m            [2m | [22mmain   [2m | [22m[96m39.03 kB[39m[37m[2m | [22m[0m[39m
[37m[0m[92mruntime.js[39m[37m         [2m | [22mruntime[2m | [22m[96m12.62 kB[39m[37m[2m | [22m[0m[39m
[37m[0m[0m[39m
[37m[0m4 unchanged chunks[0m[39m
[37m[0m[0m[39m
[37m[0mBuild at: [1m[37m2023-11-30T09:56:23.338Z[39m[37m[22m - Hash: [1m[37m6f7c76b4311fa189[39m[37m[22m - Time: [1m[37m2372[39m[37m[22mms[0m[39m
[1m[31m[39m[22m
[1m[31m[0m[91mError: [39m[31m[0m[96mlibs/users/users/data-access/src/lib/+state/users.reducer.ts[0m:[93m61[0m:[93m5[0m - [91merror[0m[90m TS2739: [0mType 'UserID' is missing the following properties from type 'UsersFilter': name, email, company, phone[39m[22m
[1m[31m[39m[22m
[1m[31m[7m61[0m     filter: UserID,[39m[22m
[1m[31m[7m  [0m [91m    ~~~~~~[0m[39m[22m
[1m[31m[39m[22m
[1m[31m  [96mlibs/users/users/data-access/src/lib/+state/users.reducer.ts[0m:[93m24[0m:[93m3[0m[39m[22m
[1m[31m    [7m24[0m   filter: UsersFilter;[39m[22m
[1m[31m    [7m  [0m [96m  ~~~~~~[0m[39m[22m
[1m[31m    The expected type comes from property 'filter' which is declared here on type 'UsersState'[39m[22m
[1m[31m[39m[22m
[1m[31m[39m[22m
[1m[31m[39m[22m
[37m[39m
[37m[91mÃ—[39m[37m Failed to compile.[39m
[36mâ ‹[39m Generating browser application bundles...[2K[1G[36mâ ™[39m Generating browser application bundles (phase: building)...[2K[1G[36mâ ¹[39m Generating browser application bundles (phase: building)...[2K[1G[36mâ ¸[39m Generating browser application bundles (phase: building)...[2K[1G[36mâ ¼[39m Generating browser application bundles (phase: building)...[2K[1G[36mâ ´[39m Generating browser application bundles (phase: sealing)...[2K[1G[36mâ ¦[39m Generating browser application bundles (phase: sealing)...[2K[1G[32mâœ”[39m Browser application bundle generation complete.
[37m[39m
[37m[0m[1mInitial Chunk Files[22m[2m | [22m[1mNames[22m  [2m | [22m[1mRaw Size[22m[0m[39m
[37m[0m[92mmain.js[39m[37m            [2m | [22mmain   [2m | [22m[96m39.03 kB[39m[37m[2m | [22m[0m[39m
[37m[0m[92mruntime.js[39m[37m         [2m | [22mruntime[2m | [22m[96m12.62 kB[39m[37m[2m | [22m[0m[39m
[37m[0m[0m[39m
[37m[0m4 unchanged chunks[0m[39m
[37m[0m[0m[39m
[37m[0mBuild at: [1m[37m2023-11-30T09:56:33.271Z[39m[37m[22m - Hash: [1m[37m2793c920e0018e95[39m[37m[22m - Time: [1m[37m2838[39m[37m[22mms[0m[39m
[1m[31m[39m[22m
[1m[31m[0m[91mError: [39m[31m[0m[96mlibs/users/users/data-access/src/lib/+state/users.reducer.ts[0m:[93m59[0m:[93m63[0m - [91merror[0m[90m TS2339: [0mProperty 'UserID' does not exist on type '{ filter: UserID; } & TypedAction<"[Users Page] Filter Users"> & { type: "[Users Page] Filter Users"; }'.[39m[22m
[1m[31m[39m[22m
[1m[31m[7m59[0m   on(UsersActions.getUsersExcludeUserByIdFromStore, (state, { UserID }) => ({[39m[22m
[1m[31m[7m  [0m [91m                                                              ~~~~~~[0m[39m[22m
[1m[31m[39m[22m
[1m[31m[39m[22m
[1m[31m[39m[22m
[37m[39m
[37m[91mÃ—[39m[37m Failed to compile.[39m
[36mâ ‹[39m Generating browser application bundles...[2K[1G[36mâ ™[39m Generating browser application bundles (phase: building)...[2K[1G[36mâ ¹[39m Generating browser application bundles (phase: building)...[2K[1G[36mâ ¸[39m Generating browser application bundles (phase: building)...[2K[1G[36mâ ¼[39m Generating browser application bundles (phase: building)...[2K[1G[36mâ ´[39m Generating browser application bundles (phase: building)...[2K[1G[36mâ ¦[39m Generating browser application bundles (phase: building)...[2K[1G[36mâ §[39m Generating browser application bundles (phase: building)...[2K[1G[36mâ ‡[39m Generating browser application bundles (phase: building)...[2K[1G[36mâ [39m Generating browser application bundles (phase: sealing)...[2K[1G[32mâœ”[39m Browser application bundle generation complete.
[37m[39m
[37m[0m[1mInitial Chunk Files[22m[2m | [22m[1mNames[22m  [2m | [22m[1mRaw Size[22m[0m[39m
[37m[0m[92mmain.js[39m[37m            [2m | [22mmain   [2m | [22m[96m39.02 kB[39m[37m[2m | [22m[0m[39m
[37m[0m[92mruntime.js[39m[37m         [2m | [22mruntime[2m | [22m[96m12.62 kB[39m[37m[2m | [22m[0m[39m
[37m[0m[0m[39m
[37m[0m4 unchanged chunks[0m[39m
[37m[0m[0m[39m
[37m[0mBuild at: [1m[37m2023-11-30T09:58:34.304Z[39m[37m[22m - Hash: [1m[37m44a70205156e9e5e[39m[37m[22m - Time: [1m[37m2672[39m[37m[22mms[0m[39m
[1m[31m[39m[22m
[1m[31m[0m[91mError: [39m[31m[0m[96mlibs/users/users/data-access/src/lib/+state/users.reducer.ts[0m:[93m59[0m:[93m63[0m - [91merror[0m[90m TS2339: [0mProperty 'UserID' does not exist on type '{ filter: UserID; } & TypedAction<"[Users Page] filter"> & { type: "[Users Page] filter"; }'.[39m[22m
[1m[31m[39m[22m
[1m[31m[7m59[0m   on(UsersActions.getUsersExcludeUserByIdFromStore, (state, { UserID }) => ({[39m[22m
[1m[31m[7m  [0m [91m                                                              ~~~~~~[0m[39m[22m
[1m[31m[39m[22m
[1m[31m[39m[22m
[1m[31m[39m[22m
[37m[39m
[37m[91mÃ—[39m[37m Failed to compile.[39m
[36mâ ‹[39m Generating browser application bundles...[2K[1G[36mâ ™[39m Generating browser application bundles (phase: building)...[2K[1G[36mâ ¹[39m Generating browser application bundles (phase: building)...[2K[1G[36mâ ¸[39m Generating browser application bundles (phase: building)...[2K[1G[36mâ ¼[39m Generating browser application bundles (phase: building)...[2K[1G[36mâ ´[39m Generating browser application bundles (phase: building)...[2K[1G[36mâ ¦[39m Generating browser application bundles (phase: building)...[2K[1G[36mâ §[39m Generating browser application bundles (phase: sealing)...[2K[1G[32mâœ”[39m Browser application bundle generation complete.
[37m[39m
[37m[0m[1mInitial Chunk Files[22m[2m | [22m[1mNames[22m  [2m | [22m[1mRaw Size[22m[0m[39m
[37m[0m[92mmain.js[39m[37m            [2m | [22mmain   [2m | [22m[96m39.03 kB[39m[37m[2m | [22m[0m[39m
[37m[0m[92mruntime.js[39m[37m         [2m | [22mruntime[2m | [22m[96m12.62 kB[39m[37m[2m | [22m[0m[39m
[37m[0m[0m[39m
[37m[0m4 unchanged chunks[0m[39m
[37m[0m[0m[39m
[37m[0mBuild at: [1m[37m2023-11-30T09:58:48.185Z[39m[37m[22m - Hash: [1m[37m38de20c41d33e547[39m[37m[22m - Time: [1m[37m2527[39m[37m[22mms[0m[39m
[1m[31m[39m[22m
[1m[31m[0m[91mError: [39m[31m[0m[96mlibs/users/users/data-access/src/lib/+state/users.reducer.ts[0m:[93m59[0m:[93m63[0m - [91merror[0m[90m TS2339: [0mProperty 'UserID' does not exist on type '{ filter: UserID; } & TypedAction<"[Users Page] filter UserID"> & { type: "[Users Page] filter UserID"; }'.[39m[22m
[1m[31m[39m[22m
[1m[31m[7m59[0m   on(UsersActions.getUsersExcludeUserByIdFromStore, (state, { UserID }) => ({[39m[22m
[1m[31m[7m  [0m [91m                                                              ~~~~~~[0m[39m[22m
[1m[31m[39m[22m
[1m[31m[39m[22m
[1m[31m[39m[22m
[37m[39m
[37m[91mÃ—[39m[37m Failed to compile.[39m
[36mâ ‹[39m Generating browser application bundles...[2K[1G[36mâ ™[39m Generating browser application bundles (phase: building)...[2K[1G[36mâ ¹[39m Generating browser application bundles (phase: building)...[2K[1G[36mâ ¸[39m Generating browser application bundles (phase: building)...[2K[1G[36mâ ¼[39m Generating browser application bundles (phase: building)...[2K[1G[36mâ ´[39m Generating browser application bundles (phase: building)...[2K[1G[36mâ ¦[39m Generating browser application bundles (phase: building)...[2K[1G[36mâ §[39m Generating browser application bundles (phase: building)...[2K[1G[36mâ ‡[39m Generating browser application bundles (phase: sealing)...[2K[1G[36mâ [39m Generating browser application bundles (phase: sealing)...[2K[1G[36mâ ‹[39m Generating browser application bundles (phase: sealing)...[2K[1G[36mâ ™[39m Generating browser application bundles (phase: sealing)...[2K[1G[32mâœ”[39m Browser application bundle generation complete.
[37m[39m
[37m[0m[1mInitial Chunk Files[22m[2m | [22m[1mNames[22m  [2m | [22m[1mRaw Size[22m[0m[39m
[37m[0m[92mmain.js[39m[37m            [2m | [22mmain   [2m | [22m[96m39.03 kB[39m[37m[2m | [22m[0m[39m
[37m[0m[92mruntime.js[39m[37m         [2m | [22mruntime[2m | [22m[96m12.62 kB[39m[37m[2m | [22m[0m[39m
[37m[0m[0m[39m
[37m[0m4 unchanged chunks[0m[39m
[37m[0m[0m[39m
[37m[0mBuild at: [1m[37m2023-11-30T10:01:24.482Z[39m[37m[22m - Hash: [1m[37m2d6582bea7314733[39m[37m[22m - Time: [1m[37m4118[39m[37m[22mms[0m[39m
[1m[31m[39m[22m
[1m[31m[0m[91mError: [39m[31m[0m[96mlibs/users/users/data-access/src/lib/+state/users.reducer.ts[0m:[93m35[0m:[93m14[0m - [91merror[0m[90m TS2741: [0mProperty 'filterById' is missing in type 'EntityState<UsersEntity> & { loaded: false; filter: { name: string; email: string; company: string; phone: string; }; UserID: { id: number; }; }' but required in type 'UsersState'.[39m[22m
[1m[31m[39m[22m
[1m[31m[7m35[0m export const initialUsersState: UsersState = usersAdapter.getInitialState({[39m[22m
[1m[31m[7m  [0m [91m             ~~~~~~~~~~~~~~~~~[0m[39m[22m
[1m[31m[39m[22m
[1m[31m  [96mlibs/users/users/data-access/src/lib/+state/users.reducer.ts[0m:[93m25[0m:[93m3[0m[39m[22m
[1m[31m    [7m25[0m   filterById: UserID;[39m[22m
[1m[31m    [7m  [0m [96m  ~~~~~~~~~~[0m[39m[22m
[1m[31m    'filterById' is declared here.[39m[22m
[1m[31m[39m[22m
[1m[31m[39m[22m
[1m[31m[0m[91mError: [39m[31m[0m[96mlibs/users/users/data-access/src/lib/+state/users.reducer.ts[0m:[93m60[0m:[93m63[0m - [91merror[0m[90m TS2339: [0mProperty 'UserID' does not exist on type '{ filter: UserID; } & TypedAction<"[Users Page] filter UserID"> & { type: "[Users Page] filter UserID"; }'.[39m[22m
[1m[31m[39m[22m
[1m[31m[7m60[0m   on(UsersActions.getUsersExcludeUserByIdFromStore, (state, { UserID }) => ({[39m[22m
[1m[31m[7m  [0m [91m                                                              ~~~~~~[0m[39m[22m
[1m[31m[39m[22m
[1m[31m[39m[22m
[1m[31m[39m[22m
[37m[39m
[37m[91mÃ—[39m[37m Failed to compile.[39m
[36mâ ‹[39m Generating browser application bundles...[2K[1G[36mâ ™[39m Generating browser application bundles (phase: building)...[2K[1G[36mâ ¹[39m Generating browser application bundles (phase: building)...[2K[1G[36mâ ¸[39m Generating browser application bundles (phase: building)...[2K[1G[36mâ ¼[39m Generating browser application bundles (phase: building)...[2K[1G[36mâ ´[39m Generating browser application bundles (phase: sealing)...[2K[1G[32mâœ”[39m Browser application bundle generation complete.
[37m[39m
[37m[0m[1mInitial Chunk Files[22m[2m | [22m[1mNames[22m  [2m | [22m[1mRaw Size[22m[0m[39m
[37m[0m[92mmain.js[39m[37m            [2m | [22mmain   [2m | [22m[96m39.04 kB[39m[37m[2m | [22m[0m[39m
[37m[0m[92mruntime.js[39m[37m         [2m | [22mruntime[2m | [22m[96m12.62 kB[39m[37m[2m | [22m[0m[39m
[37m[0m[0m[39m
[37m[0m4 unchanged chunks[0m[39m
[37m[0m[0m[39m
[37m[0mBuild at: [1m[37m2023-11-30T10:01:40.488Z[39m[37m[22m - Hash: [1m[37m9c3386f58dc7d4dc[39m[37m[22m - Time: [1m[37m1664[39m[37m[22mms[0m[39m
[1m[31m[39m[22m
[1m[31m[0m[91mError: [39m[31m[0m[96mlibs/users/users/data-access/src/lib/+state/users.reducer.ts[0m:[93m60[0m:[93m63[0m - [91merror[0m[90m TS2339: [0mProperty 'UserID' does not exist on type '{ filter: UserID; } & TypedAction<"[Users Page] filter UserID"> & { type: "[Users Page] filter UserID"; }'.[39m[22m
[1m[31m[39m[22m
[1m[31m[7m60[0m   on(UsersActions.getUsersExcludeUserByIdFromStore, (state, { UserID }) => ({[39m[22m
[1m[31m[7m  [0m [91m                                                              ~~~~~~[0m[39m[22m
[1m[31m[39m[22m
[1m[31m[39m[22m
[1m[31m[39m[22m
[37m[39m
[37m[91mÃ—[39m[37m Failed to compile.[39m
[36mâ ‹[39m Generating browser application bundles...[2K[1G[36mâ ™[39m Generating browser application bundles (phase: building)...[2K[1G[36mâ ¹[39m Generating browser application bundles (phase: building)...[2K[1G[36mâ ¸[39m Generating browser application bundles (phase: building)...[2K[1G[36mâ ¼[39m Generating browser application bundles (phase: building)...[2K[1G[36mâ ´[39m Generating browser application bundles (phase: building)...[2K[1G[36mâ ¦[39m Generating browser application bundles (phase: sealing)...[2K[1G[36mâ §[39m Generating browser application bundles (phase: sealing)...[2K[1G[32mâœ”[39m Browser application bundle generation complete.
[37m[39m
[37m[0m[1mInitial Chunk Files[22m[2m | [22m[1mNames[22m  [2m | [22m[1mRaw Size[22m[0m[39m
[37m[0m[92mmain.js[39m[37m            [2m | [22mmain   [2m | [22m[96m39.04 kB[39m[37m[2m | [22m[0m[39m
[37m[0m[92mruntime.js[39m[37m         [2m | [22mruntime[2m | [22m[96m12.62 kB[39m[37m[2m | [22m[0m[39m
[37m[0m[0m[39m
[37m[0m4 unchanged chunks[0m[39m
[37m[0m[0m[39m
[37m[0mBuild at: [1m[37m2023-11-30T10:02:13.391Z[39m[37m[22m - Hash: [1m[37mec4bd9c95b217d32[39m[37m[22m - Time: [1m[37m2898[39m[37m[22mms[0m[39m
[1m[31m[39m[22m
[1m[31m[0m[91mError: [39m[31m[0m[96mlibs/users/users/data-access/src/lib/+state/users.reducer.ts[0m:[93m60[0m:[93m63[0m - [91merror[0m[90m TS2339: [0mProperty 'UserID' does not exist on type '{ filterById: UserID; } & TypedAction<"[Users Page] filter UserID"> & { type: "[Users Page] filter UserID"; }'.[39m[22m
[1m[31m[39m[22m
[1m[31m[7m60[0m   on(UsersActions.getUsersExcludeUserByIdFromStore, (state, { UserID }) => ({[39m[22m
[1m[31m[7m  [0m [91m                                                              ~~~~~~[0m[39m[22m
[1m[31m[39m[22m
[1m[31m[39m[22m
[1m[31m[39m[22m
[37m[39m
[37m[91mÃ—[39m[37m Failed to compile.[39m
[36mâ ‹[39m Generating browser application bundles...[2K[1G[36mâ ™[39m Generating browser application bundles (phase: building)...[2K[1G[36mâ ¹[39m Generating browser application bundles (phase: building)...[2K[1G[36mâ ¸[39m Generating browser application bundles (phase: building)...[2K[1G[36mâ ¼[39m Generating browser application bundles (phase: building)...[2K[1G[36mâ ´[39m Generating browser application bundles (phase: building)...[2K[1G[36mâ ¦[39m Generating browser application bundles (phase: building)...[2K[1G[36mâ §[39m Generating browser application bundles (phase: sealing)...[2K[1G[36mâ ‡[39m Generating browser application bundles (phase: emitting)...[2K[1G[32mâœ”[39m Browser application bundle generation complete.
[37m[39m
[37m[0m[1mInitial Chunk Files[22m[2m | [22m[1mNames[22m  [2m | [22m[1mRaw Size[22m[0m[39m
[37m[0m[92mmain.js[39m[37m            [2m | [22mmain   [2m | [22m[96m39.04 kB[39m[37m[2m | [22m[0m[39m
[37m[0m[92mruntime.js[39m[37m         [2m | [22mruntime[2m | [22m[96m12.62 kB[39m[37m[2m | [22m[0m[39m
[37m[0m[0m[39m
[37m[0m4 unchanged chunks[0m[39m
[37m[0m[0m[39m
[37m[0mBuild at: [1m[37m2023-11-30T10:03:26.248Z[39m[37m[22m - Hash: [1m[37m668596bca4f1ab25[39m[37m[22m - Time: [1m[37m3071[39m[37m[22mms[0m[39m
[37m[39m
[37m[92mâˆš[39m[37m Compiled successfully.[39m
[36mâ ‹[39m Generating browser application bundles...[2K[1G[36mâ ™[39m Generating browser application bundles (phase: building)...[2K[1G[36mâ ¹[39m Generating browser application bundles (phase: building)...[2K[1G[36mâ ¸[39m Generating browser application bundles (phase: building)...[2K[1G[36mâ ¼[39m Generating browser application bundles (phase: building)...[2K[1G[36mâ ´[39m Generating browser application bundles (phase: building)...[2K[1G[36mâ ¦[39m Generating browser application bundles (phase: building)...[2K[1G[36mâ §[39m Generating browser application bundles (phase: sealing)...[2K[1G[32mâœ”[39m Browser application bundle generation complete.
[37m[39m
[37m[0m[1mInitial Chunk Files[22m[2m | [22m[1mNames[22m  [2m | [22m[1mRaw Size[22m[0m[39m
[37m[0m[92mmain.js[39m[37m            [2m | [22mmain   [2m | [22m[96m39.04 kB[39m[37m[2m | [22m[0m[39m
[37m[0m[92mruntime.js[39m[37m         [2m | [22mruntime[2m | [22m[96m12.62 kB[39m[37m[2m | [22m[0m[39m
[37m[0m[0m[39m
[37m[0m4 unchanged chunks[0m[39m
[37m[0m[0m[39m
[37m[0mBuild at: [1m[37m2023-11-30T10:03:54.043Z[39m[37m[22m - Hash: [1m[37m92287efc8ce1ccf1[39m[37m[22m - Time: [1m[37m3132[39m[37m[22mms[0m[39m
[1m[31m[39m[22m
[1m[31m[0m[91mError: [39m[31m[0m[96mlibs/users/users/data-access/src/lib/+state/users.reducer.ts[0m:[93m60[0m:[93m63[0m - [91merror[0m[90m TS2339: [0mProperty 'UserID' does not exist on type '{ filterById: UserID; } & TypedAction<"[Users Page] filter UserID"> & { type: "[Users Page] filter UserID"; }'.[39m[22m
[1m[31m[39m[22m
[1m[31m[7m60[0m   on(UsersActions.getUsersExcludeUserByIdFromStore, (state, { UserID }) => ({[39m[22m
[1m[31m[7m  [0m [91m                                                              ~~~~~~[0m[39m[22m
[1m[31m[39m[22m
[1m[31m[39m[22m
[1m[31m[39m[22m
[37m[39m
[37m[91mÃ—[39m[37m Failed to compile.[39m
[36mâ ‹[39m Generating browser application bundles...[2K[1G[36mâ ™[39m Generating browser application bundles (phase: building)...[2K[1G[36mâ ¹[39m Generating browser application bundles (phase: building)...[2K[1G[36mâ ¸[39m Generating browser application bundles (phase: building)...[2K[1G[36mâ ¼[39m Generating browser application bundles (phase: building)...[2K[1G[36mâ ´[39m Generating browser application bundles (phase: building)...[2K[1G[36mâ ¦[39m Generating browser application bundles (phase: building)...[2K[1G[36mâ §[39m Generating browser application bundles (phase: building)...[2K[1G[36mâ ‡[39m Generating browser application bundles (phase: sealing)...[2K[1G[36mâ [39m Generating browser application bundles (phase: emitting)...[2K[1G[32mâœ”[39m Browser application bundle generation complete.
[37m[39m
[37m[0m[1mInitial Chunk Files[22m[2m | [22m[1mNames[22m  [2m | [22m[1mRaw Size[22m[0m[39m
[37m[0m[92mmain.js[39m[37m            [2m | [22mmain   [2m | [22m[96m39.05 kB[39m[37m[2m | [22m[0m[39m
[37m[0m[92mruntime.js[39m[37m         [2m | [22mruntime[2m | [22m[96m12.62 kB[39m[37m[2m | [22m[0m[39m
[37m[0m[0m[39m
[37m[0m4 unchanged chunks[0m[39m
[37m[0m[0m[39m
[37m[0mBuild at: [1m[37m2023-11-30T10:04:04.009Z[39m[37m[22m - Hash: [1m[37m9faef03ac46579c5[39m[37m[22m - Time: [1m[37m2527[39m[37m[22mms[0m[39m
[37m[39m
[37m[92mâˆš[39m[37m Compiled successfully.[39m
[36mâ ‹[39m Generating browser application bundles...[2K[1G[36mâ ™[39m Generating browser application bundles (phase: building)...[2K[1G[36mâ ¹[39m Generating browser application bundles (phase: building)...[2K[1G[36mâ ¸[39m Generating browser application bundles (phase: building)...[2K[1G[36mâ ¼[39m Generating browser application bundles (phase: building)...[2K[1G[36mâ ´[39m Generating browser application bundles (phase: building)...[2K[1G[36mâ ¦[39m Generating browser application bundles (phase: sealing)...[2K[1G[36mâ §[39m Generating browser application bundles (phase: sealing)...[2K[1G[36mâ ‡[39m Generating browser application bundles (phase: sealing)...[2K[1G[36mâ [39m Generating browser application bundles (phase: sealing)...[2K[1G[32mâœ”[39m Browser application bundle generation complete.
[37m[39m
[37m[0m[1mInitial Chunk Files[22m[2m | [22m[1mNames[22m  [2m | [22m[1mRaw Size[22m[0m[39m
[37m[0m[92mmain.js[39m[37m            [2m | [22mmain   [2m | [22m[96m39.13 kB[39m[37m[2m | [22m[0m[39m
[37m[0m[92mruntime.js[39m[37m         [2m | [22mruntime[2m | [22m[96m12.62 kB[39m[37m[2m | [22m[0m[39m
[37m[0m[0m[39m
[37m[0m4 unchanged chunks[0m[39m
[37m[0m[0m[39m
[37m[0mBuild at: [1m[37m2023-11-30T10:05:28.857Z[39m[37m[22m - Hash: [1m[37maac6fc6c4194249f[39m[37m[22m - Time: [1m[37m2660[39m[37m[22mms[0m[39m
[1m[31m[39m[22m
[1m[31m[0m[91mError: [39m[31m[0m[96mlibs/users/users/data-access/src/lib/+state/users.facade.ts[0m:[93m40[0m:[93m52[0m - [91merror[0m[90m TS18004: [0mNo value exists in scope for the shorthand property 'filterParams'. Either declare one or provide an initializer.[39m[22m
[1m[31m[39m[22m
[1m[31m[7m40[0m     this.store.dispatch(UsersActions.filterUsers({ filterParams }));[39m[22m
[1m[31m[7m  [0m [91m                                                   ~~~~~~~~~~~~[0m[39m[22m
[1m[31m[39m[22m
[1m[31m[39m[22m
[1m[31m[39m[22m
[37m[39m
[37m[91mÃ—[39m[37m Failed to compile.[39m
[36mâ ‹[39m Generating browser application bundles...[2K[1G[36mâ ™[39m Generating browser application bundles (phase: building)...[2K[1G[36mâ ¹[39m Generating browser application bundles (phase: building)...[2K[1G[36mâ ¸[39m Generating browser application bundles (phase: building)...[2K[1G[36mâ ¼[39m Generating browser application bundles (phase: building)...[2K[1G[36mâ ´[39m Generating browser application bundles (phase: sealing)...[2K[1G[32mâœ”[39m Browser application bundle generation complete.
[37m[39m
[37m[0m[1mInitial Chunk Files[22m[2m | [22m[1mNames[22m  [2m | [22m[1mRaw Size[22m[0m[39m
[37m[0m[92mmain.js[39m[37m            [2m | [22mmain   [2m | [22m[96m39.15 kB[39m[37m[2m | [22m[0m[39m
[37m[0m[92mruntime.js[39m[37m         [2m | [22mruntime[2m | [22m[96m12.62 kB[39m[37m[2m | [22m[0m[39m
[37m[0m[0m[39m
[37m[0m4 unchanged chunks[0m[39m
[37m[0m[0m[39m
[37m[0mBuild at: [1m[37m2023-11-30T10:05:46.324Z[39m[37m[22m - Hash: [1m[37mb0c88ac99e751013[39m[37m[22m - Time: [1m[37m1715[39m[37m[22mms[0m[39m
[1m[31m[39m[22m
[1m[31m[0m[91mError: [39m[31m[0m[96mlibs/users/users/data-access/src/lib/+state/users.facade.ts[0m:[93m40[0m:[93m73[0m - [91merror[0m[90m TS2345: [0mArgument of type '{ filterParams: any; }' is not assignable to parameter of type '{ filterById: UserID; }'.[39m[22m
[1m[31m  Object literal may only specify known properties, and 'filterParams' does not exist in type '{ filterById: UserID; }'.[39m[22m
[1m[31m[39m[22m
[1m[31m[7m40[0m     this.store.dispatch(UsersActions.getUsersExcludeUserByIdFromStore({ filterParams }));[39m[22m
[1m[31m[7m  [0m [91m                                                                        ~~~~~~~~~~~~[0m[39m[22m
[1m[31m[39m[22m
[1m[31m[39m[22m
[1m[31m[0m[91mError: [39m[31m[0m[96mlibs/users/users/data-access/src/lib/+state/users.facade.ts[0m:[93m40[0m:[93m73[0m - [91merror[0m[90m TS18004: [0mNo value exists in scope for the shorthand property 'filterParams'. Either declare one or provide an initializer.[39m[22m
[1m[31m[39m[22m
[1m[31m[7m40[0m     this.store.dispatch(UsersActions.getUsersExcludeUserByIdFromStore({ filterParams }));[39m[22m
[1m[31m[7m  [0m [91m                                                                        ~~~~~~~~~~~~[0m[39m[22m
[1m[31m[39m[22m
[1m[31m[39m[22m
[1m[31m[39m[22m
[37m[39m
[37m[91mÃ—[39m[37m Failed to compile.[39m
[36mâ ‹[39m Generating browser application bundles...[2K[1G[36mâ ™[39m Generating browser application bundles (phase: building)...[2K[1G[36mâ ¹[39m Generating browser application bundles (phase: building)...[2K[1G[36mâ ¸[39m Generating browser application bundles (phase: building)...[2K[1G[36mâ ¼[39m Generating browser application bundles (phase: building)...[2K[1G[36mâ ´[39m Generating browser application bundles (phase: building)...[2K[1G[36mâ ¦[39m Generating browser application bundles (phase: sealing)...[2K[1G[32mâœ”[39m Browser application bundle generation complete.
[37m[39m
[37m[0m[1mInitial Chunk Files[22m[2m | [22m[1mNames[22m  [2m | [22m[1mRaw Size[22m[0m[39m
[37m[0m[92mmain.js[39m[37m            [2m | [22mmain   [2m | [22m[96m39.14 kB[39m[37m[2m | [22m[0m[39m
[37m[0m[92mruntime.js[39m[37m         [2m | [22mruntime[2m | [22m[96m12.62 kB[39m[37m[2m | [22m[0m[39m
[37m[0m[0m[39m
[37m[0m4 unchanged chunks[0m[39m
[37m[0m[0m[39m
[37m[0mBuild at: [1m[37m2023-11-30T10:05:54.462Z[39m[37m[22m - Hash: [1m[37md1b3f185c0138327[39m[37m[22m - Time: [1m[37m1823[39m[37m[22mms[0m[39m
[1m[31m[39m[22m
[1m[31m[0m[91mError: [39m[31m[0m[96mlibs/users/users/data-access/src/lib/+state/users.facade.ts[0m:[93m41[0m:[93m55[0m - [91merror[0m[90m TS2345: [0mArgument of type '{ userId: number; }' is not assignable to parameter of type '{ filterById: UserID; }'.[39m[22m
[1m[31m  Object literal may only specify known properties, and 'userId' does not exist in type '{ filterById: UserID; }'.[39m[22m
[1m[31m[39m[22m
[1m[31m[7m41[0m       UsersActions.getUsersExcludeUserByIdFromStore({ userId }),[39m[22m
[1m[31m[7m  [0m [91m                                                      ~~~~~~[0m[39m[22m
[1m[31m[39m[22m
[1m[31m[39m[22m
[1m[31m[39m[22m
[37m[39m
[37m[91mÃ—[39m[37m Failed to compile.[39m
[36mâ ‹[39m Generating browser application bundles...[2K[1G[36mâ ™[39m Generating browser application bundles (phase: building)...[2K[1G[36mâ ¹[39m Generating browser application bundles (phase: building)...[2K[1G[36mâ ¸[39m Generating browser application bundles (phase: building)...[2K[1G[36mâ ¼[39m Generating browser application bundles (phase: building)...[2K[1G[36mâ ´[39m Generating browser application bundles (phase: building)...[2K[1G[36mâ ¦[39m Generating browser application bundles (phase: sealing)...[2K[1G[32mâœ”[39m Browser application bundle generation complete.
[37m[39m
[37m[0m[1mInitial Chunk Files[22m[2m | [22m[1mNames[22m  [2m | [22m[1mRaw Size[22m[0m[39m
[37m[0m[92mmain.js[39m[37m            [2m | [22mmain   [2m | [22m[96m39.14 kB[39m[37m[2m | [22m[0m[39m
[37m[0m[92mruntime.js[39m[37m         [2m | [22mruntime[2m | [22m[96m12.62 kB[39m[37m[2m | [22m[0m[39m
[37m[0m[0m[39m
[37m[0m4 unchanged chunks[0m[39m
[37m[0m[0m[39m
[37m[0mBuild at: [1m[37m2023-11-30T10:06:52.881Z[39m[37m[22m - Hash: [1m[37m70d04b3ea7d51a1a[39m[37m[22m - Time: [1m[37m2281[39m[37m[22mms[0m[39m
[1m[31m[39m[22m
[1m[31m[0m[91mError: [39m[31m[0m[96mlibs/users/users/data-access/src/lib/+state/users.facade.ts[0m:[93m38[0m:[93m51[0m - [91merror[0m[90m TS2304: [0mCannot find name 'UserID'.[39m[22m
[1m[31m[39m[22m
[1m[31m[7m38[0m   public getUsersExcludeUserByIdFromStore(userId: UserID) {[39m[22m
[1m[31m[7m  [0m [91m                                                  ~~~~~~[0m[39m[22m
[1m[31m[39m[22m
[1m[31m[39m[22m
[1m[31m[0m[91mError: [39m[31m[0m[96mlibs/users/users/data-access/src/lib/+state/users.facade.ts[0m:[93m41[0m:[93m55[0m - [91merror[0m[90m TS2345: [0mArgument of type '{ userId: UserID; }' is not assignable to parameter of type '{ filterById: UserID; }'.[39m[22m
[1m[31m  Object literal may only specify known properties, and 'userId' does not exist in type '{ filterById: UserID; }'.[39m[22m
[1m[31m[39m[22m
[1m[31m[7m41[0m       UsersActions.getUsersExcludeUserByIdFromStore({ userId }),[39m[22m
[1m[31m[7m  [0m [91m                                                      ~~~~~~[0m[39m[22m
[1m[31m[39m[22m
[1m[31m[39m[22m
[1m[31m[39m[22m
[37m[39m
[37m[91mÃ—[39m[37m Failed to compile.[39m
[36mâ ‹[39m Generating browser application bundles...[2K[1G[36mâ ™[39m Generating browser application bundles (phase: building)...[2K[1G[36mâ ¹[39m Generating browser application bundles (phase: building)...[2K[1G[36mâ ¸[39m Generating browser application bundles (phase: building)...[2K[1G[36mâ ¼[39m Generating browser application bundles (phase: building)...[2K[1G[36mâ ´[39m Generating browser application bundles (phase: building)...[2K[1G[36mâ ¦[39m Generating browser application bundles (phase: sealing)...[2K[1G[32mâœ”[39m Browser application bundle generation complete.
[37m[39m
[37m[0m[1mInitial Chunk Files[22m[2m | [22m[1mNames[22m  [2m | [22m[1mRaw Size[22m[0m[39m
[37m[0m[92mmain.js[39m[37m            [2m | [22mmain   [2m | [22m[96m39.14 kB[39m[37m[2m | [22m[0m[39m
[37m[0m[92mruntime.js[39m[37m         [2m | [22mruntime[2m | [22m[96m12.62 kB[39m[37m[2m | [22m[0m[39m
[37m[0m[0m[39m
[37m[0m4 unchanged chunks[0m[39m
[37m[0m[0m[39m
[37m[0mBuild at: [1m[37m2023-11-30T10:07:27.877Z[39m[37m[22m - Hash: [1m[37mdb0f5beef693b524[39m[37m[22m - Time: [1m[37m2530[39m[37m[22mms[0m[39m
[1m[31m[39m[22m
[1m[31m[0m[91mError: [39m[31m[0m[96mlibs/users/users/data-access/src/lib/+state/users.facade.ts[0m:[93m41[0m:[93m55[0m - [91merror[0m[90m TS2345: [0mArgument of type '{ userId: UserID; }' is not assignable to parameter of type '{ filterById: UserID; }'.[39m[22m
[1m[31m  Object literal may only specify known properties, and 'userId' does not exist in type '{ filterById: UserID; }'.[39m[22m
[1m[31m[39m[22m
[1m[31m[7m41[0m       UsersActions.getUsersExcludeUserByIdFromStore({ userId }),[39m[22m
[1m[31m[7m  [0m [91m                                                      ~~~~~~[0m[39m[22m
[1m[31m[39m[22m
[1m[31m[39m[22m
[1m[31m[0m[91mError: [39m[31m[0m[96mlibs/users/users/feature-users-list/src/lib/users-list-container/users-list-container.component.ts[0m:[93m60[0m:[93m55[0m - [91merror[0m[90m TS2345: [0mArgument of type 'number' is not assignable to parameter of type 'UserID'.[39m[22m
[1m[31m[39m[22m
[1m[31m[7m60[0m     this.usersFacade.getUsersExcludeUserByIdFromStore(userId);[39m[22m
[1m[31m[7m  [0m [91m                                                      ~~~~~~[0m[39m[22m
[1m[31m[39m[22m
[1m[31m[39m[22m
[1m[31m[39m[22m
[37m[39m
[37m[91mÃ—[39m[37m Failed to compile.[39m
[36mâ ‹[39m Generating browser application bundles...[2K[1G[36mâ ™[39m Generating browser application bundles (phase: building)...[2K[1G[36mâ ¹[39m Generating browser application bundles (phase: building)...[2K[1G[36mâ ¸[39m Generating browser application bundles (phase: building)...[2K[1G[36mâ ¼[39m Generating browser application bundles (phase: building)...[2K[1G[36mâ ´[39m Generating browser application bundles (phase: building)...[2K[1G[36mâ ¦[39m Generating browser application bundles (phase: building)...[2K[1G[36mâ §[39m Generating browser application bundles (phase: building)...[2K[1G[36mâ ‡[39m Generating browser application bundles (phase: building)...[2K[1G[36mâ [39m Generating browser application bundles (phase: building)...[2K[1G[36mâ ‹[39m Generating browser application bundles (phase: sealing)...[2K[1G[36mâ ™[39m Generating browser application bundles (phase: sealing)...[2K[1G[32mâœ”[39m Browser application bundle generation complete.
[37m[39m
[37m[0m[1mInitial Chunk Files[22m            [2m | [22m[1mNames[22m     [2m | [22m [1mRaw Size[22m[0m[39m
[37m[0m[92mruntime.js[39m[37m                     [2m | [22mruntime   [2m | [22m [96m12.62 kB[39m[37m[2m | [22m[0m[39m
[37m[0m[0m[39m
[37m[0m[1mLazy Chunk Files[22m               [2m | [22m[1mNames[22m     [2m | [22m [1mRaw Size[22m[0m[39m
[37m[0m[92mlibs_users_home_src_index_ts.js[39m[37m[2m | [22musers-home[2m | [22m[96m618.81 kB[39m[37m[2m | [22m[0m[39m
[37m[0m[0m[39m
[37m[0m4 unchanged chunks[0m[39m
[37m[0m[0m[39m
[37m[0mBuild at: [1m[37m2023-11-30T10:07:54.582Z[39m[37m[22m - Hash: [1m[37mc0cc399b258d6512[39m[37m[22m - Time: [1m[37m3615[39m[37m[22mms[0m[39m
[1m[31m[39m[22m
[1m[31m[0m[91mError: [39m[31m[0m[96mlibs/users/users/data-access/src/lib/+state/users.facade.ts[0m:[93m41[0m:[93m55[0m - [91merror[0m[90m TS2345: [0mArgument of type '{ userId: UserID; }' is not assignable to parameter of type '{ filterById: UserID; }'.[39m[22m
[1m[31m  Object literal may only specify known properties, and 'userId' does not exist in type '{ filterById: UserID; }'.[39m[22m
[1m[31m[39m[22m
[1m[31m[7m41[0m       UsersActions.getUsersExcludeUserByIdFromStore({ userId }),[39m[22m
[1m[31m[7m  [0m [91m                                                      ~~~~~~[0m[39m[22m
[1m[31m[39m[22m
[1m[31m[39m[22m
[1m[31m[39m[22m
[37m[39m
[37m[91mÃ—[39m[37m Failed to compile.[39m
[36mâ ‹[39m Generating browser application bundles...[2K[1G[36mâ ™[39m Generating browser application bundles (phase: building)...[2K[1G[36mâ ¹[39m Generating browser application bundles (phase: building)...[2K[1G[36mâ ¸[39m Generating browser application bundles (phase: building)...[2K[1G[36mâ ¼[39m Generating browser application bundles (phase: building)...[2K[1G[36mâ ´[39m Generating browser application bundles (phase: building)...[2K[1G[36mâ ¦[39m Generating browser application bundles (phase: sealing)...[2K[1G[32mâœ”[39m Browser application bundle generation complete.
[37m[39m
[37m[0m[1mInitial Chunk Files[22m            [2m | [22m[1mNames[22m     [2m | [22m [1mRaw Size[22m[0m[39m
[37m[0m[92mruntime.js[39m[37m                     [2m | [22mruntime   [2m | [22m [96m12.62 kB[39m[37m[2m | [22m[0m[39m
[37m[0m[0m[39m
[37m[0m[1mLazy Chunk Files[22m               [2m | [22m[1mNames[22m     [2m | [22m [1mRaw Size[22m[0m[39m
[37m[0m[92mlibs_users_home_src_index_ts.js[39m[37m[2m | [22musers-home[2m | [22m[96m618.81 kB[39m[37m[2m | [22m[0m[39m
[37m[0m[0m[39m
[37m[0m4 unchanged chunks[0m[39m
[37m[0m[0m[39m
[37m[0mBuild at: [1m[37m2023-11-30T10:08:27.098Z[39m[37m[22m - Hash: [1m[37meb3c16c47c4028d4[39m[37m[22m - Time: [1m[37m2136[39m[37m[22mms[0m[39m
[1m[31m[39m[22m
[1m[31m[0m[91mError: [39m[31m[0m[96mlibs/users/users/data-access/src/lib/+state/users.facade.ts[0m:[93m41[0m:[93m55[0m - [91merror[0m[90m TS2345: [0mArgument of type '{ userId: UserID; }' is not assignable to parameter of type '{ filterById: UserID; }'.[39m[22m
[1m[31m  Object literal may only specify known properties, and 'userId' does not exist in type '{ filterById: UserID; }'.[39m[22m
[1m[31m[39m[22m
[1m[31m[7m41[0m       UsersActions.getUsersExcludeUserByIdFromStore({ userId }),[39m[22m
[1m[31m[7m  [0m [91m                                                      ~~~~~~[0m[39m[22m
[1m[31m[39m[22m
[1m[31m[39m[22m
[1m[31m[0m[91mError: [39m[31m[0m[96mlibs/users/users/feature-users-list/src/lib/users-list-container/users-list-container.component.ts[0m:[93m59[0m:[93m24[0m - [91merror[0m[90m TS2304: [0mCannot find name 'UserID'.[39m[22m
[1m[31m[39m[22m
[1m[31m[7m59[0m   OnDeleteUser(userId: UserID) {[39m[22m
[1m[31m[7m  [0m [91m                       ~~~~~~[0m[39m[22m
[1m[31m[39m[22m
[1m[31m[39m[22m
[1m[31m[39m[22m
[37m[39m
[37m[91mÃ—[39m[37m Failed to compile.[39m
[36mâ ‹[39m Generating browser application bundles...[2K[1G[36mâ ™[39m Generating browser application bundles (phase: building)...[2K[1G[36mâ ¹[39m Generating browser application bundles (phase: building)...[2K[1G[36mâ ¸[39m Generating browser application bundles (phase: building)...[2K[1G[36mâ ¼[39m Generating browser application bundles (phase: building)...[2K[1G[36mâ ´[39m Generating browser application bundles (phase: building)...[2K[1G[36mâ ¦[39m Generating browser application bundles (phase: building)...[2K[1G[36mâ §[39m Generating browser application bundles (phase: sealing)...[2K[1G[32mâœ”[39m Browser application bundle generation complete.
[37m[39m
[37m[0m[1mInitial Chunk Files[22m[2m | [22m[1mNames[22m  [2m | [22m[1mRaw Size[22m[0m[39m
[37m[0m[92mmain.js[39m[37m            [2m | [22mmain   [2m | [22m[96m39.03 kB[39m[37m[2m | [22m[0m[39m
[37m[0m[92mruntime.js[39m[37m         [2m | [22mruntime[2m | [22m[96m12.62 kB[39m[37m[2m | [22m[0m[39m
[37m[0m[0m[39m
[37m[0m4 unchanged chunks[0m[39m
[37m[0m[0m[39m
[37m[0mBuild at: [1m[37m2023-11-30T10:09:03.499Z[39m[37m[22m - Hash: [1m[37m79373ade2d212c97[39m[37m[22m - Time: [1m[37m2652[39m[37m[22mms[0m[39m
[1m[31m[39m[22m
[1m[31m[0m[91mError: [39m[31m[0m[96mlibs/users/users/data-access/src/lib/+state/users.facade.ts[0m:[93m41[0m:[93m55[0m - [91merror[0m[90m TS2345: [0mArgument of type '{ userId: UserID; }' is not assignable to parameter of type '{ filterById: UserID; }'.[39m[22m
[1m[31m  Object literal may only specify known properties, and 'userId' does not exist in type '{ filterById: UserID; }'.[39m[22m
[1m[31m[39m[22m
[1m[31m[7m41[0m       UsersActions.getUsersExcludeUserByIdFromStore({ userId }),[39m[22m
[1m[31m[7m  [0m [91m                                                      ~~~~~~[0m[39m[22m
[1m[31m[39m[22m
[1m[31m[39m[22m
[1m[31m[0m[91mError: [39m[31m[0m[96mlibs/users/users/feature-users-list/src/lib/users-list-container/users-list-container.component.ts[0m:[93m59[0m:[93m24[0m - [91merror[0m[90m TS2304: [0mCannot find name 'UserID'.[39m[22m
[1m[31m[39m[22m
[1m[31m[7m59[0m   OnDeleteUser(userId: UserID) {[39m[22m
[1m[31m[7m  [0m [91m                       ~~~~~~[0m[39m[22m
[1m[31m[39m[22m
[1m[31m[39m[22m
[1m[31m[39m[22m
[37m[39m
[37m[91mÃ—[39m[37m Failed to compile.[39m
[36mâ ‹[39m Generating browser application bundles...[2K[1G[36mâ ™[39m Generating browser application bundles (phase: building)...[2K[1G[36mâ ¹[39m Generating browser application bundles (phase: building)...[2K[1G[36mâ ¸[39m Generating browser application bundles (phase: building)...[2K[1G[36mâ ¼[39m Generating browser application bundles (phase: building)...[2K[1G[36mâ ´[39m Generating browser application bundles (phase: building)...[2K[1G[36mâ ¦[39m Generating browser application bundles (phase: building)...[2K[1G[36mâ §[39m Generating browser application bundles (phase: building)...[2K[1G[36mâ ‡[39m Generating browser application bundles (phase: building)...[2K[1G[36mâ [39m Generating browser application bundles (phase: sealing)...[2K[1G[36mâ ‹[39m Generating browser application bundles (phase: sealing)...[2K[1G[36mâ ™[39m Generating browser application bundles (phase: sealing)...[2K[1G[32mâœ”[39m Browser application bundle generation complete.
[37m[39m
[37m[0m[1mInitial Chunk Files[22m[2m | [22m[1mNames[22m  [2m | [22m[1mRaw Size[22m[0m[39m
[37m[0m[92mmain.js[39m[37m            [2m | [22mmain   [2m | [22m[96m39.18 kB[39m[37m[2m | [22m[0m[39m
[37m[0m[92mruntime.js[39m[37m         [2m | [22mruntime[2m | [22m[96m12.62 kB[39m[37m[2m | [22m[0m[39m
[37m[0m[0m[39m
[37m[0m4 unchanged chunks[0m[39m
[37m[0m[0m[39m
[37m[0mBuild at: [1m[37m2023-11-30T10:10:35.644Z[39m[37m[22m - Hash: [1m[37m88d17a4f3e3b391d[39m[37m[22m - Time: [1m[37m3359[39m[37m[22mms[0m[39m
[1m[31m[39m[22m
[1m[31m[0m[91mError: [39m[31m[0m[96mlibs/users/users/data-access/src/lib/+state/users.facade.ts[0m:[93m22[0m:[93m19[0m - [91merror[0m[90m TS2300: [0mDuplicate identifier 'allUsers$'.[39m[22m
[1m[31m[39m[22m
[1m[31m[7m22[0m   public readonly allUsers$ = this.store.pipe([39m[22m
[1m[31m[7m  [0m [91m                  ~~~~~~~~~[0m[39m[22m
[1m[31m[39m[22m
[1m[31m[39m[22m
[1m[31m[0m[91mError: [39m[31m[0m[96mlibs/users/users/data-access/src/lib/+state/users.facade.ts[0m:[93m44[0m:[93m55[0m - [91merror[0m[90m TS2345: [0mArgument of type '{ userId: UserID; }' is not assignable to parameter of type '{ filterById: UserID; }'.[39m[22m
[1m[31m  Object literal may only specify known properties, and 'userId' does not exist in type '{ filterById: UserID; }'.[39m[22m
[1m[31m[39m[22m
[1m[31m[7m44[0m       UsersActions.getUsersExcludeUserByIdFromStore({ userId }),[39m[22m
[1m[31m[7m  [0m [91m                                                      ~~~~~~[0m[39m[22m
[1m[31m[39m[22m
[1m[31m[39m[22m
[1m[31m[0m[91mError: [39m[31m[0m[96mlibs/users/users/feature-users-list/src/lib/users-list-container/users-list-container.component.ts[0m:[93m59[0m:[93m24[0m - [91merror[0m[90m TS2304: [0mCannot find name 'UserID'.[39m[22m
[1m[31m[39m[22m
[1m[31m[7m59[0m   OnDeleteUser(userId: UserID) {[39m[22m
[1m[31m[7m  [0m [91m                       ~~~~~~[0m[39m[22m
[1m[31m[39m[22m
[1m[31m[39m[22m
[1m[31m[39m[22m
[37m[39m
[37m[91mÃ—[39m[37m Failed to compile.[39m
[36mâ ‹[39m Generating browser application bundles...[2K[1G[36mâ ™[39m Generating browser application bundles (phase: building)...[2K[1G[36mâ ¹[39m Generating browser application bundles (phase: building)...[2K[1G[36mâ ¸[39m Generating browser application bundles (phase: building)...[2K[1G[36mâ ¼[39m Generating browser application bundles (phase: building)...[2K[1G[36mâ ´[39m Generating browser application bundles (phase: sealing)...[2K[1G[32mâœ”[39m Browser application bundle generation complete.
[37m[39m
[37m[0m[1mInitial Chunk Files[22m[2m | [22m[1mNames[22m  [2m | [22m[1mRaw Size[22m[0m[39m
[37m[0m[92mmain.js[39m[37m            [2m | [22mmain   [2m | [22m[96m39.14 kB[39m[37m[2m | [22m[0m[39m
[37m[0m[92mruntime.js[39m[37m         [2m | [22mruntime[2m | [22m[96m12.62 kB[39m[37m[2m | [22m[0m[39m
[37m[0m[0m[39m
[37m[0m4 unchanged chunks[0m[39m
[37m[0m[0m[39m
[37m[0mBuild at: [1m[37m2023-11-30T10:10:51.008Z[39m[37m[22m - Hash: [1m[37m923a0e205b041b00[39m[37m[22m - Time: [1m[37m2475[39m[37m[22mms[0m[39m
[1m[31m[39m[22m
[1m[31m[0m[91mError: [39m[31m[0m[96mlibs/users/users/data-access/src/lib/+state/users.facade.ts[0m:[93m44[0m:[93m55[0m - [91merror[0m[90m TS2345: [0mArgument of type '{ userId: UserID; }' is not assignable to parameter of type '{ filterById: UserID; }'.[39m[22m
[1m[31m  Object literal may only specify known properties, and 'userId' does not exist in type '{ filterById: UserID; }'.[39m[22m
[1m[31m[39m[22m
[1m[31m[7m44[0m       UsersActions.getUsersExcludeUserByIdFromStore({ userId }),[39m[22m
[1m[31m[7m  [0m [91m                                                      ~~~~~~[0m[39m[22m
[1m[31m[39m[22m
[1m[31m[39m[22m
[1m[31m[0m[91mError: [39m[31m[0m[96mlibs/users/users/feature-users-list/src/lib/users-list-container/users-list-container.component.ts[0m:[93m59[0m:[93m24[0m - [91merror[0m[90m TS2304: [0mCannot find name 'UserID'.[39m[22m
[1m[31m[39m[22m
[1m[31m[7m59[0m   OnDeleteUser(userId: UserID) {[39m[22m
[1m[31m[7m  [0m [91m                       ~~~~~~[0m[39m[22m
[1m[31m[39m[22m
[1m[31m[39m[22m
[1m[31m[0m[91mError: [39m[31m[0m[96mlibs/users/users/feature-users-list/src/lib/users-list-container/users-list-container.store.ts[0m:[93m53[0m:[93m9[0m - [91merror[0m[90m TS2345: [0mArgument of type 'MonoTypeOperatorFunction<UsersEntity[]>' is not assignable to parameter of type 'OperatorFunction<MemoizedSelector<object, UsersEntity[], (s1: UsersEntity[]) => UsersEntity[]>, UsersEntity[]>'.[39m[22m
[1m[31m  Types of parameters 'source' and 'source' are incompatible.[39m[22m
[1m[31m    Type 'Observable<MemoizedSelector<object, UsersEntity[], (s1: UsersEntity[]) => UsersEntity[]>>' is not assignable to type 'Observable<UsersEntity[]>'.[39m[22m
[1m[31m      Type 'MemoizedSelector<object, UsersEntity[], (s1: UsersEntity[]) => UsersEntity[]>' is missing the following properties from type 'UsersEntity[]': pop, push, concat, join, and 27 more.[39m[22m
[1m[31m[39m[22m
[1m[31m[7m 53[0m         tap((users: UsersEntity[]) => {[39m[22m
[1m[31m[7m   [0m [91m        ~~~~~~~~~~~~~~~~~~~~~~~~~~~~~~~[0m[39m[22m
[1m[31m[7m 54[0m           this.patchState({[39m[22m
[1m[31m[7m   [0m [91m~~~~~~~~~~~~~~~~~~~~~~~~~~~[0m[39m[22m
[1m[31m[7m...[0m [39m[22m
[1m[31m[7m 56[0m           });[39m[22m
[1m[31m[7m   [0m [91m~~~~~~~~~~~~~[0m[39m[22m
[1m[31m[7m 57[0m         }),[39m[22m
[1m[31m[7m   [0m [91m~~~~[39m[22m[1m[31m~~~~~~[0m[39m[22m
[1m[31m[39m[22m
[1m[31m[39m[22m
[1m[31m[39m[22m
[37m[39m
[37m[91mÃ—[39m[37m Failed to compile.[39m
[36mâ ‹[39m Generating browser application bundles...[2K[1G[36mâ ™[39m Generating browser application bundles (phase: building)...[2K[1G[36mâ ¹[39m Generating browser application bundles (phase: building)...[2K[1G[36mâ ¸[39m Generating browser application bundles (phase: building)...[2K[1G[36mâ ¼[39m Generating browser application bundles (phase: building)...[2K[1G[36mâ ´[39m Generating browser application bundles (phase: building)...[2K[1G[36mâ ¦[39m Generating browser application bundles (phase: building)...[2K[1G[36mâ §[39m Generating browser application bundles (phase: building)...[2K[1G[36mâ ‡[39m Generating browser application bundles (phase: building)...[2K[1G[36mâ [39m Generating browser application bundles (phase: building)...[2K[1G[36mâ ‹[39m Generating browser application bundles (phase: building)...[2K[1G[36mâ ™[39m Generating browser application bundles (phase: building)...[2K[1G[36mâ ¹[39m Generating browser application bundles (phase: building)...[2K[1G[36mâ ¸[39m Generating browser application bundles (phase: building)...[2K[1G[36mâ ¼[39m Generating browser application bundles (phase: sealing)...[2K[1G[32mâœ”[39m Browser application bundle generation complete.
[37m[39m
[37m[0m[1mInitial Chunk Files[22m            [2m | [22m[1mNames[22m     [2m | [22m [1mRaw Size[22m[0m[39m
[37m[0m[92mruntime.js[39m[37m                     [2m | [22mruntime   [2m | [22m [96m12.62 kB[39m[37m[2m | [22m[0m[39m
[37m[0m[0m[39m
[37m[0m[1mLazy Chunk Files[22m               [2m | [22m[1mNames[22m     [2m | [22m [1mRaw Size[22m[0m[39m
[37m[0m[92mlibs_users_home_src_index_ts.js[39m[37m[2m | [22musers-home[2m | [22m[96m618.81 kB[39m[37m[2m | [22m[0m[39m
[37m[0m[0m[39m
[37m[0m4 unchanged chunks[0m[39m
[37m[0m[0m[39m
[37m[0mBuild at: [1m[37m2023-11-30T10:12:14.882Z[39m[37m[22m - Hash: [1m[37m66dd0b002532e13d[39m[37m[22m - Time: [1m[37m4274[39m[37m[22mms[0m[39m
[1m[31m[39m[22m
[1m[31m[0m[91mError: [39m[31m[0m[96mlibs/users/users/data-access/src/lib/+state/users.facade.ts[0m:[93m44[0m:[93m55[0m - [91merror[0m[90m TS2345: [0mArgument of type '{ userId: UserID; }' is not assignable to parameter of type '{ filterById: UserID; }'.[39m[22m
[1m[31m  Object literal may only specify known properties, and 'userId' does not exist in type '{ filterById: UserID; }'.[39m[22m
[1m[31m[39m[22m
[1m[31m[7m44[0m       UsersActions.getUsersExcludeUserByIdFromStore({ userId }),[39m[22m
[1m[31m[7m  [0m [91m                                                      ~~~~~~[0m[39m[22m
[1m[31m[39m[22m
[1m[31m[39m[22m
[1m[31m[0m[91mError: [39m[31m[0m[96mlibs/users/users/feature-users-list/src/lib/users-list-container/users-list-container.component.html[0m:[93m10[0m:[93m8[0m - [91merror[0m[90m TS2322: [0mType '{ users: MemoizedSelector<object, UsersEntity[], (s1: UsersEntity[]) => UsersEntity[]>; filterParams: UsersFilter; }' is not assignable to type 'DeepReadonlyObject<{ users: DeepReadonlyObject<Pick<UsersEntity, "id" | "name" | "username" | "email" | "phone" | "company">>[]; }>'.[39m[22m
[1m[31m  Types of property 'users' are incompatible.[39m[22m
[1m[31m    Type 'MemoizedSelector<object, UsersEntity[], (s1: UsersEntity[]) => UsersEntity[]>' is missing the following properties from type 'readonly DeepReadonlyObject<DeepReadonlyObject<Pick<UsersEntity, "id" | "name" | "username" | "email" | "phone" | "company">>>[]': concat, join, slice, indexOf, and 18 more.[39m[22m
[1m[31m[39m[22m
[1m[31m[7m10[0m       [vm]="vm"[39m[22m
[1m[31m[7m  [0m [91m       ~~[0m[39m[22m
[1m[31m[39m[22m
[1m[31m  [96mlibs/users/users/feature-users-list/src/lib/users-list-container/users-list-container.component.ts[0m:[93m29[0m:[93m16[0m[39m[22m
[1m[31m    [7m29[0m   templateUrl: './users-list-container.component.html',[39m[22m
[1m[31m    [7m  [0m [96m               ~~~~~~~~~~~~~~~~~~~~~~~~~~~~~~~~~~~~~~~[0m[39m[22m
[1m[31m    Error occurs in the template of component UsersListContainerComponent.[39m[22m
[1m[31m[39m[22m
[1m[31m[39m[22m
[1m[31m[0m[91mError: [39m[31m[0m[96mlibs/users/users/feature-users-list/src/lib/users-list-container/users-list-container.store.ts[0m:[93m53[0m:[93m9[0m - [91merror[0m[90m TS2345: [0mArgument of [39m[22m[1m[31mtype 'MonoTypeOperatorFunction<UsersEntity[]>' is not assignable to parameter of type 'OperatorFunction<MemoizedSelector<object, UsersEntity[], (s1: UsersEntity[]) => UsersEntity[]>, UsersEntity[]>'.[39m[22m
[1m[31m  Types of parameters 'source' and 'source' are incompatible.[39m[22m
[1m[31m    Type 'Observable<MemoizedSelector<object, UsersEntity[], (s1: UsersEntity[]) => UsersEntity[]>>' is not assignable to type 'Observable<UsersEntity[]>'.[39m[22m
[1m[31m      Type 'MemoizedSelector<object, UsersEntity[], (s1: UsersEntity[]) => UsersEntity[]>' is missing the following properties from type 'UsersEntity[]': pop, push, concat, join, and 27 more.[39m[22m
[1m[31m[39m[22m
[1m[31m[7m 53[0m         tap((users: UsersEntity[]) => {[39m[22m
[1m[31m[7m   [0m [91m        ~~~~~~~~~~~~~~~~~~~~~~~~~~~~~~~[0m[39m[22m
[1m[31m[7m 54[0m           this.patchState({[39m[22m
[1m[31m[7m   [0m [91m~~~~~~~~~~~~~~~~~~~~~~~~~~~[0m[39m[22m
[1m[31m[7m...[0m [39m[22m
[1m[31m[7m 56[0m           });[39m[22m
[1m[31m[7m   [0m [91m~~~~~~~~~~~~~[0m[39m[22m
[1m[31m[7m 57[0m         }),[39m[22m
[1m[31m[7m   [0m [91m~~~~~~~~~~[0m[39m[22m
[1m[31m[39m[22m
[1m[31m[39m[22m
[1m[31m[39m[22m
[37m[39m
[37m[91mÃ—[39m[37m Failed to compile.[39m
[36mâ ‹[39m Generating browser application bundles...[2K[1G[36mâ ™[39m Generating browser application bundles (phase: building)...[2K[1G[36mâ ¹[39m Generating browser application bundles (phase: building)...[2K[1G[36mâ ¸[39m Generating browser application bundles (phase: building)...[2K[1G[36mâ ¼[39m Generating browser application bundles (phase: building)...[2K[1G[36mâ ´[39m Generating browser application bundles (phase: building)...[2K[1G[36mâ ¦[39m Generating browser application bundles (phase: building)...[2K[1G[36mâ §[39m Generating browser application bundles (phase: building)...[2K[1G[36mâ ‡[39m Generating browser application bundles (phase: building)...[2K[1G[36mâ [39m Generating browser application bundles (phase: building)...[2K[1G[36mâ ‹[39m Generating browser application bundles (phase: building)...[2K[1G[36mâ ™[39m Generating browser application bundles (phase: building)...[2K[1G[36mâ ¹[39m Generating browser application bundles (phase: sealing)...[2K[1G[32mâœ”[39m Browser application bundle generation complete.
[37m[39m
[37m[0m[1mInitial Chunk Files[22m[2m | [22m[1mNames[22m  [2m | [22m[1mRaw Size[22m[0m[39m
[37m[0m[92mmain.js[39m[37m            [2m | [22mmain   [2m | [22m[96m39.14 kB[39m[37m[2m | [22m[0m[39m
[37m[0m[92mruntime.js[39m[37m         [2m | [22mruntime[2m | [22m[96m12.62 kB[39m[37m[2m | [22m[0m[39m
[37m[0m[0m[39m
[37m[0m4 unchanged chunks[0m[39m
[37m[0m[0m[39m
[37m[0mBuild at: [1m[37m2023-11-30T10:13:57.762Z[39m[37m[22m - Hash: [1m[37mb4c075e9d3fe1ea1[39m[37m[22m - Time: [1m[37m3433[39m[37m[22mms[0m[39m
[1m[31m[39m[22m
[1m[31m[0m[91mError: [39m[31m[0m[96mlibs/users/users/data-access/src/lib/+state/users.facade.ts[0m:[93m44[0m:[93m55[0m - [91merror[0m[90m TS2345: [0mArgument of type '{ userId: UserID; }' is not assignable to parameter of type '{ filterById: UserID; }'.[39m[22m
[1m[31m  Object literal may only specify known properties, and 'userId' does not exist in type '{ filterById: UserID; }'.[39m[22m
[1m[31m[39m[22m
[1m[31m[7m44[0m       UsersActions.getUsersExcludeUserByIdFromStore({ userId }),[39m[22m
[1m[31m[7m  [0m [91m                                                      ~~~~~~[0m[39m[22m
[1m[31m[39m[22m
[1m[31m[39m[22m
[1m[31m[0m[91mError: [39m[31m[0m[96mlibs/users/users/feature-users-list/src/lib/users-list-container/users-list-container.component.html[0m:[93m10[0m:[93m8[0m - [91merror[0m[90m TS2322: [0mType '{ users: MemoizedSelector<object, UsersEntity[], (s1: UsersEntity[]) => UsersEntity[]>; filterParams: UsersFilter; }' is not assignable to type 'DeepReadonlyObject<{ users: DeepReadonlyObject<Pick<UsersEntity, "id" | "name" | "username" | "email" | "phone" | "company">>[]; }>'.[39m[22m
[1m[31m  Types of property 'users' are incompatible.[39m[22m
[1m[31m    Type 'MemoizedSelector<object, UsersEntity[], (s1: UsersEntity[]) => UsersEntity[]>' is missing the following properties from type 'readonly DeepReadonlyObject<DeepReadonlyObject<Pick<UsersEntity, "id" | "name" | "username" | "email" | "phone" | "company">>>[]': concat, join, slice, indexOf, and 18 more.[39m[22m
[1m[31m[39m[22m
[1m[31m[7m10[0m       [vm]="vm"[39m[22m
[1m[31m[7m  [0m [91m       ~~[0m[39m[22m
[1m[31m[39m[22m
[1m[31m  [96mlibs/users/users/feature-users-list/src/lib/users-list-container/users-list-container.component.ts[0m:[93m29[0m:[93m16[0m[39m[22m
[1m[31m    [7m29[0m   templateUrl: './users-list-container.component.html',[39m[22m
[1m[31m    [7m  [0m [96m               ~~~~~~~~~~~~~~~~~~~~~~~~~~~~~~~~~~~~~~~[0m[39m[22m
[1m[31m    Error occurs in the template of component UsersListContainerComponent.[39m[22m
[1m[31m[39m[22m
[1m[31m[39m[22m
[1m[31m[39m[22m
[37m[39m
[37m[91mÃ—[39m[37m Failed to compile.[39m
[36mâ ‹[39m Generating browser application bundles...[2K[1G[36mâ ™[39m Generating browser application bundles (phase: building)...[2K[1G[36mâ ¹[39m Generating browser application bundles (phase: building)...[2K[1G[36mâ ¸[39m Generating browser application bundles (phase: building)...[2K[1G[36mâ ¼[39m Generating browser application bundles (phase: building)...[2K[1G[36mâ ´[39m Generating browser application bundles (phase: building)...[2K[1G[36mâ ¦[39m Generating browser application bundles (phase: building)...[2K[1G[36mâ §[39m Generating browser application bundles (phase: sealing)...[2K[1G[32mâœ”[39m Browser application bundle generation complete.
[37m[39m
[37m[0m[1mInitial Chunk Files[22m[2m | [22m[1mNames[22m  [2m | [22m[1mRaw Size[22m[0m[39m
[37m[0m[92mmain.js[39m[37m            [2m | [22mmain   [2m | [22m[96m39.14 kB[39m[37m[2m | [22m[0m[39m
[37m[0m[92mruntime.js[39m[37m         [2m | [22mruntime[2m | [22m[96m12.62 kB[39m[37m[2m | [22m[0m[39m
[37m[0m[0m[39m
[37m[0m4 unchanged chunks[0m[39m
[37m[0m[0m[39m
[37m[0mBuild at: [1m[37m2023-11-30T10:15:13.256Z[39m[37m[22m - Hash: [1m[37m0dde2fb5020382bd[39m[37m[22m - Time: [1m[37m1234[39m[37m[22mms[0m[39m
[1m[31m[39m[22m
[1m[31m[0m[91mError: [39m[31m[0m[96mlibs/users/users/data-access/src/lib/+state/users.facade.ts[0m:[93m44[0m:[93m55[0m - [91merror[0m[90m TS2345: [0mArgument of type '{ userId: UserID; }' is not assignable to parameter of type '{ filterById: UserID; }'.[39m[22m
[1m[31m  Object literal may only specify known properties, and 'userId' does not exist in type '{ filterById: UserID; }'.[39m[22m
[1m[31m[39m[22m
[1m[31m[7m44[0m       UsersActions.getUsersExcludeUserByIdFromStore({ userId }),[39m[22m
[1m[31m[7m  [0m [91m                                                      ~~~~~~[0m[39m[22m
[1m[31m[39m[22m
[1m[31m[39m[22m
[1m[31m[0m[91mError: [39m[31m[0m[96mlibs/users/users/feature-users-list/src/lib/users-list-container/users-list-container.component.html[0m:[93m10[0m:[93m8[0m - [91merror[0m[90m TS2322: [0mType '{ users: MemoizedSelector<object, UsersEntity[], (s1: UsersEntity[]) => UsersEntity[]>; filterParams: UsersFilter; }' is not assignable to type 'DeepReadonlyObject<{ users: DeepReadonlyObject<Pick<UsersEntity, "id" | "name" | "username" | "email" | "phone" | "company">>[]; }>'.[39m[22m
[1m[31m  Types of property 'users' are incompatible.[39m[22m
[1m[31m    Type 'MemoizedSelector<object, UsersEntity[], (s1: UsersEntity[]) => UsersEntity[]>' is missing the following properties from type 'readonly DeepReadonlyObject<DeepReadonlyObject<Pick<UsersEntity, "id" | "name" | "username" | "email" | "phone" | "company">>>[]': concat, join, slice, indexOf, and 18 more.[39m[22m
[1m[31m[39m[22m
[1m[31m[7m10[0m       [vm]="vm"[39m[22m
[1m[31m[7m  [0m [91m       ~~[0m[39m[22m
[1m[31m[39m[22m
[1m[31m  [96mlibs/users/users/feature-users-list/src/lib/users-list-container/users-list-container.component.ts[0m:[93m29[0m:[93m16[0m[39m[22m
[1m[31m    [7m29[0m   templateUrl: './users-list-container.component.html',[39m[22m
[1m[31m    [7m  [0m [96m               ~~~~~~~~~~~~~~~~~~~~~~~~~~~~~~~~~~~~~~~[0m[39m[22m
[1m[31m    Error occurs in the template of component UsersListContainerComponent.[39m[22m
[1m[31m[39m[22m
[1m[31m[39m[22m
[1m[31m[39m[22m
[37m[39m
[37m[91mÃ—[39m[37m Failed to compile.[39m
[36mâ ‹[39m Generating browser application bundles...[2K[1G[36mâ ™[39m Generating browser application bundles (phase: building)...[2K[1G[36mâ ¹[39m Generating browser application bundles (phase: building)...[2K[1G[36mâ ¸[39m Generating browser application bundles (phase: building)...[2K[1G[36mâ ¼[39m Generating browser application bundles (phase: sealing)...[2K[1G[36mâ ´[39m Generating browser application bundles (phase: sealing)...[2K[1G[36mâ ¦[39m Generating browser application bundles (phase: sealing)...[2K[1G[36mâ §[39m Generating browser application bundles (phase: sealing)...[2K[1G[32mâœ”[39m Browser application bundle generation complete.
[37m[39m
[37m[0m[1mInitial Chunk Files[22m[2m | [22m[1mNames[22m  [2m | [22m[1mRaw Size[22m[0m[39m
[37m[0m[92mmain.js[39m[37m            [2m | [22mmain   [2m | [22m[96m39.14 kB[39m[37m[2m | [22m[0m[39m
[37m[0m[92mruntime.js[39m[37m         [2m | [22mruntime[2m | [22m[96m12.62 kB[39m[37m[2m | [22m[0m[39m
[37m[0m[0m[39m
[37m[0m4 unchanged chunks[0m[39m
[37m[0m[0m[39m
[37m[0mBuild at: [1m[37m2023-11-30T10:16:31.172Z[39m[37m[22m - Hash: [1m[37m3aa064b44d155347[39m[37m[22m - Time: [1m[37m1675[39m[37m[22mms[0m[39m
[1m[31m[39m[22m
[1m[31m[0m[91mError: [39m[31m[0m[96mlibs/users/users/feature-users-list/src/lib/users-list-container/users-list-container.component.html[0m:[93m10[0m:[93m8[0m - [91merror[0m[90m TS2322: [0mType '{ users: MemoizedSelector<object, UsersEntity[], (s1: UsersEntity[]) => UsersEntity[]>; filterParams: UsersFilter; }' is not assignable to type 'DeepReadonlyObject<{ users: DeepReadonlyObject<Pick<UsersEntity, "id" | "name" | "username" | "email" | "phone" | "company">>[]; }>'.[39m[22m
[1m[31m  Types of property 'users' are incompatible.[39m[22m
[1m[31m    Type 'MemoizedSelector<object, UsersEntity[], (s1: UsersEntity[]) => UsersEntity[]>' is missing the following properties from type 'readonly DeepReadonlyObject<DeepReadonlyObject<Pick<UsersEntity, "id" | "name" | "username" | "email" | "phone" | "company">>>[]': concat, join, slice, indexOf, and 18 more.[39m[22m
[1m[31m[39m[22m
[1m[31m[7m10[0m       [vm]="vm"[39m[22m
[1m[31m[7m  [0m [91m       ~~[0m[39m[22m
[1m[31m[39m[22m
[1m[31m  [96mlibs/users/users/feature-users-list/src/lib/users-list-container/users-list-container.component.ts[0m:[93m29[0m:[93m16[0m[39m[22m
[1m[31m    [7m29[0m   templateUrl: './users-list-container.component.html',[39m[22m
[1m[31m    [7m  [0m [96m               ~~~~~~~~~~~~~~~~~~~~~~~~~~~~~~~~~~~~~~~[0m[39m[22m
[1m[31m    Error occurs in the template of component UsersListContainerComponent.[39m[22m
[1m[31m[39m[22m
[1m[31m[39m[22m
[1m[31m[39m[22m
[37m[39m
[37m[91mÃ—[39m[37m Failed to compile.[39m
[36mâ ‹[39m Generating browser application bundles...[2K[1G[36mâ ™[39m Generating browser application bundles (phase: building)...[2K[1G[36mâ ¹[39m Generating browser application bundles (phase: building)...[2K[1G[36mâ ¸[39m Generating browser application bundles (phase: building)...[2K[1G[36mâ ¼[39m Generating browser application bundles (phase: building)...[2K[1G[36mâ ´[39m Generating browser application bundles (phase: building)...[2K[1G[36mâ ¦[39m Generating browser application bundles (phase: building)...[2K[1G[36mâ §[39m Generating browser application bundles (phase: building)...[2K[1G[36mâ ‡[39m Generating browser application bundles (phase: sealing)...[2K[1G[36mâ [39m Generating browser application bundles (phase: sealing)...[2K[1G[36mâ ‹[39m Generating browser application bundles (phase: emitting)...[2K[1G[32mâœ”[39m Browser application bundle generation complete.
[37m[39m
[37m[0m[1mInitial Chunk Files[22m            [2m | [22m[1mNames[22m     [2m | [22m [1mRaw Size[22m[0m[39m
[37m[0m[92mruntime.js[39m[37m                     [2m | [22mruntime   [2m | [22m [96m12.62 kB[39m[37m[2m | [22m[0m[39m
[37m[0m[0m[39m
[37m[0m[1mLazy Chunk Files[22m               [2m | [22m[1mNames[22m     [2m | [22m [1mRaw Size[22m[0m[39m
[37m[0m[92mlibs_users_home_src_index_ts.js[39m[37m[2m | [22musers-home[2m | [22m[96m618.81 kB[39m[37m[2m | [22m[0m[39m
[37m[0m[0m[39m
[37m[0m4 unchanged chunks[0m[39m
[37m[0m[0m[39m
[37m[0mBuild at: [1m[37m2023-11-30T10:17:30.611Z[39m[37m[22m - Hash: [1m[37m77fc86f44b6ee00f[39m[37m[22m - Time: [1m[37m2692[39m[37m[22mms[0m[39m
[37m[39m
[37m[92mâˆš[39m[37m Compiled successfully.[39m
[36mâ ‹[39m Generating browser application bundles...[2K[1G[36mâ ™[39m Generating browser application bundles (phase: building)...[2K[1G[36mâ ¹[39m Generating browser application bundles (phase: building)...[2K[1G[36mâ ¸[39m Generating browser application bundles (phase: building)...[2K[1G[36mâ ¼[39m Generating browser application bundles (phase: building)...[2K[1G[36mâ ´[39m Generating browser application bundles (phase: building)...[2K[1G[36mâ ¦[39m Generating browser application bundles (phase: building)...[2K[1G[36mâ §[39m Generating browser application bundles (phase: building)...[2K[1G[36mâ ‡[39m Generating browser application bundles (phase: building)...[2K[1G[36mâ [39m Generating browser application bundles (phase: building)...[2K[1G[36mâ ‹[39m Generating browser application bundles (phase: building)...[2K[1G[36mâ ™[39m Generating browser application bundles (phase: building)...[2K[1G[36mâ ¹[39m Generating browser application bundles (phase: building)...[2K[1G[36mâ ¸[39m Generating browser application bundles (phase: building)...[2K[1G[36mâ ¼[39m Generating browser application bundles (phase: building)...[2K[1G[36mâ ´[39m Generating browser application bundles (phase: building)...[2K[1G[36mâ ¦[39m Generating browser application bundles (phase: building)...[2K[1G[36mâ §[39m Generating browser application bundles (phase: building)...[2K[1G[36mâ ‡[39m Generating browser application bundles (phase: sealing)...[2K[1G[36mâ [39m Generating browser application bundles (phase: emitting)...[2K[1G[32mâœ”[39m Browser application bundle generation complete.
[37m[39m
[37m[0m[1mInitial Chunk Files[22m[2m | [22m[1mNames[22m  [2m | [22m[1mRaw Size[22m[0m[39m
[37m[0m[92mmain.js[39m[37m            [2m | [22mmain   [2m | [22m[96m39.14 kB[39m[37m[2m | [22m[0m[39m
[37m[0m[92mruntime.js[39m[37m         [2m | [22mruntime[2m | [22m[96m12.62 kB[39m[37m[2m | [22m[0m[39m
[37m[0m[0m[39m
[37m[0m4 unchanged chunks[0m[39m
[37m[0m[0m[39m
[37m[0mBuild at: [1m[37m2023-11-30T10:20:01.020Z[39m[37m[22m - Hash: [1m[37mea1e5b7144ffef75[39m[37m[22m - Time: [1m[37m3030[39m[37m[22mms[0m[39m
[37m[39m
[37m[92mâˆš[39m[37m Compiled successfully.[39m
[36mâ ‹[39m Generating browser application bundles...[2K[1G[36mâ ™[39m Generating browser application bundles (phase: building)...[2K[1G[36mâ ¹[39m Generating browser application bundles (phase: building)...[2K[1G[36mâ ¸[39m Generating browser application bundles (phase: building)...[2K[1G[36mâ ¼[39m Generating browser application bundles (phase: sealing)...[2K[1G[36mâ ´[39m Generating browser application bundles (phase: emitting)...[2K[1G[32mâœ”[39m Browser application bundle generation complete.
[37m[39m
[37m[0m[1mInitial Chunk Files[22m[2m | [22m[1mNames[22m  [2m | [22m[1mRaw Size[22m[0m[39m
[37m[0m[92mmain.js[39m[37m            [2m | [22mmain   [2m | [22m[96m39.14 kB[39m[37m[2m | [22m[0m[39m
[37m[0m[92mruntime.js[39m[37m         [2m | [22mruntime[2m | [22m[96m12.62 kB[39m[37m[2m | [22m[0m[39m
[37m[0m[0m[39m
[37m[0m4 unchanged chunks[0m[39m
[37m[0m[0m[39m
[37m[0mBuild at: [1m[37m2023-11-30T10:20:07.674Z[39m[37m[22m - Hash: [1m[37m1bc971b24e4dda92[39m[37m[22m - Time: [1m[37m1053[39m[37m[22mms[0m[39m
[37m[39m
[37m[92mâˆš[39m[37m Compiled successfully.[39m
[36mâ ‹[39m Generating browser application bundles...[2K[1G[36mâ ™[39m Generating browser application bundles (phase: building)...[2K[1G[36mâ ¹[39m Generating browser application bundles (phase: building)...[2K[1G[36mâ ¸[39m Generating browser application bundles (phase: building)...[2K[1G[36mâ ¼[39m Generating browser application bundles (phase: building)...[2K[1G[36mâ ´[39m Generating browser application bundles (phase: building)...[2K[1G[36mâ ¦[39m Generating browser application bundles (phase: building)...[2K[1G[36mâ §[39m Generating browser application bundles (phase: sealing)...[2K[1G[36mâ ‡[39m Generating browser application bundles (phase: emitting)...[2K[1G[32mâœ”[39m Browser application bundle generation complete.
[37m[39m
[37m[0m[1mInitial Chunk Files[22m[2m | [22m[1mNames[22m  [2m | [22m[1mRaw Size[22m[0m[39m
[37m[0m[92mmain.js[39m[37m            [2m | [22mmain   [2m | [22m[96m39.28 kB[39m[37m[2m | [22m[0m[39m
[37m[0m[92mruntime.js[39m[37m         [2m | [22mruntime[2m | [22m[96m12.62 kB[39m[37m[2m | [22m[0m[39m
[37m[0m[0m[39m
[37m[0m4 unchanged chunks[0m[39m
[37m[0m[0m[39m
[37m[0mBuild at: [1m[37m2023-11-30T10:22:18.332Z[39m[37m[22m - Hash: [1m[37mf28b14b5dda775b4[39m[37m[22m - Time: [1m[37m1467[39m[37m[22mms[0m[39m
[37m[39m
[37m[92mâˆš[39m[37m Compiled successfully.[39m
[36mâ ‹[39m Generating browser application bundles...[2K[1G[36mâ ™[39m Generating browser application bundles (phase: building)...[2K[1G[36mâ ¹[39m Generating browser application bundles (phase: building)...[2K[1G[36mâ ¸[39m Generating browser application bundles (phase: building)...[2K[1G[36mâ ¼[39m Generating browser application bundles (phase: building)...[2K[1G[36mâ ´[39m Generating browser application bundles (phase: building)...[2K[1G[36mâ ¦[39m Generating browser application bundles (phase: sealing)...[2K[1G[32mâœ”[39m Browser application bundle generation complete.
[37m[39m
[37m[0m[1mInitial Chunk Files[22m[2m | [22m[1mNames[22m  [2m | [22m[1mRaw Size[22m[0m[39m
[37m[0m[92mmain.js[39m[37m            [2m | [22mmain   [2m | [22m[96m39.28 kB[39m[37m[2m | [22m[0m[39m
[37m[0m[92mruntime.js[39m[37m         [2m | [22mruntime[2m | [22m[96m12.62 kB[39m[37m[2m | [22m[0m[39m
[37m[0m[0m[39m
[37m[0m4 unchanged chunks[0m[39m
[37m[0m[0m[39m
[37m[0mBuild at: [1m[37m2023-11-30T10:23:20.892Z[39m[37m[22m - Hash: [1m[37m42c65460384f7e00[39m[37m[22m - Time: [1m[37m1399[39m[37m[22mms[0m[39m
[1m[31m[39m[22m
[1m[31m[0m[91mError: [39m[31m[0m[96mlibs/users/users/data-access/src/lib/+state/users.reducer.ts[0m:[93m65[0m:[93m28[0m - [91merror[0m[90m TS2769: [0mNo overload matches this call.[39m[22m
[1m[31m  Overload 1 of 2, '(key: string, state: { selectedId?: string | number | undefined; loaded: boolean; error?: string | null | undefined; filter: UsersFilter; filterById: UserID; ids: string[] | number[]; entities: Dictionary<...>; }): { ...; }', gave the following error.[39m[22m
[1m[31m    Argument of type 'UserID' is not assignable to parameter of type 'string'.[39m[22m
[1m[31m  Overload 2 of 2, '(key: number, state: { selectedId?: string | number | undefined; loaded: boolean; error?: string | null | undefined; filter: UsersFilter; filterById: UserID; ids: string[] | number[]; entities: Dictionary<...>; }): { ...; }', gave the following error.[39m[22m
[1m[31m    Argument of type 'UserID' is not assignable to parameter of type 'number'.[39m[22m
[1m[31m[39m[22m
[1m[31m[7m65[0m     usersAdapter.removeOne(filterById, { ...state })[39m[22m
[1m[31m[7m  [0m [91m                           ~~~~~~~~~~[0m[39m[22m
[1m[31m[39m[22m
[1m[31m[39m[22m
[1m[31m[39m[22m
[1m[31m[39m[22m
[37m[39m
[37m[91mÃ—[39m[37m Failed to compile.[39m
[36mâ ‹[39m Generating browser application bundles...[2K[1G[36mâ ™[39m Generating browser application bundles (phase: building)...[2K[1G[36mâ ¹[39m Generating browser application bundles (phase: building)...[2K[1G[36mâ ¸[39m Generating browser application bundles (phase: building)...[2K[1G[36mâ ¼[39m Generating browser application bundles (phase: building)...[2K[1G[36mâ ´[39m Generating browser application bundles (phase: building)...[2K[1G[36mâ ¦[39m Generating browser application bundles (phase: building)...[2K[1G[36mâ §[39m Generating browser application bundles (phase: building)...[2K[1G[36mâ ‡[39m Generating browser application bundles (phase: building)...[2K[1G[36mâ [39m Generating browser application bundles (phase: building)...[2K[1G[36mâ ‹[39m Generating browser application bundles (phase: building)...[2K[1G[36mâ ™[39m Generating browser application bundles (phase: building)...[2K[1G[36mâ ¹[39m Generating browser application bundles (phase: building)...[2K[1G[36mâ ¸[39m Generating browser application bundles (phase: building)...[2K[1G[36mâ ¼[39m Generating browser application bundles (phase: building)...[2K[1G[36mâ ´[39m Generating browser application bundles (phase: sealing)...[2K[1G[36mâ ¦[39m Generating browser application bundles (phase: sealing)...[2K[1G[36mâ §[39m Generating browser application bundles (phase: sealing)...[2K[1G[36mâ ‡[39m Generating browser application bundles (phase: sealing)...[2K[1G[32mâœ”[39m Browser application bundle generation complete.
[37m[39m
[37m[0m[1mInitial Chunk Files[22m[2m | [22m[1mNames[22m  [2m | [22m[1mRaw Size[22m[0m[39m
[37m[0m[92mmain.js[39m[37m            [2m | [22mmain   [2m | [22m[96m39.27 kB[39m[37m[2m | [22m[0m[39m
[37m[0m[92mruntime.js[39m[37m         [2m | [22mruntime[2m | [22m[96m12.62 kB[39m[37m[2m | [22m[0m[39m
[37m[0m[0m[39m
[37m[0m4 unchanged chunks[0m[39m
[37m[0m[0m[39m
[37m[0mBuild at: [1m[37m2023-11-30T10:27:16.213Z[39m[37m[22m - Hash: [1m[37m0f0ee794fee0c8d5[39m[37m[22m - Time: [1m[37m2508[39m[37m[22mms[0m[39m
[1m[31m[39m[22m
[1m[31m[0m[91mError: [39m[31m[0m[96mlibs/users/users/data-access/src/lib/+state/users.reducer.ts[0m:[93m64[0m:[93m63[0m - [91merror[0m[90m TS2339: [0mProperty 'id' does not exist on type '{ filterById: UserID; } & TypedAction<"[Users Page] filter UserID"> & { type: "[Users Page] filter UserID"; }'.[39m[22m
[1m[31m[39m[22m
[1m[31m[7m64[0m   on(UsersActions.getUsersExcludeUserByIdFromStore, (state, { id }) => ([39m[22m
[1m[31m[7m  [0m [91m                                                              ~~[0m[39m[22m
[1m[31m[39m[22m
[1m[31m[39m[22m
[1m[31m[39m[22m
[37m[39m
[37m[91mÃ—[39m[37m Failed to compile.[39m
[36mâ ‹[39m Generating browser application bundles...[2K[1G[36mâ ™[39m Generating browser application bundles (phase: building)...[2K[1G[36mâ ¹[39m Generating browser application bundles (phase: building)...[2K[1G[36mâ ¸[39m Generating browser application bundles (phase: building)...[2K[1G[36mâ ¼[39m Generating browser application bundles (phase: building)...[2K[1G[36mâ ´[39m Generating browser application bundles (phase: building)...[2K[1G[36mâ ¦[39m Generating browser application bundles (phase: building)...[2K[1G[36mâ §[39m Generating browser application bundles (phase: building)...[2K[1G[36mâ ‡[39m Generating browser application bundles (phase: building)...[2K[1G[36mâ [39m Generating browser application bundles (phase: sealing)...[2K[1G[32mâœ”[39m Browser application bundle generation complete.
[37m[39m
[37m[0m[1mInitial Chunk Files[22m[2m | [22m[1mNames[22m  [2m | [22m[1mRaw Size[22m[0m[39m
[37m[0m[92mmain.js[39m[37m            [2m | [22mmain   [2m | [22m[96m39.27 kB[39m[37m[2m | [22m[0m[39m
[37m[0m[92mruntime.js[39m[37m         [2m | [22mruntime[2m | [22m[96m12.62 kB[39m[37m[2m | [22m[0m[39m
[37m[0m[0m[39m
[37m[0m4 unchanged chunks[0m[39m
[37m[0m[0m[39m
[37m[0mBuild at: [1m[37m2023-11-30T10:27:45.129Z[39m[37m[22m - Hash: [1m[37mf2410860cab24a07[39m[37m[22m - Time: [1m[37m1801[39m[37m[22mms[0m[39m
[1m[31m[39m[22m
[1m[31m[0m[91mError: [39m[31m[0m[96mlibs/users/users/data-access/src/lib/+state/users.reducer.ts[0m:[93m64[0m:[93m63[0m - [91merror[0m[90m TS2339: [0mProperty 'id' does not exist on type '{ filterById: UserID; } & TypedAction<"[Users Page] filter UserID"> & { type: "[Users Page] filter UserID"; }'.[39m[22m
[1m[31m[39m[22m
[1m[31m[7m64[0m   on(UsersActions.getUsersExcludeUserByIdFromStore, (state, { id }) => ([39m[22m
[1m[31m[7m  [0m [91m                                                              ~~[0m[39m[22m
[1m[31m[39m[22m
[1m[31m[39m[22m
[1m[31m[39m[22m
[37m[39m
[37m[91mÃ—[39m[37m Failed to compile.[39m
[36mâ ‹[39m Generating browser application bundles...[2K[1G[36mâ ™[39m Generating browser application bundles (phase: building)...[2K[1G[36mâ ¹[39m Generating browser application bundles (phase: building)...[2K[1G[36mâ ¸[39m Generating browser application bundles (phase: building)...[2K[1G[36mâ ¼[39m Generating browser application bundles (phase: building)...[2K[1G[36mâ ´[39m Generating browser application bundles (phase: building)...[2K[1G[36mâ ¦[39m Generating browser application bundles (phase: building)...[2K[1G[36mâ §[39m Generating browser application bundles (phase: building)...[2K[1G[36mâ ‡[39m Generating browser application bundles (phase: building)...[2K[1G[36mâ [39m Generating browser application bundles (phase: building)...[2K[1G[36mâ ‹[39m Generating browser application bundles (phase: building)...[2K[1G[36mâ ™[39m Generating browser application bundles (phase: building)...[2K[1G[36mâ ¹[39m Generating browser application bundles (phase: building)...[2K[1G[36mâ ¸[39m Generating browser application bundles (phase: sealing)...[2K[1G[32mâœ”[39m Browser application bundle generation complete.
[37m[39m
[37m[0m[1mInitial Chunk Files[22m[2m | [22m[1mNames[22m  [2m | [22m[1mRaw Size[22m[0m[39m
[37m[0m[92mmain.js[39m[37m            [2m | [22mmain   [2m | [22m[96m39.41 kB[39m[37m[2m | [22m[0m[39m
[37m[0m[92mruntime.js[39m[37m         [2m | [22mruntime[2m | [22m[96m12.62 kB[39m[37m[2m | [22m[0m[39m
[37m[0m[0m[39m
[37m[0m4 unchanged chunks[0m[39m
[37m[0m[0m[39m
[37m[0mBuild at: [1m[37m2023-11-30T10:29:10.981Z[39m[37m[22m - Hash: [1m[37ma154bf6671216d23[39m[37m[22m - Time: [1m[37m2502[39m[37m[22mms[0m[39m
[1m[31m[39m[22m
[1m[31m[0m[91mError: [39m[31m[0m[96mlibs/users/users/data-access/src/lib/+state/users.facade.ts[0m:[93m44[0m:[93m55[0m - [91merror[0m[90m TS2345: [0mArgument of type '{ filterById: UserID; }' is not assignable to parameter of type '{ id: number; }'.[39m[22m
[1m[31m  Object literal may only specify known properties, and 'filterById' does not exist in type '{ id: number; }'.[39m[22m
[1m[31m[39m[22m
[1m[31m[7m44[0m       UsersActions.getUsersExcludeUserByIdFromStore({ filterById }),[39m[22m
[1m[31m[7m  [0m [91m                                                      ~~~~~~~~~~[0m[39m[22m
[1m[31m[39m[22m
[1m[31m[39m[22m
[1m[31m[39m[22m
[37m[39m
[37m[91mÃ—[39m[37m Failed to compile.[39m
[36mâ ‹[39m Generating browser application bundles...[2K[1G[36mâ ™[39m Generating browser application bundles (phase: building)...[2K[1G[36mâ ¹[39m Generating browser application bundles (phase: building)...[2K[1G[36mâ ¸[39m Generating browser application bundles (phase: building)...[2K[1G[36mâ ¼[39m Generating browser application bundles (phase: building)...[2K[1G[36mâ ´[39m Generating browser application bundles (phase: building)...[2K[1G[36mâ ¦[39m Generating browser application bundles (phase: building)...[2K[1G[36mâ §[39m Generating browser application bundles (phase: building)...[2K[1G[36mâ ‡[39m Generating browser application bundles (phase: building)...[2K[1G[36mâ [39m Generating browser application bundles (phase: building)...[2K[1G[36mâ ‹[39m Generating browser application bundles (phase: building)...[2K[1G[36mâ ™[39m Generating browser application bundles (phase: sealing)...[2K[1G[36mâ ¹[39m Generating browser application bundles (phase: sealing)...[2K[1G[32mâœ”[39m Browser application bundle generation complete.
[37m[39m
[37m[0m[1mInitial Chunk Files[22m[2m | [22m[1mNames[22m  [2m | [22m[1mRaw Size[22m[0m[39m
[37m[0m[92mmain.js[39m[37m            [2m | [22mmain   [2m | [22m[96m39.34 kB[39m[37m[2m | [22m[0m[39m
[37m[0m[92mruntime.js[39m[37m         [2m | [22mruntime[2m | [22m[96m12.62 kB[39m[37m[2m | [22m[0m[39m
[37m[0m[0m[39m
[37m[0m4 unchanged chunks[0m[39m
[37m[0m[0m[39m
[37m[0mBuild at: [1m[37m2023-11-30T10:30:28.445Z[39m[37m[22m - Hash: [1m[37m69a0a6b760574156[39m[37m[22m - Time: [1m[37m2508[39m[37m[22mms[0m[39m
[1m[31m[39m[22m
[1m[31m[0m[91mError: [39m[31m[0m[96mlibs/users/users/data-access/src/lib/+state/users.facade.ts[0m:[93m43[0m:[93m55[0m - [91merror[0m[90m TS2345: [0mArgument of type '{ filterById: UserID; }' is not assignable to parameter of type '{ id: number; }'.[39m[22m
[1m[31m  Object literal may only specify known properties, and 'filterById' does not exist in type '{ id: number; }'.[39m[22m
[1m[31m[39m[22m
[1m[31m[7m43[0m       UsersActions.getUsersExcludeUserByIdFromStore({ filterById }),[39m[22m
[1m[31m[7m  [0m [91m                                                      ~~~~~~~~~~[0m[39m[22m
[1m[31m[39m[22m
[1m[31m[39m[22m
[1m[31m[39m[22m
[37m[39m
[37m[91mÃ—[39m[37m Failed to compile.[39m
[36mâ ‹[39m Generating browser application bundles...[2K[1G[36mâ ™[39m Generating browser application bundles (phase: building)...[2K[1G[36mâ ¹[39m Generating browser application bundles (phase: building)...[2K[1G[36mâ ¸[39m Generating browser application bundles (phase: building)...[2K[1G[36mâ ¼[39m Generating browser application bundles (phase: building)...[2K[1G[36mâ ´[39m Generating browser application bundles (phase: sealing)...[2K[1G[32mâœ”[39m Browser application bundle generation complete.
[37m[39m
[37m[0m[1mInitial Chunk Files[22m            [2m | [22m[1mNames[22m     [2m | [22m [1mRaw Size[22m[0m[39m
[37m[0m[92mmain.js[39m[37m                        [2m | [22mmain      [2m | [22m [96m39.23 kB[39m[37m[2m | [22m[0m[39m
[37m[0m[92mruntime.js[39m[37m                     [2m | [22mruntime   [2m | [22m [96m12.62 kB[39m[37m[2m | [22m[0m[39m
[37m[0m[0m[39m
[37m[0m[1mLazy Chunk Files[22m               [2m | [22m[1mNames[22m     [2m | [22m [1mRaw Size[22m[0m[39m
[37m[0m[92mlibs_users_home_src_index_ts.js[39m[37m[2m | [22musers-home[2m | [22m[96m618.81 kB[39m[37m[2m | [22m[0m[39m
[37m[0m[0m[39m
[37m[0m3 unchanged chunks[0m[39m
[37m[0m[0m[39m
[37m[0mBuild at: [1m[37m2023-11-30T10:30:50.060Z[39m[37m[22m - Hash: [1m[37m5038674c88198507[39m[37m[22m - Time: [1m[37m1767[39m[37m[22mms[0m[39m
[1m[31m[39m[22m
[1m[31m[0m[36m./libs/users/users/data-access/src/lib/+state/users.facade.ts[39m[31m[0m:[0m[93m35:24-69[39m[31m[0m - [0m[91mError: [39m[31m[0mexport 'getUsersExcludeUserByIdFromStore' (imported as 'UsersActions') was not found in './users.actions' (possible exports: deleteUser, filterUsers, initUsers, loadUsersFailure, loadUsersSuccess)[39m[22m
[1m[31m[39m[22m
[1m[31m[0m[36m./libs/users/users/data-access/src/lib/+state/users.reducer.ts[39m[31m[0m:[0m[93m43:3-48[39m[31m[0m - [0m[91mError: [39m[31m[0mexport 'getUsersExcludeUserByIdFromStore' (imported as 'UsersActions') was not found in './users.actions' (possible exports: deleteUser, filterUsers, initUsers, loadUsersFailure, loadUsersSuccess)[39m[22m
[1m[31m[39m[22m
[1m[31m[0m[91mError: [39m[31m[0m[96mlibs/users/users/data-access/src/lib/+state/users.facade.ts[0m:[93m43[0m:[93m20[0m - [91merror[0m[90m TS2339: [0mProperty 'getUsersExcludeUserByIdFromStore' does not exist on type 'typeof import("D:/\u0414\u0435\u043B\u0430.\u0420\u0430\u0431\u043E\u0442\u0430.\u0423\u0447\u0451\u0431\u0430/FrontEnd/\u041F\u0440\u0430\u043A\u0442\u0438\u043A\u0430 JS/Angular/Ilnur Ryazhapov/GitHub/UI-User-NX-NGRX/libs/users/users/data-access/src/lib/+state/users.actions")'.[39m[22m
[1m[31m[39m[22m
[1m[31m[7m43[0m       UsersActions.getUsersExcludeUserByIdFromStore({ filterById }),[39m[22m
[1m[31m[7m  [0m [91m                   ~~~~~~~~~~~~~~~~~~~~~~~~~~~~~~~~[0m[39m[22m
[1m[31m[39m[22m
[1m[31m[39m[22m
[1m[31m[0m[91mError: [39m[31m[0m[96mlibs/users/users/data-access/src/lib/+state/users.reducer.ts[0m:[93m64[0m:[93m19[0m - [91merror[0m[90m TS2339: [0mProperty 'getUsersExcludeUserByIdFromStore' does not exist on type 'typeof import("D:/\u0414\u0435\u043B\u0430.\u0420\u0430\u0431\u043E\u0442\u0430.\u0423\u0447\u0451\u0431\u0430/FrontEnd/\u041F\u0440\u0430\u043A\u0442\u0438\u043A\u0430 JS/Angular/Ilnur Ryazhapov/GitHub/UI-User-NX-NGRX/libs/users/users/data-access/src/lib/+state/users.actions")'.[39m[22m
[1m[31m[39m[22m
[1m[31m[7m64[0m   on(UsersActions.getUsersExcludeUserByIdFromStore, (state, { id }) => ([39m[22m
[1m[31m[7m  [0m [91m                  ~~~~~~~~~~~~~~~~~~~~~~~~~~~~~~~~[0m[39m[22m
[1m[31m[39m[22m
[1m[31m[39m[22m
[1m[31m[39m[22m
[37m[39m
[37m[91mÃ—[39m[37m Failed to compile.[39m
[36mâ ‹[39m Generating browser application bundles...[2K[1G[36mâ ™[39m Generating browser application bundles (phase: building)...[2K[1G[36mâ ¹[39m Generating browser application bundles (phase: building)...[2K[1G[36mâ ¸[39m Generating browser application bundles (phase: sealing)...[2K[1G[32mâœ”[39m Browser application bundle generation complete.
[37m[39m
[37m[0m[1mInitial Chunk Files[22m[2m | [22m[1mNames[22m  [2m | [22m[1mRaw Size[22m[0m[39m
[37m[0m[92mmain.js[39m[37m            [2m | [22mmain   [2m | [22m[96m39.19 kB[39m[37m[2m | [22m[0m[39m
[37m[0m[92mruntime.js[39m[37m         [2m | [22mruntime[2m | [22m[96m12.62 kB[39m[37m[2m | [22m[0m[39m
[37m[0m[0m[39m
[37m[0m4 unchanged chunks[0m[39m
[37m[0m[0m[39m
[37m[0mBuild at: [1m[37m2023-11-30T10:31:01.241Z[39m[37m[22m - Hash: [1m[37mc4b5e81a07fdb1a9[39m[37m[22m - Time: [1m[37m1332[39m[37m[22mms[0m[39m
[1m[31m[39m[22m
[1m[31m[0m[36m./libs/users/users/data-access/src/lib/+state/users.reducer.ts[39m[31m[0m:[0m[93m43:3-48[39m[31m[0m - [0m[91mError: [39m[31m[0mexport 'getUsersExcludeUserByIdFromStore' (imported as 'UsersActions') was not found in './users.actions' (possible exports: deleteUser, filterUsers, initUsers, loadUsersFailure, loadUsersSuccess)[39m[22m
[1m[31m[39m[22m
[1m[31m[0m[91mError: [39m[31m[0m[96mlibs/users/users/data-access/src/lib/+state/users.facade.ts[0m:[93m43[0m:[93m33[0m - [91merror[0m[90m TS2345: [0mArgument of type '{ filterById: UserID; }' is not assignable to parameter of type '{ id: number; }'.[39m[22m
[1m[31m  Object literal may only specify known properties, and 'filterById' does not exist in type '{ id: number; }'.[39m[22m
[1m[31m[39m[22m
[1m[31m[7m43[0m       UsersActions.deleteUser({ filterById }),[39m[22m
[1m[31m[7m  [0m [91m                                ~~~~~~~~~~[0m[39m[22m
[1m[31m[39m[22m
[1m[31m[39m[22m
[1m[31m[0m[91mError: [39m[31m[0m[96mlibs/users/users/data-access/src/lib/+state/users.reducer.ts[0m:[93m64[0m:[93m19[0m - [91merror[0m[90m TS2339: [0mProperty 'getUsersExcludeUserByIdFromStore' does not exist on type 'typeof import("D:/\u0414\u0435\u043B\u0430.\u0420\u0430\u0431\u043E\u0442\u0430.\u0423\u0447\u0451\u0431\u0430/FrontEnd/\u041F\u0440\u0430\u043A\u0442\u0438\u043A\u0430 JS/Angular/Ilnur Ryazhapov/GitHub/UI-User-NX-NGRX/libs/users/users/data-access/src/lib/+state/users.actions")'.[39m[22m
[1m[31m[39m[22m
[1m[31m[7m64[0m   on(UsersActions.getUsersExcludeUserByIdFromStore, (state, { id }) => ([39m[22m
[1m[31m[7m  [0m [91m                  ~~~~~~~~~~~~~~~~~~~~~~~~~~~~~~~~[0m[39m[22m
[1m[31m[39m[22m
[1m[31m[39m[22m
[1m[31m[0m[91mError: [39m[31m[0m[96mlibs/users/users/feature-users-list/src/lib/users-list-container/users-list-container.component.ts[0m:[93m60[0m:[93m22[0m - [91merror[0m[90m TS2339: [0mProperty 'getUsersExcludeUserByIdFromStore' does not exist on type 'UsersFacade'.[39m[22m
[1m[31m[39m[22m
[1m[31m[7m60[0m     this.usersFacade.getUsersExcludeUserByIdFromStore(filterById);[39m[22m
[1m[31m[7m  [0m [91m                     ~~~~~~~~~~~~~~~~~~~~~~~~~~~~~~~~[0m[39m[22m
[1m[31m[39m[22m
[1m[31m[39m[22m
[1m[31m[39m[22m
[37m[39m
[37m[91mÃ—[39m[37m Failed to compile.[39m
[36mâ ‹[39m Generating browser application bundles...[2K[1G[36mâ ™[39m Generating browser application bundles (phase: building)...[2K[1G[36mâ ¹[39m Generating browser application bundles (phase: building)...[2K[1G[36mâ ¸[39m Generating browser application bundles (phase: building)...[2K[1G[36mâ ¼[39m Generating browser application bundles (phase: building)...[2K[1G[36mâ ´[39m Generating browser application bundles (phase: sealing)...[2K[1G[32mâœ”[39m Browser application bundle generation complete.
[37m[39m
[37m[0m[1mInitial Chunk Files[22m[2m | [22m[1mNames[22m  [2m | [22m[1mRaw Size[22m[0m[39m
[37m[0m[92mmain.js[39m[37m            [2m | [22mmain   [2m | [22m[96m39.29 kB[39m[37m[2m | [22m[0m[39m
[37m[0m[92mruntime.js[39m[37m         [2m | [22mruntime[2m | [22m[96m12.62 kB[39m[37m[2m | [22m[0m[39m
[37m[0m[0m[39m
[37m[0m4 unchanged chunks[0m[39m
[37m[0m[0m[39m
[37m[0mBuild at: [1m[37m2023-11-30T10:31:14.539Z[39m[37m[22m - Hash: [1m[37m929ec1e80734cde9[39m[37m[22m - Time: [1m[37m1527[39m[37m[22mms[0m[39m
[1m[31m[39m[22m
[1m[31m[0m[36m./libs/users/users/data-access/src/lib/+state/users.reducer.ts[39m[31m[0m:[0m[93m43:3-48[39m[31m[0m - [0m[91mError: [39m[31m[0mexport 'getUsersExcludeUserByIdFromStore' (imported as 'UsersActions') was not found in './users.actions' (possible exports: deleteUser, filterUsers, initUsers, loadUsersFailure, loadUsersSuccess)[39m[22m
[1m[31m[39m[22m
[1m[31m[0m[91mError: [39m[31m[0m[96mlibs/users/users/data-access/src/lib/+state/users.reducer.ts[0m:[93m64[0m:[93m19[0m - [91merror[0m[90m TS2339: [0mProperty 'getUsersExcludeUserByIdFromStore' does not exist on type 'typeof import("D:/\u0414\u0435\u043B\u0430.\u0420\u0430\u0431\u043E\u0442\u0430.\u0423\u0447\u0451\u0431\u0430/FrontEnd/\u041F\u0440\u0430\u043A\u0442\u0438\u043A\u0430 JS/Angular/Ilnur Ryazhapov/GitHub/UI-User-NX-NGRX/libs/users/users/data-access/src/lib/+state/users.actions")'.[39m[22m
[1m[31m[39m[22m
[1m[31m[7m64[0m   on(UsersActions.getUsersExcludeUserByIdFromStore, (state, { id }) => ([39m[22m
[1m[31m[7m  [0m [91m                  ~~~~~~~~~~~~~~~~~~~~~~~~~~~~~~~~[0m[39m[22m
[1m[31m[39m[22m
[1m[31m[39m[22m
[1m[31m[0m[91mError: [39m[31m[0m[96mlibs/users/users/feature-users-list/src/lib/users-list-container/users-list-container.component.ts[0m:[93m60[0m:[93m22[0m - [91merror[0m[90m TS2339: [0mProperty 'getUsersExcludeUserByIdFromStore' does not exist on type 'UsersFacade'.[39m[22m
[1m[31m[39m[22m
[1m[31m[7m60[0m     this.usersFacade.getUsersExcludeUserByIdFromStore(filterById);[39m[22m
[1m[31m[7m  [0m [91m                     ~~~~~~~~~~~~~~~~~~~~~~~~~~~~~~~~[0m[39m[22m
[1m[31m[39m[22m
[1m[31m[39m[22m
[1m[31m[39m[22m
[37m[39m
[37m[91mÃ—[39m[37m Failed to compile.[39m
[36mâ ‹[39m Generating browser application bundles...[2K[1G[36mâ ™[39m Generating browser application bundles (phase: building)...[2K[1G[36mâ ¹[39m Generating browser application bundles (phase: building)...[2K[1G[36mâ ¸[39m Generating browser application bundles (phase: building)...[2K[1G[36mâ ¼[39m Generating browser application bundles (phase: building)...[2K[1G[36mâ ´[39m Generating browser application bundles (phase: building)...[2K[1G[36mâ ¦[39m Generating browser application bundles (phase: building)...[2K[1G[36mâ §[39m Generating browser application bundles (phase: sealing)...[2K[1G[32mâœ”[39m Browser application bundle generation complete.
[37m[39m
[37m[0m[1mInitial Chunk Files[22m            [2m | [22m[1mNames[22m     [2m | [22m [1mRaw Size[22m[0m[39m
[37m[0m[92mruntime.js[39m[37m                     [2m | [22mruntime   [2m | [22m [96m12.62 kB[39m[37m[2m | [22m[0m[39m
[37m[0m[0m[39m
[37m[0m[1mLazy Chunk Files[22m               [2m | [22m[1mNames[22m     [2m | [22m [1mRaw Size[22m[0m[39m
[37m[0m[92mlibs_users_home_src_index_ts.js[39m[37m[2m | [22musers-home[2m | [22m[96m619.00 kB[39m[37m[2m | [22m[0m[39m
[37m[0m[0m[39m
[37m[0m4 unchanged chunks[0m[39m
[37m[0m[0m[39m
[37m[0mBuild at: [1m[37m2023-11-30T10:31:47.048Z[39m[37m[22m - Hash: [1m[37mc207f5df64c8a804[39m[37m[22m - Time: [1m[37m2425[39m[37m[22mms[0m[39m
[1m[31m[39m[22m
[1m[31m[0m[36m./libs/users/users/data-access/src/lib/+state/users.reducer.ts[39m[31m[0m:[0m[93m43:3-48[39m[31m[0m - [0m[91mError: [39m[31m[0mexport 'getUsersExcludeUserByIdFromStore' (imported as 'UsersActions') was not found in './users.actions' (possible exports: deleteUser, filterUsers, initUsers, loadUsersFailure, loadUsersSuccess)[39m[22m
[1m[31m[39m[22m
[1m[31m[0m[91mError: [39m[31m[0m[96mlibs/users/users/data-access/src/lib/+state/users.reducer.ts[0m:[93m64[0m:[93m19[0m - [91merror[0m[90m TS2339: [0mProperty 'getUsersExcludeUserByIdFromStore' does not exist on type 'typeof import("D:/\u0414\u0435\u043B\u0430.\u0420\u0430\u0431\u043E\u0442\u0430.\u0423\u0447\u0451\u0431\u0430/FrontEnd/\u041F\u0440\u0430\u043A\u0442\u0438\u043A\u0430 JS/Angular/Ilnur Ryazhapov/GitHub/UI-User-NX-NGRX/libs/users/users/data-access/src/lib/+state/users.actions")'.[39m[22m
[1m[31m[39m[22m
[1m[31m[7m64[0m   on(UsersActions.getUsersExcludeUserByIdFromStore, (state, { id }) => ([39m[22m
[1m[31m[7m  [0m [91m                  ~~~~~~~~~~~~~~~~~~~~~~~~~~~~~~~~[0m[39m[22m
[1m[31m[39m[22m
[1m[31m[39m[22m
[1m[31m[0m[91mError: [39m[31m[0m[96mlibs/users/users/feature-users-list/src/lib/users-list-container/users-list-container.component.ts[0m:[93m65[0m:[93m24[0m - [91merror[0m[90m TS2339: [0mProperty 'getUsersExcludeUserByIdFromStore' does not exist on type 'UsersFacade'.[39m[22m
[1m[31m[39m[22m
[1m[31m[7m65[0m       this.usersFacade.getUsersExcludeUserByIdFromStore(filterById);[39m[22m
[1m[31m[7m  [0m [91m                       ~~~~~~~~~~~~~~~~~~~~~~~~~~~~~~~~[0m[39m[22m
[1m[31m[39m[22m
[1m[31m[39m[22m
[1m[31m[39m[22m
[37m[39m
[37m[91mÃ—[39m[37m Failed to compile.[39m
[36mâ ‹[39m Generating browser application bundles...[2K[1G[36mâ ™[39m Generating browser application bundles (phase: building)...[2K[1G[36mâ ¹[39m Generating browser application bundles (phase: building)...[2K[1G[36mâ ¸[39m Generating browser application bundles (phase: sealing)...[2K[1G[32mâœ”[39m Browser application bundle generation complete.
[37m[39m
[37m[0m[1mInitial Chunk Files[22m            [2m | [22m[1mNames[22m     [2m | [22m [1mRaw Size[22m[0m[39m
[37m[0m[92mruntime.js[39m[37m                     [2m | [22mruntime   [2m | [22m [96m12.62 kB[39m[37m[2m | [22m[0m[39m
[37m[0m[0m[39m
[37m[0m[1mLazy Chunk Files[22m               [2m | [22m[1mNames[22m     [2m | [22m [1mRaw Size[22m[0m[39m
[37m[0m[92mlibs_users_home_src_index_ts.js[39m[37m[2m | [22musers-home[2m | [22m[96m618.98 kB[39m[37m[2m | [22m[0m[39m
[37m[0m[0m[39m
[37m[0m4 unchanged chunks[0m[39m
[37m[0m[0m[39m
[37m[0mBuild at: [1m[37m2023-11-30T10:32:26.890Z[39m[37m[22m - Hash: [1m[37mc8c14df4f7a3a27b[39m[37m[22m - Time: [1m[37m1282[39m[37m[22mms[0m[39m
[1m[31m[39m[22m
[1m[31m[0m[36m./libs/users/users/data-access/src/lib/+state/users.reducer.ts[39m[31m[0m:[0m[93m43:3-48[39m[31m[0m - [0m[91mError: [39m[31m[0mexport 'getUsersExcludeUserByIdFromStore' (imported as 'UsersActions') was not found in './users.actions' (possible exports: deleteUser, filterUsers, initUsers, loadUsersFailure, loadUsersSuccess)[39m[22m
[1m[31m[39m[22m
[1m[31m[0m[91mError: [39m[31m[0m[96mlibs/users/users/data-access/src/lib/+state/users.reducer.ts[0m:[93m64[0m:[93m19[0m - [91merror[0m[90m TS2339: [0mProperty 'getUsersExcludeUserByIdFromStore' does not exist on type 'typeof import("D:/\u0414\u0435\u043B\u0430.\u0420\u0430\u0431\u043E\u0442\u0430.\u0423\u0447\u0451\u0431\u0430/FrontEnd/\u041F\u0440\u0430\u043A\u0442\u0438\u043A\u0430 JS/Angular/Ilnur Ryazhapov/GitHub/UI-User-NX-NGRX/libs/users/users/data-access/src/lib/+state/users.actions")'.[39m[22m
[1m[31m[39m[22m
[1m[31m[7m64[0m   on(UsersActions.getUsersExcludeUserByIdFromStore, (state, { id }) => ([39m[22m
[1m[31m[7m  [0m [91m                  ~~~~~~~~~~~~~~~~~~~~~~~~~~~~~~~~[0m[39m[22m
[1m[31m[39m[22m
[1m[31m[39m[22m
[1m[31m[0m[91mError: [39m[31m[0m[96mlibs/users/users/feature-users-list/src/lib/users-list-container/users-list-container.component.ts[0m:[93m65[0m:[93m35[0m - [91merror[0m[90m TS2345: [0mArgument of type '{ id: number; }' is not assignable to parameter of type 'number'.[39m[22m
[1m[31m[39m[22m
[1m[31m[7m65[0m       this.usersFacade.deleteUser({ id });[39m[22m
[1m[31m[7m  [0m [91m                                  ~~~~~~[0m[39m[22m
[1m[31m[39m[22m
[1m[31m[39m[22m
[1m[31m[39m[22m
[37m[39m
[37m[91mÃ—[39m[37m Failed to compile.[39m
[36mâ ‹[39m Generating browser application bundles...[2K[1G[36mâ ™[39m Generating browser application bundles (phase: building)...[2K[1G[36mâ ¹[39m Generating browser application bundles (phase: building)...[2K[1G[36mâ ¸[39m Generating browser application bundles (phase: building)...[2K[1G[36mâ ¼[39m Generating browser application bundles (phase: building)...[2K[1G[36mâ ´[39m Generating browser application bundles (phase: sealing)...[2K[1G[32mâœ”[39m Browser application bundle generation complete.
[37m[39m
[37m[0m[1mInitial Chunk Files[22m            [2m | [22m[1mNames[22m     [2m | [22m [1mRaw Size[22m[0m[39m
[37m[0m[92mruntime.js[39m[37m                     [2m | [22mruntime   [2m | [22m [96m12.62 kB[39m[37m[2m | [22m[0m[39m
[37m[0m[0m[39m
[37m[0m[1mLazy Chunk Files[22m               [2m | [22m[1mNames[22m     [2m | [22m [1mRaw Size[22m[0m[39m
[37m[0m[92mlibs_users_home_src_index_ts.js[39m[37m[2m | [22musers-home[2m | [22m[96m618.96 kB[39m[37m[2m | [22m[0m[39m
[37m[0m[0m[39m
[37m[0m4 unchanged chunks[0m[39m
[37m[0m[0m[39m
[37m[0mBuild at: [1m[37m2023-11-30T10:32:36.998Z[39m[37m[22m - Hash: [1m[37m010904e4a85661c8[39m[37m[22m - Time: [1m[37m1348[39m[37m[22mms[0m[39m
[1m[31m[39m[22m
[1m[31m[0m[36m./libs/users/users/data-access/src/lib/+state/users.reducer.ts[39m[31m[0m:[0m[93m43:3-48[39m[31m[0m - [0m[91mError: [39m[31m[0mexport 'getUsersExcludeUserByIdFromStore' (imported as 'UsersActions') was not found in './users.actions' (possible exports: deleteUser, filterUsers, initUsers, loadUsersFailure, loadUsersSuccess)[39m[22m
[1m[31m[39m[22m
[1m[31m[0m[91mError: [39m[31m[0m[96mlibs/users/users/data-access/src/lib/+state/users.reducer.ts[0m:[93m64[0m:[93m19[0m - [91merror[0m[90m TS2339: [0mProperty 'getUsersExcludeUserByIdFromStore' does not exist on type 'typeof import("D:/\u0414\u0435\u043B\u0430.\u0420\u0430\u0431\u043E\u0442\u0430.\u0423\u0447\u0451\u0431\u0430/FrontEnd/\u041F\u0440\u0430\u043A\u0442\u0438\u043A\u0430 JS/Angular/Ilnur Ryazhapov/GitHub/UI-User-NX-NGRX/libs/users/users/data-access/src/lib/+state/users.actions")'.[39m[22m
[1m[31m[39m[22m
[1m[31m[7m64[0m   on(UsersActions.getUsersExcludeUserByIdFromStore, (state, { id }) => ([39m[22m
[1m[31m[7m  [0m [91m                  ~~~~~~~~~~~~~~~~~~~~~~~~~~~~~~~~[0m[39m[22m
[1m[31m[39m[22m
[1m[31m[39m[22m
[1m[31m[39m[22m
[37m[39m
[37m[91mÃ—[39m[37m Failed to compile.[39m
[36mâ ‹[39m Generating browser application bundles...[2K[1G[36mâ ™[39m Generating browser application bundles (phase: building)...[2K[1G[36mâ ¹[39m Generating browser application bundles (phase: building)...[2K[1G[36mâ ¸[39m Generating browser application bundles (phase: building)...[2K[1G[36mâ ¼[39m Generating browser application bundles (phase: building)...[2K[1G[36mâ ´[39m Generating browser application bundles (phase: building)...[2K[1G[36mâ ¦[39m Generating browser application bundles (phase: building)...[2K[1G[36mâ §[39m Generating browser application bundles (phase: building)...[2K[1G[36mâ ‡[39m Generating browser application bundles (phase: building)...[2K[1G[36mâ [39m Generating browser application bundles (phase: sealing)...[2K[1G[32mâœ”[39m Browser application bundle generation complete.
[37m[39m
[37m[0m[1mInitial Chunk Files[22m[2m | [22m[1mNames[22m  [2m | [22m[1mRaw Size[22m[0m[39m
[37m[0m[92mmain.js[39m[37m            [2m | [22mmain   [2m | [22m[96m39.26 kB[39m[37m[2m | [22m[0m[39m
[37m[0m[92mruntime.js[39m[37m         [2m | [22mruntime[2m | [22m[96m12.62 kB[39m[37m[2m | [22m[0m[39m
[37m[0m[0m[39m
[37m[0m4 unchanged chunks[0m[39m
[37m[0m[0m[39m
[37m[0mBuild at: [1m[37m2023-11-30T10:33:07.480Z[39m[37m[22m - Hash: [1m[37mcd48c68de3e0bf5a[39m[37m[22m - Time: [1m[37m2322[39m[37m[22mms[0m[39m
[1m[31m[39m[22m
[1m[31m[0m[91mError: [39m[31m[0m[96mlibs/users/users/data-access/src/lib/+state/users.actions.ts[0m:[93m3[0m:[93m23[0m - [91merror[0m[90m TS2305: [0mModule '"./users.reducer"' has no exported member 'UserID'.[39m[22m
[1m[31m[39m[22m
[1m[31m[7m3[0m import { UsersFilter, UserID } from './users.reducer';[39m[22m
[1m[31m[7m [0m [91m                      ~~~~~~[0m[39m[22m
[1m[31m[39m[22m
[1m[31m[39m[22m
[1m[31m[0m[91mError: [39m[31m[0m[96mlibs/users/users/data-access/src/lib/+state/users.facade.ts[0m:[93m6[0m:[93m23[0m - [91merror[0m[90m TS2305: [0mModule '"./users.reducer"' has no exported member 'UserID'.[39m[22m
[1m[31m[39m[22m
[1m[31m[7m6[0m import { UsersFilter, UserID } from './users.reducer';[39m[22m
[1m[31m[7m [0m [91m                      ~~~~~~[0m[39m[22m
[1m[31m[39m[22m
[1m[31m[39m[22m
[1m[31m[0m[91mError: [39m[31m[0m[96mlibs/users/users/feature-users-list/src/lib/users-list-container/users-list-container.component.ts[0m:[93m17[0m:[93m36[0m - [91merror[0m[90m TS2305: [0mModule '"@users/users/data-access"' has no exported member 'UserID'.[39m[22m
[1m[31m[39m[22m
[1m[31m[7m17[0m import { UsersFacade, UsersFilter, UserID } from '@users/users/data-access';[39m[22m
[1m[31m[7m  [0m [91m                                   ~~~~~~[0m[39m[22m
[1m[31m[39m[22m
[1m[31m[39m[22m
[1m[31m[39m[22m
[37m[39m
[37m[91mÃ—[39m[37m Failed to compile.[39m
[36mâ ‹[39m Generating browser application bundles...[2K[1G[36mâ ™[39m Generating browser application bundles (phase: building)...[2K[1G[36mâ ¹[39m Generating browser application bundles (phase: building)...[2K[1G[36mâ ¸[39m Generating browser application bundles (phase: building)...[2K[1G[36mâ ¼[39m Generating browser application bundles (phase: building)...[2K[1G[36mâ ´[39m Generating browser application bundles (phase: sealing)...[2K[1G[32mâœ”[39m Browser application bundle generation complete.
[37m[39m
[37m[0m[1mInitial Chunk Files[22m            [2m | [22m[1mNames[22m     [2m | [22m [1mRaw Size[22m[0m[39m
[37m[0m[92mruntime.js[39m[37m                     [2m | [22mruntime   [2m | [22m [96m12.62 kB[39m[37m[2m | [22m[0m[39m
[37m[0m[0m[39m
[37m[0m[1mLazy Chunk Files[22m               [2m | [22m[1mNames[22m     [2m | [22m [1mRaw Size[22m[0m[39m
[37m[0m[92mlibs_users_home_src_index_ts.js[39m[37m[2m | [22musers-home[2m | [22m[96m618.96 kB[39m[37m[2m | [22m[0m[39m
[37m[0m[0m[39m
[37m[0m4 unchanged chunks[0m[39m
[37m[0m[0m[39m
[37m[0mBuild at: [1m[37m2023-11-30T10:33:17.678Z[39m[37m[22m - Hash: [1m[37m0ffbe160e69ebc2b[39m[37m[22m - Time: [1m[37m1358[39m[37m[22mms[0m[39m
[1m[31m[39m[22m
[1m[31m[0m[91mError: [39m[31m[0m[96mlibs/users/users/data-access/src/lib/+state/users.actions.ts[0m:[93m3[0m:[93m23[0m - [91merror[0m[90m TS2305: [0mModule '"./users.reducer"' has no exported member 'UserID'.[39m[22m
[1m[31m[39m[22m
[1m[31m[7m3[0m import { UsersFilter, UserID } from './users.reducer';[39m[22m
[1m[31m[7m [0m [91m                      ~~~~~~[0m[39m[22m
[1m[31m[39m[22m
[1m[31m[39m[22m
[1m[31m[0m[91mError: [39m[31m[0m[96mlibs/users/users/data-access/src/lib/+state/users.facade.ts[0m:[93m6[0m:[93m23[0m - [91merror[0m[90m TS2305: [0mModule '"./users.reducer"' has no exported member 'UserID'.[39m[22m
[1m[31m[39m[22m
[1m[31m[7m6[0m import { UsersFilter, UserID } from './users.reducer';[39m[22m
[1m[31m[7m [0m [91m                      ~~~~~~[0m[39m[22m
[1m[31m[39m[22m
[1m[31m[39m[22m
[1m[31m[39m[22m
[37m[39m
[37m[91mÃ—[39m[37m Failed to compile.[39m
[36mâ ‹[39m Generating browser application bundles...[2K[1G[36mâ ™[39m Generating browser application bundles (phase: building)...[2K[1G[36mâ ¹[39m Generating browser application bundles (phase: building)...[2K[1G[36mâ ¸[39m Generating browser application bundles (phase: building)...[2K[1G[36mâ ¼[39m Generating browser application bundles (phase: sealing)...[2K[1G[32mâœ”[39m Browser application bundle generation complete.
[37m[39m
[37m[0m[1mInitial Chunk Files[22m[2m | [22m[1mNames[22m  [2m | [22m[1mRaw Size[22m[0m[39m
[37m[0m[92mmain.js[39m[37m            [2m | [22mmain   [2m | [22m[96m39.15 kB[39m[37m[2m | [22m[0m[39m
[37m[0m[92mruntime.js[39m[37m         [2m | [22mruntime[2m | [22m[96m12.62 kB[39m[37m[2m | [22m[0m[39m
[37m[0m[0m[39m
[37m[0m4 unchanged chunks[0m[39m
[37m[0m[0m[39m
[37m[0mBuild at: [1m[37m2023-11-30T10:33:31.904Z[39m[37m[22m - Hash: [1m[37mcc1595c26571b899[39m[37m[22m - Time: [1m[37m1135[39m[37m[22mms[0m[39m
[1m[31m[39m[22m
[1m[31m[0m[91mError: [39m[31m[0m[96mlibs/users/users/data-access/src/lib/+state/users.actions.ts[0m:[93m3[0m:[93m23[0m - [91merror[0m[90m TS2305: [0mModule '"./users.reducer"' has no exported member 'UserID'.[39m[22m
[1m[31m[39m[22m
[1m[31m[7m3[0m import { UsersFilter, UserID } from './users.reducer';[39m[22m
[1m[31m[7m [0m [91m                      ~~~~~~[0m[39m[22m
[1m[31m[39m[22m
[1m[31m[39m[22m
[1m[31m[39m[22m
[37m[39m
[37m[91mÃ—[39m[37m Failed to compile.[39m
[36mâ ‹[39m Generating browser application bundles...[2K[1G[36mâ ™[39m Generating browser application bundles (phase: building)...[2K[1G[36mâ ¹[39m Generating browser application bundles (phase: building)...[2K[1G[36mâ ¸[39m Generating browser application bundles (phase: building)...[2K[1G[36mâ ¼[39m Generating browser application bundles (phase: building)...[2K[1G[36mâ ´[39m Generating browser application bundles (phase: building)...[2K[1G[36mâ ¦[39m Generating browser application bundles (phase: building)...[2K[1G[36mâ §[39m Generating browser application bundles (phase: sealing)...[2K[1G[36mâ ‡[39m Generating browser application bundles (phase: sealing)...[2K[1G[36mâ [39m Generating browser application bundles (phase: emitting)...[2K[1G[32mâœ”[39m Browser application bundle generation complete.
[37m[39m
[37m[0m[1mInitial Chunk Files[22m[2m | [22m[1mNames[22m  [2m | [22m[1mRaw Size[22m[0m[39m
[37m[0m[92mmain.js[39m[37m            [2m | [22mmain   [2m | [22m[96m39.15 kB[39m[37m[2m | [22m[0m[39m
[37m[0m[92mruntime.js[39m[37m         [2m | [22mruntime[2m | [22m[96m12.62 kB[39m[37m[2m | [22m[0m[39m
[37m[0m[0m[39m
[37m[0m4 unchanged chunks[0m[39m
[37m[0m[0m[39m
[37m[0mBuild at: [1m[37m2023-11-30T10:34:02.967Z[39m[37m[22m - Hash: [1m[37m397622edabff8400[39m[37m[22m - Time: [1m[37m3368[39m[37m[22mms[0m[39m
[37m[39m
[37m[92mâˆš[39m[37m Compiled successfully.[39m
[36mâ ‹[39m Generating browser application bundles...[2K[1G[36mâ ™[39m Generating browser application bundles (phase: building)...[2K[1G[36mâ ¹[39m Generating browser application bundles (phase: building)...[2K[1G[36mâ ¸[39m Generating browser application bundles (phase: building)...[2K[1G[36mâ ¼[39m Generating browser application bundles (phase: building)...[2K[1G[36mâ ´[39m Generating browser application bundles (phase: building)...[2K[1G[36mâ ¦[39m Generating browser application bundles (phase: building)...[2K[1G[36mâ §[39m Generating browser application bundles (phase: building)...[2K[1G[36mâ ‡[39m Generating browser application bundles (phase: building)...[2K[1G[36mâ [39m Generating browser application bundles (phase: building)...[2K[1G[36mâ ‹[39m Generating browser application bundles (phase: building)...[2K[1G[36mâ ™[39m Generating browser application bundles (phase: sealing)...[2K[1G[36mâ ¹[39m Generating browser application bundles (phase: emitting)...[2K[1G[32mâœ”[39m Browser application bundle generation complete.
[37m[39m
[37m[0m[1mInitial Chunk Files[22m            [2m | [22m[1mNames[22m     [2m | [22m [1mRaw Size[22m[0m[39m
[37m[0m[92mruntime.js[39m[37m                     [2m | [22mruntime   [2m | [22m [96m12.62 kB[39m[37m[2m | [22m[0m[39m
[37m[0m[0m[39m
[37m[0m[1mLazy Chunk Files[22m               [2m | [22m[1mNames[22m     [2m | [22m [1mRaw Size[22m[0m[39m
[37m[0m[92mlibs_users_home_src_index_ts.js[39m[37m[2m | [22musers-home[2m | [22m[96m618.96 kB[39m[37m[2m | [22m[0m[39m
[37m[0m[0m[39m
[37m[0m4 unchanged chunks[0m[39m
[37m[0m[0m[39m
[37m[0mBuild at: [1m[37m2023-11-30T10:35:34.171Z[39m[37m[22m - Hash: [1m[37m6eee113857f2a0da[39m[37m[22m - Time: [1m[37m2581[39m[37m[22mms[0m[39m
[37m[39m
[37m[92mâˆš[39m[37m Compiled successfully.[39m
[36mâ ‹[39m Generating browser application bundles...[2K[1G[36mâ ™[39m Generating browser application bundles (phase: building)...[2K[1G[36mâ ¹[39m Generating browser application bundles (phase: building)...[2K[1G[36mâ ¸[39m Generating browser application bundles (phase: building)...[2K[1G[36mâ ¼[39m Generating browser application bundles (phase: sealing)...[2K[1G[36mâ ´[39m Generating browser application bundles (phase: emitting)...[2K[1G[32mâœ”[39m Browser application bundle generation complete.
[37m[39m
[37m[0m[1mInitial Chunk Files[22m[2m | [22m[1mNames[22m  [2m | [22m[1mRaw Size[22m[0m[39m
[37m[0m[92mmain.js[39m[37m            [2m | [22mmain   [2m | [22m[96m39.00 kB[39m[37m[2m | [22m[0m[39m
[37m[0m[92mruntime.js[39m[37m         [2m | [22mruntime[2m | [22m[96m12.62 kB[39m[37m[2m | [22m[0m[39m
[37m[0m[0m[39m
[37m[0m4 unchanged chunks[0m[39m
[37m[0m[0m[39m
[37m[0mBuild at: [1m[37m2023-11-30T10:36:16.801Z[39m[37m[22m - Hash: [1m[37mc514ffab8b72b101[39m[37m[22m - Time: [1m[37m1132[39m[37m[22mms[0m[39m
[37m[39m
[37m[92mâˆš[39m[37m Compiled successfully.[39m
[36mâ ‹[39m Generating browser application bundles...[2K[1G[36mâ ™[39m Generating browser application bundles (phase: building)...[2K[1G[36mâ ¹[39m Generating browser application bundles (phase: building)...[2K[1G[36mâ ¸[39m Generating browser application bundles (phase: building)...[2K[1G[36mâ ¼[39m Generating browser application bundles (phase: building)...[2K[1G[36mâ ´[39m Generating browser application bundles (phase: sealing)...[2K[1G[36mâ ¦[39m Generating browser application bundles (phase: emitting)...[2K[1G[32mâœ”[39m Browser application bundle generation complete.
[37m[39m
[37m[0m[1mInitial Chunk Files[22m[2m | [22m[1mNames[22m  [2m | [22m[1mRaw Size[22m[0m[39m
[37m[0m[92mmain.js[39m[37m            [2m | [22mmain   [2m | [22m[96m38.90 kB[39m[37m[2m | [22m[0m[39m
[37m[0m[92mruntime.js[39m[37m         [2m | [22mruntime[2m | [22m[96m12.62 kB[39m[37m[2m | [22m[0m[39m
[37m[0m[0m[39m
[37m[0m4 unchanged chunks[0m[39m
[37m[0m[0m[39m
[37m[0mBuild at: [1m[37m2023-11-30T10:36:34.730Z[39m[37m[22m - Hash: [1m[37m3bfc1773b57b76b7[39m[37m[22m - Time: [1m[37m1852[39m[37m[22mms[0m[39m
[37m[39m
[37m[92mâˆš[39m[37m Compiled successfully.[39m
[36mâ ‹[39m Generating browser application bundles...[2K[1G[36mâ ™[39m Generating browser application bundles (phase: building)...[2K[1G[36mâ ¹[39m Generating browser application bundles (phase: building)...[2K[1G[36mâ ¸[39m Generating browser application bundles (phase: building)...[2K[1G[36mâ ¼[39m Generating browser application bundles (phase: building)...[2K[1G[36mâ ´[39m Generating browser application bundles (phase: building)...[2K[1G[36mâ ¦[39m Generating browser application bundles (phase: sealing)...[2K[1G[36mâ §[39m Generating browser application bundles (phase: emitting)...[2K[1G[32mâœ”[39m Browser application bundle generation complete.
[37m[39m
[37m[0m[1mInitial Chunk Files[22m            [2m | [22m[1mNames[22m     [2m | [22m [1mRaw Size[22m[0m[39m
[37m[0m[92mruntime.js[39m[37m                     [2m | [22mruntime   [2m | [22m [96m12.62 kB[39m[37m[2m | [22m[0m[39m
[37m[0m[0m[39m
[37m[0m[1mLazy Chunk Files[22m               [2m | [22m[1mNames[22m     [2m | [22m [1mRaw Size[22m[0m[39m
[37m[0m[92mlibs_users_home_src_index_ts.js[39m[37m[2m | [22musers-home[2m | [22m[96m618.78 kB[39m[37m[2m | [22m[0m[39m
[37m[0m[0m[39m
[37m[0m4 unchanged chunks[0m[39m
[37m[0m[0m[39m
[37m[0mBuild at: [1m[37m2023-11-30T10:37:14.532Z[39m[37m[22m - Hash: [1m[37mc777e7e8c147e7ce[39m[37m[22m - Time: [1m[37m1432[39m[37m[22mms[0m[39m
[37m[39m
[37m[92mâˆš[39m[37m Compiled successfully.[39m
[36mâ ‹[39m Generating browser application bundles...[2K[1G[36mâ ™[39m Generating browser application bundles (phase: building)...[2K[1G[36mâ ¹[39m Generating browser application bundles (phase: building)...[2K[1G[36mâ ¸[39m Generating browser application bundles (phase: building)...[2K[1G[36mâ ¼[39m Generating browser application bundles (phase: building)...[2K[1G[36mâ ´[39m Generating browser application bundles (phase: building)...[2K[1G[36mâ ¦[39m Generating browser application bundles (phase: building)...[2K[1G[36mâ §[39m Generating browser application bundles (phase: building)...[2K[1G[36mâ ‡[39m Generating browser application bundles (phase: sealing)...[2K[1G[36mâ [39m Generating browser application bundles (phase: emitting)...[2K[1G[32mâœ”[39m Browser application bundle generation complete.
[37m[39m
[37m[0m[1mInitial Chunk Files[22m            [2m | [22m[1mNames[22m     [2m | [22m [1mRaw Size[22m[0m[39m
[37m[0m[92mruntime.js[39m[37m                     [2m | [22mruntime   [2m | [22m [96m12.62 kB[39m[37m[2m | [22m[0m[39m
[37m[0m[0m[39m
[37m[0m[1mLazy Chunk Files[22m               [2m | [22m[1mNames[22m     [2m | [22m [1mRaw Size[22m[0m[39m
[37m[0m[92mlibs_users_home_src_index_ts.js[39m[37m[2m | [22musers-home[2m | [22m[96m618.78 kB[39m[37m[2m | [22m[0m[39m
[37m[0m[0m[39m
[37m[0m4 unchanged chunks[0m[39m
[37m[0m[0m[39m
[37m[0mBuild at: [1m[37m2023-11-30T10:38:08.258Z[39m[37m[22m - Hash: [1m[37me84f24ea6da5f104[39m[37m[22m - Time: [1m[37m1779[39m[37m[22mms[0m[39m
[37m[39m
[37m[92mâˆš[39m[37m Compiled successfully.[39m
[36mâ ‹[39m Generating browser application bundles...[2K[1G[36mâ ™[39m Generating browser application bundles (phase: building)...[2K[1G[36mâ ¹[39m Generating browser application bundles (phase: building)...[2K[1G[36mâ ¸[39m Generating browser application bundles (phase: building)...[2K[1G[36mâ ¼[39m Generating browser application bundles (phase: sealing)...[2K[1G[36mâ ´[39m Generating browser application bundles (phase: emitting)...[2K[1G[32mâœ”[39m Browser application bundle generation complete.
[37m[39m
[37m[0m[1mInitial Chunk Files[22m            [2m | [22m[1mNames[22m     [2m | [22m [1mRaw Size[22m[0m[39m
[37m[0m[92mruntime.js[39m[37m                     [2m | [22mruntime   [2m | [22m [96m12.62 kB[39m[37m[2m | [22m[0m[39m
[37m[0m[0m[39m
[37m[0m[1mLazy Chunk Files[22m               [2m | [22m[1mNames[22m     [2m | [22m [1mRaw Size[22m[0m[39m
[37m[0m[92mlibs_users_home_src_index_ts.js[39m[37m[2m | [22musers-home[2m | [22m[96m618.78 kB[39m[37m[2m | [22m[0m[39m
[37m[0m[0m[39m
[37m[0m4 unchanged chunks[0m[39m
[37m[0m[0m[39m
[37m[0mBuild at: [1m[37m2023-11-30T10:38:26.956Z[39m[37m[22m - Hash: [1m[37m41eaf68040d2f96d[39m[37m[22m - Time: [1m[37m1666[39m[37m[22mms[0m[39m
[37m[39m
[37m[92mâˆš[39m[37m Compiled successfully.[39m
[36mâ ‹[39m Generating browser application bundles...[2K[1G[36mâ ™[39m Generating browser application bundles (phase: building)...[2K[1G[36mâ ¹[39m Generating browser application bundles (phase: building)...[2K[1G[36mâ ¸[39m Generating browser application bundles (phase: sealing)...[2K[1G[36mâ ¼[39m Generating browser application bundles (phase: emitting)...[2K[1G[32mâœ”[39m Browser application bundle generation complete.
[37m[39m
[37m[0m[1mInitial Chunk Files[22m            [2m | [22m[1mNames[22m     [2m | [22m [1mRaw Size[22m[0m[39m
[37m[0m[92mruntime.js[39m[37m                     [2m | [22mruntime   [2m | [22m [96m12.62 kB[39m[37m[2m | [22m[0m[39m
[37m[0m[0m[39m
[37m[0m[1mLazy Chunk Files[22m               [2m | [22m[1mNames[22m     [2m | [22m [1mRaw Size[22m[0m[39m
[37m[0m[92mlibs_users_home_src_index_ts.js[39m[37m[2m | [22musers-home[2m | [22m[96m618.78 kB[39m[37m[2m | [22m[0m[39m
[37m[0m[0m[39m
[37m[0m4 unchanged chunks[0m[39m
[37m[0m[0m[39m
[37m[0mBuild at: [1m[37m2023-11-30T10:39:07.042Z[39m[37m[22m - Hash: [1m[37m6529c2e34eed54fe[39m[37m[22m - Time: [1m[37m1332[39m[37m[22mms[0m[39m
[37m[39m
[37m[92mâˆš[39m[37m Compiled successfully.[39m
[36mâ ‹[39m Generating browser application bundles...[2K[1G[36mâ ™[39m Generating browser application bundles (phase: building)...[2K[1G[36mâ ¹[39m Generating browser application bundles (phase: building)...[2K[1G[36mâ ¸[39m Generating browser application bundles (phase: building)...[2K[1G[36mâ ¼[39m Generating browser application bundles (phase: building)...[2K[1G[36mâ ´[39m Generating browser application bundles (phase: sealing)...[2K[1G[36mâ ¦[39m Generating browser application bundles (phase: emitting)...[2K[1G[32mâœ”[39m Browser application bundle generation complete.
[37m[39m
[37m[0m[1mInitial Chunk Files[22m            [2m | [22m[1mNames[22m     [2m | [22m [1mRaw Size[22m[0m[39m
[37m[0m[92mruntime.js[39m[37m                     [2m | [22mruntime   [2m | [22m [96m12.62 kB[39m[37m[2m | [22m[0m[39m
[37m[0m[0m[39m
[37m[0m[1mLazy Chunk Files[22m               [2m | [22m[1mNames[22m     [2m | [22m [1mRaw Size[22m[0m[39m
[37m[0m[92mlibs_users_home_src_index_ts.js[39m[37m[2m | [22musers-home[2m | [22m[96m618.84 kB[39m[37m[2m | [22m[0m[39m
[37m[0m[0m[39m
[37m[0m4 unchanged chunks[0m[39m
[37m[0m[0m[39m
[37m[0mBuild at: [1m[37m2023-11-30T10:40:05.530Z[39m[37m[22m - Hash: [1m[37m5767247178096aa1[39m[37m[22m - Time: [1m[37m1768[39m[37m[22mms[0m[39m
[37m[39m
[37m[92mâˆš[39m[37m Compiled successfully.[39m
[36mâ ‹[39m Generating browser application bundles...[2K[1G[36mâ ™[39m Generating browser application bundles (phase: building)...[2K[1G[36mâ ¹[39m Generating browser application bundles (phase: building)...[2K[1G[36mâ ¸[39m Generating browser application bundles (phase: building)...[2K[1G[36mâ ¼[39m Generating browser application bundles (phase: sealing)...[2K[1G[36mâ ´[39m Generating browser application bundles (phase: emitting)...[2K[1G[32mâœ”[39m Browser application bundle generation complete.
[37m[39m
[37m[0m[1mInitial Chunk Files[22m            [2m | [22m[1mNames[22m     [2m | [22m [1mRaw Size[22m[0m[39m
[37m[0m[92mruntime.js[39m[37m                     [2m | [22mruntime   [2m | [22m [96m12.62 kB[39m[37m[2m | [22m[0m[39m
[37m[0m[0m[39m
[37m[0m[1mLazy Chunk Files[22m               [2m | [22m[1mNames[22m     [2m | [22m [1mRaw Size[22m[0m[39m
[37m[0m[92mlibs_users_home_src_index_ts.js[39m[37m[2m | [22musers-home[2m | [22m[96m618.85 kB[39m[37m[2m | [22m[0m[39m
[37m[0m[0m[39m
[37m[0m4 unchanged chunks[0m[39m
[37m[0m[0m[39m
[37m[0mBuild at: [1m[37m2023-11-30T10:41:14.083Z[39m[37m[22m - Hash: [1m[37mc672b70d0a53c291[39m[37m[22m - Time: [1m[37m1477[39m[37m[22mms[0m[39m
[37m[39m
[37m[92mâˆš[39m[37m Compiled successfully.[39m
[36mâ ‹[39m Generating browser application bundles...[2K[1G[36mâ ™[39m Generating browser application bundles (phase: building)...[2K[1G[36mâ ¹[39m Generating browser application bundles (phase: building)...[2K[1G[36mâ ¸[39m Generating browser application bundles (phase: building)...[2K[1G[36mâ ¼[39m Generating browser application bundles (phase: sealing)...[2K[1G[36mâ ´[39m Generating browser application bundles (phase: emitting)...[2K[1G[32mâœ”[39m Browser application bundle generation complete.
[37m[39m
[37m[0m[1mInitial Chunk Files[22m            [2m | [22m[1mNames[22m     [2m | [22m [1mRaw Size[22m[0m[39m
[37m[0m[92mruntime.js[39m[37m                     [2m | [22mruntime   [2m | [22m [96m12.62 kB[39m[37m[2m | [22m[0m[39m
[37m[0m[0m[39m
[37m[0m[1mLazy Chunk Files[22m               [2m | [22m[1mNames[22m     [2m | [22m [1mRaw Size[22m[0m[39m
[37m[0m[92mlibs_users_home_src_index_ts.js[39m[37m[2m | [22musers-home[2m | [22m[96m618.85 kB[39m[37m[2m | [22m[0m[39m
[37m[0m[0m[39m
[37m[0m4 unchanged chunks[0m[39m
[37m[0m[0m[39m
[37m[0mBuild at: [1m[37m2023-11-30T10:41:39.242Z[39m[37m[22m - Hash: [1m[37mc42d3c57785fe1ae[39m[37m[22m - Time: [1m[37m1211[39m[37m[22mms[0m[39m
[37m[39m
[37m[92mâˆš[39m[37m Compiled successfully.[39m
[36mâ ‹[39m Generating browser application bundles...[2K[1G[36mâ ™[39m Generating browser application bundles (phase: building)...[2K[1G[36mâ ¹[39m Generating browser application bundles (phase: building)...[2K[1G[36mâ ¸[39m Generating browser application bundles (phase: building)...[2K[1G[36mâ ¼[39m Generating browser application bundles (phase: building)...[2K[1G[36mâ ´[39m Generating browser application bundles (phase: building)...[2K[1G[36mâ ¦[39m Generating browser application bundles (phase: building)...[2K[1G[36mâ §[39m Generating browser application bundles (phase: building)...[2K[1G[36mâ ‡[39m Generating browser application bundles (phase: building)...[2K[1G[36mâ [39m Generating browser application bundles (phase: sealing)...[2K[1G[36mâ ‹[39m Generating browser application bundles (phase: emitting)...[2K[1G[32mâœ”[39m Browser application bundle generation complete.
[37m[39m
[37m[0m[1mInitial Chunk Files[22m[2m | [22m[1mNames[22m  [2m | [22m[1mRaw Size[22m[0m[39m
[37m[0m[92mmain.js[39m[37m            [2m | [22mmain   [2m | [22m[96m38.91 kB[39m[37m[2m | [22m[0m[39m
[37m[0m[92mruntime.js[39m[37m         [2m | [22mruntime[2m | [22m[96m12.62 kB[39m[37m[2m | [22m[0m[39m
[37m[0m[0m[39m
[37m[0m4 unchanged chunks[0m[39m
[37m[0m[0m[39m
[37m[0mBuild at: [1m[37m2023-11-30T10:45:53.293Z[39m[37m[22m - Hash: [1m[37m1d48614763b87923[39m[37m[22m - Time: [1m[37m1717[39m[37m[22mms[0m[39m
[37m[39m
[37m[92mâˆš[39m[37m Compiled successfully.[39m
[36mâ ‹[39m Generating browser application bundles...[2K[1G[36mâ ™[39m Generating browser application bundles (phase: building)...[2K[1G[36mâ ¹[39m Generating browser application bundles (phase: building)...[2K[1G[36mâ ¸[39m Generating browser application bundles (phase: sealing)...[2K[1G[36mâ ¼[39m Generating browser application bundles (phase: emitting)...[2K[1G[32mâœ”[39m Browser application bundle generation complete.
[37m[39m
[37m[0m[1mInitial Chunk Files[22m[2m | [22m[1mNames[22m  [2m | [22m[1mRaw Size[22m[0m[39m
[37m[0m[92mmain.js[39m[37m            [2m | [22mmain   [2m | [22m[96m38.76 kB[39m[37m[2m | [22m[0m[39m
[37m[0m[92mruntime.js[39m[37m         [2m | [22mruntime[2m | [22m[96m12.62 kB[39m[37m[2m | [22m[0m[39m
[37m[0m[0m[39m
[37m[0m4 unchanged chunks[0m[39m
[37m[0m[0m[39m
[37m[0mBuild at: [1m[37m2023-11-30T10:46:31.184Z[39m[37m[22m - Hash: [1m[37m1b4bfa64ef4de91e[39m[37m[22m - Time: [1m[37m1072[39m[37m[22mms[0m[39m
[37m[39m
[37m[92mâˆš[39m[37m Compiled successfully.[39m
[36mâ ‹[39m Generating browser application bundles...[2K[1G[36mâ ™[39m Generating browser application bundles (phase: building)...[2K[1G[36mâ ¹[39m Generating browser application bundles (phase: building)...[2K[1G[36mâ ¸[39m Generating browser application bundles (phase: building)...[2K[1G[36mâ ¼[39m Generating browser application bundles (phase: building)...[2K[1G[36mâ ´[39m Generating browser application bundles (phase: building)...[2K[1G[36mâ ¦[39m Generating browser application bundles (phase: sealing)...[2K[1G[36mâ §[39m Generating browser application bundles (phase: emitting)...[2K[1G[32mâœ”[39m Browser application bundle generation complete.
[37m[39m
[37m[0m[1mInitial Chunk Files[22m            [2m | [22m[1mNames[22m     [2m | [22m [1mRaw Size[22m[0m[39m
[37m[0m[92mmain.js[39m[37m                        [2m | [22mmain      [2m | [22m [96m38.29 kB[39m[37m[2m | [22m[0m[39m
[37m[0m[92mruntime.js[39m[37m                     [2m | [22mruntime   [2m | [22m [96m12.62 kB[39m[37m[2m | [22m[0m[39m
[37m[0m[0m[39m
[37m[0m[1mLazy Chunk Files[22m               [2m | [22m[1mNames[22m     [2m | [22m [1mRaw Size[22m[0m[39m
[37m[0m[92mlibs_users_home_src_index_ts.js[39m[37m[2m | [22musers-home[2m | [22m[96m618.85 kB[39m[37m[2m | [22m[0m[39m
[37m[0m[0m[39m
[37m[0m3 unchanged chunks[0m[39m
[37m[0m[0m[39m
[37m[0mBuild at: [1m[37m2023-11-30T10:47:37.743Z[39m[37m[22m - Hash: [1m[37m03485d82f3632bf9[39m[37m[22m - Time: [1m[37m1884[39m[37m[22mms[0m[39m
[37m[39m
[37m[92mâˆš[39m[37m Compiled successfully.[39m
